#
# There is insufficient memory for the Java Runtime Environment to continue.
# Native memory allocation (malloc) failed to allocate 661376 bytes for Chunk::new
# Possible reasons:
#   The system is out of physical RAM or swap space
#   In 32 bit mode, the process size limit was hit
# Possible solutions:
#   Reduce memory load on the system
#   Increase physical memory or swap space
#   Check if swap backing store is full
#   Use 64 bit Java on a 64 bit OS
#   Decrease Java heap size (-Xmx/-Xms)
#   Decrease number of Java threads
#   Decrease Java thread stack sizes (-Xss)
#   Set larger code cache with -XX:ReservedCodeCacheSize=
# This output file may be truncated or incomplete.
#
#  Out of Memory Error (allocation.cpp:390), pid=1461372, tid=0x0000000000165628
#
# JRE version: Java(TM) SE Runtime Environment (8.0_131-b11) (build 1.8.0_131-b11)
# Java VM: Java HotSpot(TM) 64-Bit Server VM (25.131-b11 mixed mode windows-amd64 compressed oops)
# Failed to write core dump. Minidumps are not enabled by default on client versions of Windows
#

---------------  T H R E A D  ---------------

Current thread (0x00000000035ea800):  JavaThread "C2 CompilerThread0" daemon [_thread_in_native, id=1463848, stack(0x0000000020b90000,0x0000000020c90000)]

Stack: [0x0000000020b90000,0x0000000020c90000]
[error occurred during error reporting (printing stack bounds), id 0xc0000005]

Native frames: (J=compiled Java code, j=interpreted, Vv=VM code, C=native code)


Current CompileTask:
C2:  88598 6905       4       com.sun.tools.javac.jvm.ClassReader::sigToType (880 bytes)


---------------  P R O C E S S  ---------------

Java Threads: ( => current thread )
  0x0000000020664000 JavaThread "Monitor Ctrl-Break" daemon [_thread_in_native, id=1462068, stack(0x0000000021120000,0x0000000021220000)]
  0x00000000205f0000 JavaThread "Service Thread" daemon [_thread_blocked, id=1464252, stack(0x0000000020e90000,0x0000000020f90000)]
  0x00000000205ed000 JavaThread "C1 CompilerThread2" daemon [_thread_blocked, id=1462220, stack(0x0000000020d90000,0x0000000020e90000)]
  0x00000000035ee000 JavaThread "C2 CompilerThread1" daemon [_thread_in_native, id=1462232, stack(0x0000000020c90000,0x0000000020d90000)]
=>0x00000000035ea800 JavaThread "C2 CompilerThread0" daemon [_thread_in_native, id=1463848, stack(0x0000000020b90000,0x0000000020c90000)]
  0x000000001f1c2000 JavaThread "Attach Listener" daemon [_thread_blocked, id=1461920, stack(0x0000000020a90000,0x0000000020b90000)]
  0x000000001f1c1800 JavaThread "Signal Dispatcher" daemon [_thread_blocked, id=1459744, stack(0x0000000020990000,0x0000000020a90000)]
  0x00000000035e7800 JavaThread "Finalizer" daemon [_thread_blocked, id=1462916, stack(0x0000000020430000,0x0000000020530000)]
  0x00000000035e2000 JavaThread "Reference Handler" daemon [_thread_blocked, id=1464288, stack(0x0000000020330000,0x0000000020430000)]
  0x000000000193d800 JavaThread "main" [_thread_in_native, id=1394388, stack(0x0000000003090000,0x0000000003190000)]

Other Threads:
  0x000000001f177800 VMThread [stack: 0x0000000020230000,0x0000000020330000] [id=1460808]
  0x000000002063e800 WatcherThread [stack: 0x0000000020f90000,0x0000000021090000] [id=1463472]

VM state:not at safepoint (normal execution)

VM Mutex/Monitor currently owned by a thread: None

Heap:
 PSYoungGen      total 674816K, used 371451K [0x0000000755d80000, 0x0000000783100000, 0x00000007c0000000)
  eden space 617472K, 55% used [0x0000000755d80000,0x000000076af227f8,0x000000077b880000)
  from space 57344K, 44% used [0x000000077f080000,0x000000078099c710,0x0000000782880000)
  to   space 57344K, 0% used [0x000000077b880000,0x000000077b880000,0x000000077f080000)
 ParOldGen       total 379392K, used 234893K [0x0000000681800000, 0x0000000698a80000, 0x0000000755d80000)
  object space 379392K, 61% used [0x0000000681800000,0x000000068fd63458,0x0000000698a80000)
 Metaspace       used 24884K, capacity 25594K, committed 25856K, reserved 1073152K
  class space    used 2812K, capacity 3021K, committed 3072K, reserved 1048576K

Card table byte_map: [0x00000000129b0000,0x00000000133b0000] byte_map_base: 0x000000000f5a4000

Marking Bits: (ParMarkBitMap*) 0x0000000076b9c720
 Begin Bits: [0x0000000013e60000, 0x0000000018e00000)
 End Bits:   [0x0000000018e00000, 0x000000001dda0000)

Polling page: 0x00000000018c0000

CodeCache: size=245760Kb used=23120Kb max_used=23781Kb free=222639Kb
 bounds [0x00000000035f0000, 0x0000000004d50000, 0x00000000125f0000]
 total_blobs=5859 nmethods=5472 adapters=299
 compilation: enabled

Compilation events (10 events):
Event: 88.110 Thread 0x00000000035ea800 nmethod 6900 0x00000000046128d0 code [0x0000000004612b60, 0x0000000004614188]
Event: 88.190 Thread 0x00000000035ee000 6903       4       com.sun.tools.javac.comp.Attr::visitSelect (1224 bytes)
Event: 88.245 Thread 0x00000000035ee000 nmethod 6903 0x00000000043ce490 code [0x00000000043ce980, 0x00000000043d0e48]
Event: 88.372 Thread 0x00000000205ed000 6904       3       com.sun.tools.javac.code.Type$WildcardType::<init> (27 bytes)
Event: 88.372 Thread 0x00000000205ed000 nmethod 6904 0x0000000003c56690 code [0x0000000003c56820, 0x0000000003c56ca8]
Event: 88.425 Thread 0x00000000035ea800 6905       4       com.sun.tools.javac.jvm.ClassReader::sigToType (880 bytes)
Event: 88.527 Thread 0x00000000205ed000 6906       3       com.sun.tools.javac.tree.JCTree$JCNewArray::accept (6 bytes)
Event: 88.527 Thread 0x00000000205ed000 nmethod 6906 0x0000000003c1f490 code [0x0000000003c1f600, 0x0000000003c1f828]
Event: 88.527 Thread 0x00000000205ed000 6907       3       com.sun.tools.javac.comp.MemberEnter$InitTreeVisitor::visitApply (6 bytes)
Event: 88.528 Thread 0x00000000205ed000 nmethod 6907 0x0000000004299810 code [0x0000000004299960, 0x0000000004299ab0]

GC Heap History (10 events):
Event: 64.702 GC heap before
{Heap before GC invocations=20 (full 2):
 PSYoungGen      total 508928K, used 482208K [0x0000000755d80000, 0x000000077a800000, 0x00000007c0000000)
  eden space 458240K, 100% used [0x0000000755d80000,0x0000000771d00000,0x0000000771d00000)
  from space 50688K, 47% used [0x0000000771d00000,0x0000000773468370,0x0000000774e80000)
  to   space 48640K, 0% used [0x0000000777880000,0x0000000777880000,0x000000077a800000)
 ParOldGen       total 379392K, used 146562K [0x0000000681800000, 0x0000000698a80000, 0x0000000755d80000)
  object space 379392K, 38% used [0x0000000681800000,0x000000068a720aa8,0x0000000698a80000)
 Metaspace       used 24795K, capacity 25512K, committed 25600K, reserved 1071104K
  class space    used 2798K, capacity 3018K, committed 3072K, reserved 1048576K
Event: 64.781 GC heap after
Heap after GC invocations=20 (full 2):
 PSYoungGen      total 548352K, used 38481K [0x0000000755d80000, 0x000000077db00000, 0x00000007c0000000)
  eden space 499712K, 0% used [0x0000000755d80000,0x0000000755d80000,0x0000000774580000)
  from space 48640K, 79% used [0x0000000777880000,0x0000000779e14540,0x000000077a800000)
  to   space 52224K, 0% used [0x0000000774580000,0x0000000774580000,0x0000000777880000)
 ParOldGen       total 379392K, used 146562K [0x0000000681800000, 0x0000000698a80000, 0x0000000755d80000)
  object space 379392K, 38% used [0x0000000681800000,0x000000068a720aa8,0x0000000698a80000)
 Metaspace       used 24795K, capacity 25512K, committed 25600K, reserved 1071104K
  class space    used 2798K, capacity 3018K, committed 3072K, reserved 1048576K
}
Event: 66.475 GC heap before
{Heap before GC invocations=21 (full 2):
 PSYoungGen      total 548352K, used 538193K [0x0000000755d80000, 0x000000077db00000, 0x00000007c0000000)
  eden space 499712K, 100% used [0x0000000755d80000,0x0000000774580000,0x0000000774580000)
  from space 48640K, 79% used [0x0000000777880000,0x0000000779e14540,0x000000077a800000)
  to   space 52224K, 0% used [0x0000000774580000,0x0000000774580000,0x0000000777880000)
 ParOldGen       total 379392K, used 146562K [0x0000000681800000, 0x0000000698a80000, 0x0000000755d80000)
  object space 379392K, 38% used [0x0000000681800000,0x000000068a720aa8,0x0000000698a80000)
 Metaspace       used 24795K, capacity 25512K, committed 25600K, reserved 1071104K
  class space    used 2798K, capacity 3018K, committed 3072K, reserved 1048576K
Event: 66.642 GC heap after
Heap after GC invocations=21 (full 2):
 PSYoungGen      total 551936K, used 43793K [0x0000000755d80000, 0x0000000782880000, 0x00000007c0000000)
  eden space 499712K, 0% used [0x0000000755d80000,0x0000000755d80000,0x0000000774580000)
  from space 52224K, 83% used [0x0000000774580000,0x0000000777044560,0x0000000777880000)
  to   space 57344K, 0% used [0x000000077f080000,0x000000077f080000,0x0000000782880000)
 ParOldGen       total 379392K, used 156368K [0x0000000681800000, 0x0000000698a80000, 0x0000000755d80000)
  object space 379392K, 41% used [0x0000000681800000,0x000000068b0b4198,0x0000000698a80000)
 Metaspace       used 24795K, capacity 25512K, committed 25600K, reserved 1071104K
  class space    used 2798K, capacity 3018K, committed 3072K, reserved 1048576K
}
Event: 68.155 GC heap before
{Heap before GC invocations=22 (full 2):
 PSYoungGen      total 551936K, used 543505K [0x0000000755d80000, 0x0000000782880000, 0x00000007c0000000)
  eden space 499712K, 100% used [0x0000000755d80000,0x0000000774580000,0x0000000774580000)
  from space 52224K, 83% used [0x0000000774580000,0x0000000777044560,0x0000000777880000)
  to   space 57344K, 0% used [0x000000077f080000,0x000000077f080000,0x0000000782880000)
 ParOldGen       total 379392K, used 156368K [0x0000000681800000, 0x0000000698a80000, 0x0000000755d80000)
  object space 379392K, 41% used [0x0000000681800000,0x000000068b0b4198,0x0000000698a80000)
 Metaspace       used 24808K, capacity 25512K, committed 25600K, reserved 1071104K
  class space    used 2800K, capacity 3018K, committed 3072K, reserved 1048576K
Event: 68.288 GC heap after
Heap after GC invocations=22 (full 2):
 PSYoungGen      total 674816K, used 33889K [0x0000000755d80000, 0x0000000783100000, 0x00000007c0000000)
  eden space 617472K, 0% used [0x0000000755d80000,0x0000000755d80000,0x000000077b880000)
  from space 57344K, 59% used [0x000000077f080000,0x0000000781198490,0x0000000782880000)
  to   space 57344K, 0% used [0x000000077b880000,0x000000077b880000,0x000000077f080000)
 ParOldGen       total 379392K, used 182829K [0x0000000681800000, 0x0000000698a80000, 0x0000000755d80000)
  object space 379392K, 48% used [0x0000000681800000,0x000000068ca8b458,0x0000000698a80000)
 Metaspace       used 24808K, capacity 25512K, committed 25600K, reserved 1071104K
  class space    used 2800K, capacity 3018K, committed 3072K, reserved 1048576K
}
Event: 70.234 GC heap before
{Heap before GC invocations=23 (full 2):
 PSYoungGen      total 674816K, used 651361K [0x0000000755d80000, 0x0000000783100000, 0x00000007c0000000)
  eden space 617472K, 100% used [0x0000000755d80000,0x000000077b880000,0x000000077b880000)
  from space 57344K, 59% used [0x000000077f080000,0x0000000781198490,0x0000000782880000)
  to   space 57344K, 0% used [0x000000077b880000,0x000000077b880000,0x000000077f080000)
 ParOldGen       total 379392K, used 182829K [0x0000000681800000, 0x0000000698a80000, 0x0000000755d80000)
  object space 379392K, 48% used [0x0000000681800000,0x000000068ca8b458,0x0000000698a80000)
 Metaspace       used 24812K, capacity 25512K, committed 25600K, reserved 1071104K
  class space    used 2800K, capacity 3018K, committed 3072K, reserved 1048576K
Event: 70.366 GC heap after
Heap after GC invocations=23 (full 2):
 PSYoungGen      total 674816K, used 18544K [0x0000000755d80000, 0x0000000783100000, 0x00000007c0000000)
  eden space 617472K, 0% used [0x0000000755d80000,0x0000000755d80000,0x000000077b880000)
  from space 57344K, 32% used [0x000000077b880000,0x000000077ca9c290,0x000000077f080000)
  to   space 57344K, 0% used [0x000000077f080000,0x000000077f080000,0x0000000782880000)
 ParOldGen       total 379392K, used 216502K [0x0000000681800000, 0x0000000698a80000, 0x0000000755d80000)
  object space 379392K, 57% used [0x0000000681800000,0x000000068eb6d888,0x0000000698a80000)
 Metaspace       used 24812K, capacity 25512K, committed 25600K, reserved 1071104K
  class space    used 2800K, capacity 3018K, committed 3072K, reserved 1048576K
}
Event: 74.940 GC heap before
{Heap before GC invocations=24 (full 2):
 PSYoungGen      total 674816K, used 636016K [0x0000000755d80000, 0x0000000783100000, 0x00000007c0000000)
  eden space 617472K, 100% used [0x0000000755d80000,0x000000077b880000,0x000000077b880000)
  from space 57344K, 32% used [0x000000077b880000,0x000000077ca9c290,0x000000077f080000)
  to   space 57344K, 0% used [0x000000077f080000,0x000000077f080000,0x0000000782880000)
 ParOldGen       total 379392K, used 216502K [0x0000000681800000, 0x0000000698a80000, 0x0000000755d80000)
  object space 379392K, 57% used [0x0000000681800000,0x000000068eb6d888,0x0000000698a80000)
 Metaspace       used 24824K, capacity 25530K, committed 25600K, reserved 1071104K
  class space    used 2803K, capacity 3021K, committed 3072K, reserved 1048576K
Event: 75.038 GC heap after
Heap after GC invocations=24 (full 2):
 PSYoungGen      total 674816K, used 25713K [0x0000000755d80000, 0x0000000783100000, 0x00000007c0000000)
  eden space 617472K, 0% used [0x0000000755d80000,0x0000000755d80000,0x000000077b880000)
  from space 57344K, 44% used [0x000000077f080000,0x000000078099c710,0x0000000782880000)
  to   space 57344K, 0% used [0x000000077b880000,0x000000077b880000,0x000000077f080000)
 ParOldGen       total 379392K, used 234893K [0x0000000681800000, 0x0000000698a80000, 0x0000000755d80000)
  object space 379392K, 61% used [0x0000000681800000,0x000000068fd63458,0x0000000698a80000)
 Metaspace       used 24824K, capacity 25530K, committed 25600K, reserved 1071104K
  class space    used 2803K, capacity 3021K, committed 3072K, reserved 1048576K
}

Deoptimization events (10 events):
Event: 86.641 Thread 0x000000000193d800 Uncommon trap: reason=bimorphic action=maybe_recompile pc=0x0000000004cbce28 method=com.sun.tools.javac.tree.JCTree$JCBinary.accept(Lcom/sun/tools/javac/tree/JCTree$Visitor;)V @ 2
Event: 87.117 Thread 0x000000000193d800 Uncommon trap: reason=class_check action=maybe_recompile pc=0x0000000004858354 method=com.sun.tools.javac.comp.Check.checkUnique(Lcom/sun/tools/javac/util/JCDiagnostic$DiagnosticPosition;Lcom/sun/tools/javac/code/Symbol;Lcom/sun/tools/javac/code/Scope;)Z 
Event: 87.117 Thread 0x000000000193d800 Uncommon trap: reason=class_check action=maybe_recompile pc=0x0000000004858354 method=com.sun.tools.javac.comp.Check.checkUnique(Lcom/sun/tools/javac/util/JCDiagnostic$DiagnosticPosition;Lcom/sun/tools/javac/code/Symbol;Lcom/sun/tools/javac/code/Scope;)Z 
Event: 87.462 Thread 0x000000000193d800 Uncommon trap: reason=class_check action=maybe_recompile pc=0x0000000004858354 method=com.sun.tools.javac.comp.Check.checkUnique(Lcom/sun/tools/javac/util/JCDiagnostic$DiagnosticPosition;Lcom/sun/tools/javac/code/Symbol;Lcom/sun/tools/javac/code/Scope;)Z 
Event: 87.735 Thread 0x000000000193d800 Uncommon trap: reason=bimorphic action=maybe_recompile pc=0x0000000004cbce28 method=com.sun.tools.javac.tree.JCTree$JCBinary.accept(Lcom/sun/tools/javac/tree/JCTree$Visitor;)V @ 2
Event: 87.735 Thread 0x000000000193d800 Uncommon trap: reason=bimorphic action=maybe_recompile pc=0x0000000004cbce28 method=com.sun.tools.javac.tree.JCTree$JCBinary.accept(Lcom/sun/tools/javac/tree/JCTree$Visitor;)V @ 2
Event: 87.735 Thread 0x000000000193d800 Uncommon trap: reason=bimorphic action=maybe_recompile pc=0x0000000004cbce28 method=com.sun.tools.javac.tree.JCTree$JCBinary.accept(Lcom/sun/tools/javac/tree/JCTree$Visitor;)V @ 2
Event: 87.970 Thread 0x000000000193d800 Uncommon trap: reason=class_check action=maybe_recompile pc=0x0000000004858354 method=com.sun.tools.javac.comp.Check.checkUnique(Lcom/sun/tools/javac/util/JCDiagnostic$DiagnosticPosition;Lcom/sun/tools/javac/code/Symbol;Lcom/sun/tools/javac/code/Scope;)Z 
Event: 88.032 Thread 0x000000000193d800 Uncommon trap: reason=unstable_if action=reinterpret pc=0x0000000003746e10 method=com.sun.tools.javac.comp.Attr.visitSelect(Lcom/sun/tools/javac/tree/JCTree$JCFieldAccess;)V @ 853
Event: 88.425 Thread 0x000000000193d800 Uncommon trap: reason=class_check action=maybe_recompile pc=0x00000000046cb8c0 method=com.sun.tools.javac.jvm.ClassReader.sigToType()Lcom/sun/tools/javac/code/Type; @ 741

Internal exceptions (10 events):
Event: 40.420 Thread 0x000000000193d800 Exception <a 'java/io/FileNotFoundException'> (0x0000000755ed9d00) thrown at [C:\re\workspace\8-2-build-windows-amd64-cygwin\jdk8u131\8869\hotspot\src\share\vm\prims\jni.cpp, line 709]
Event: 45.564 Thread 0x000000000193d800 Exception <a 'java/io/FileNotFoundException'> (0x00000007591b34d8) thrown at [C:\re\workspace\8-2-build-windows-amd64-cygwin\jdk8u131\8869\hotspot\src\share\vm\prims\jni.cpp, line 709]
Event: 46.081 Thread 0x000000000193d800 Implicit null exception at 0x0000000003c6ce73 to 0x0000000003c6d2b9
Event: 46.161 Thread 0x000000000193d800 Implicit null exception at 0x0000000003c0eb95 to 0x0000000003c0edb1
Event: 46.488 Thread 0x000000000193d800 Implicit null exception at 0x00000000046c297c to 0x00000000046c2cf9
Event: 55.186 Thread 0x000000000193d800 Implicit null exception at 0x00000000041603b0 to 0x000000000416201d
Event: 55.186 Thread 0x000000000193d800 Implicit null exception at 0x0000000004802972 to 0x0000000004802e39
Event: 55.193 Thread 0x000000000193d800 Implicit null exception at 0x000000000415a070 to 0x000000000415a09d
Event: 76.207 Thread 0x000000000193d800 Implicit null exception at 0x00000000046a5131 to 0x00000000046a5635
Event: 86.149 Thread 0x000000000193d800 Implicit null exception at 0x00000000048472bf to 0x000000000484758d

Events (10 events):
Event: 87.735 Thread 0x000000000193d800 DEOPT UNPACKING pc=0x000000000363582a sp=0x000000000318ccc0 mode 2
Event: 87.970 Thread 0x000000000193d800 Uncommon trap: trap_request=0xffffffde fr.pc=0x0000000004858354
Event: 87.970 Thread 0x000000000193d800 DEOPT PACKING pc=0x0000000004858354 sp=0x000000000318cc70
Event: 87.970 Thread 0x000000000193d800 DEOPT UNPACKING pc=0x000000000363582a sp=0x000000000318cc30 mode 2
Event: 88.032 Thread 0x000000000193d800 Uncommon trap: trap_request=0xffffff65 fr.pc=0x0000000003746e10
Event: 88.032 Thread 0x000000000193d800 DEOPT PACKING pc=0x0000000003746e10 sp=0x000000000318cbd0
Event: 88.032 Thread 0x000000000193d800 DEOPT UNPACKING pc=0x000000000363582a sp=0x000000000318cbf0 mode 2
Event: 88.425 Thread 0x000000000193d800 Uncommon trap: trap_request=0xffffffde fr.pc=0x00000000046cb8c0
Event: 88.425 Thread 0x000000000193d800 DEOPT PACKING pc=0x00000000046cb8c0 sp=0x000000000318c3c0
Event: 88.425 Thread 0x000000000193d800 DEOPT UNPACKING pc=0x000000000363582a sp=0x000000000318c378 mode 2


Dynamic libraries:
0x00007ff7663c0000 - 0x00007ff7663f7000 	C:\Program Files\Java\jdk1.8.0_131\bin\java.exe
0x00007ff927de0000 - 0x00007ff927fb2000 	C:\Windows\SYSTEM32\ntdll.dll
0x00007ff925600000 - 0x00007ff9256ac000 	C:\Windows\System32\KERNEL32.DLL
0x00007ff924440000 - 0x00007ff92465d000 	C:\Windows\System32\KERNELBASE.dll
0x00007ff925370000 - 0x00007ff925412000 	C:\Windows\System32\ADVAPI32.dll
0x00007ff926830000 - 0x00007ff9268ce000 	C:\Windows\System32\msvcrt.dll
0x00007ff925ca0000 - 0x00007ff925cf9000 	C:\Windows\System32\sechost.dll
0x00007ff9261c0000 - 0x00007ff9262e1000 	C:\Windows\System32\RPCRT4.dll
0x00007ff925fd0000 - 0x00007ff926135000 	C:\Windows\System32\USER32.dll
0x00007ff9247e0000 - 0x00007ff9247fe000 	C:\Windows\System32\win32u.dll
0x00007ff925420000 - 0x00007ff925454000 	C:\Windows\System32\GDI32.dll
0x00007ff924660000 - 0x00007ff9247e0000 	C:\Windows\System32\gdi32full.dll
0x00007ff9172e0000 - 0x00007ff91755a000 	C:\Windows\WinSxS\amd64_microsoft.windows.common-controls_6595b64144ccf1df_6.0.14393.953_none_42151e83c686086b\COMCTL32.dll
0x00007ff925d00000 - 0x00007ff925fc8000 	C:\Windows\System32\combase.dll
0x00007ff925270000 - 0x00007ff925365000 	C:\Windows\System32\ucrtbase.dll
0x00007ff9242e0000 - 0x00007ff92434a000 	C:\Windows\System32\bcryptPrimitives.dll
0x00007ff925c60000 - 0x00007ff925c8e000 	C:\Windows\System32\IMM32.DLL
0x0000000077da0000 - 0x0000000077e72000 	C:\Program Files\Java\jdk1.8.0_131\jre\bin\msvcr100.dll
0x0000000076380000 - 0x0000000076c1c000 	C:\Program Files\Java\jdk1.8.0_131\jre\bin\server\jvm.dll
0x00007ff925c90000 - 0x00007ff925c98000 	C:\Windows\System32\PSAPI.DLL
0x00007ff91f120000 - 0x00007ff91f129000 	C:\Windows\SYSTEM32\WSOCK32.dll
0x00007ff926390000 - 0x00007ff9263fa000 	C:\Windows\System32\WS2_32.dll
0x00007ff9221c0000 - 0x00007ff9221e3000 	C:\Windows\SYSTEM32\WINMM.dll
0x00007ff919bd0000 - 0x00007ff919bda000 	C:\Windows\SYSTEM32\VERSION.dll
0x00007ff922190000 - 0x00007ff9221bb000 	C:\Windows\SYSTEM32\WINMMBASE.dll
0x00007ff9243f0000 - 0x00007ff924432000 	C:\Windows\System32\cfgmgr32.dll
0x0000000077d90000 - 0x0000000077d9f000 	C:\Program Files\Java\jdk1.8.0_131\jre\bin\verify.dll
0x0000000077d60000 - 0x0000000077d89000 	C:\Program Files\Java\jdk1.8.0_131\jre\bin\java.dll
0x0000000077cf0000 - 0x0000000077d06000 	C:\Program Files\Java\jdk1.8.0_131\jre\bin\zip.dll
0x00007ff9268d0000 - 0x00007ff927dd8000 	C:\Windows\System32\SHELL32.dll
0x00007ff924a80000 - 0x00007ff925158000 	C:\Windows\System32\windows.storage.dll
0x00007ff924280000 - 0x00007ff9242cc000 	C:\Windows\System32\powrprof.dll
0x00007ff925480000 - 0x00007ff9254d2000 	C:\Windows\System32\shlwapi.dll
0x00007ff924270000 - 0x00007ff92427f000 	C:\Windows\System32\kernel.appcore.dll
0x00007ff9251c0000 - 0x00007ff925269000 	C:\Windows\System32\shcore.dll
0x00007ff924250000 - 0x00007ff924264000 	C:\Windows\System32\profapi.dll
0x00007ff9222b0000 - 0x00007ff9222c0000 	C:\Program Files (x86)\JetBrains\IntelliJ IDEA 2016.3.4\bin\breakgen64.dll
0x0000000077cc0000 - 0x0000000077cda000 	C:\Program Files\Java\jdk1.8.0_131\jre\bin\net.dll
0x00007ff923b50000 - 0x00007ff923bac000 	C:\Windows\system32\mswsock.dll
0x0000000077ca0000 - 0x0000000077cb1000 	C:\Program Files\Java\jdk1.8.0_131\jre\bin\nio.dll

VM Arguments:
jvm_args: -Dmaven.multiModuleProjectDirectory=E:\work\gofobao\apllo -Dmaven.home=D:\JAVA_ENV\apache-maven-3.3.9 -Dclassworlds.conf=D:\JAVA_ENV\apache-maven-3.3.9\bin\m2.conf -Didea.launcher.port=7532 -Didea.launcher.bin.path=C:\Program Files (x86)\JetBrains\IntelliJ IDEA 2016.3.4\bin -Dfile.encoding=UTF-8 
java_command: com.intellij.rt.execution.application.AppMain org.codehaus.classworlds.Launcher -Didea.version=2016.3.4 -DskipTests=true package
java_class_path (initial): D:\JAVA_ENV\apache-maven-3.3.9\boot\plexus-classworlds-2.5.2.jar;C:\Program Files (x86)\JetBrains\IntelliJ IDEA 2016.3.4\lib\idea_rt.jar
Launcher Type: SUN_STANDARD

Environment Variables:
JAVA_HOME=C:\Program Files\Java\jdk1.8.0_111
PATH=C:\ProgramData\Oracle\Java\javapath;C:\Windows\system32;C:\Windows;C:\Windows\System32\Wbem;C:\Windows\System32\WindowsPowerShell\v1.0\;C:\Program Files\Java\jdk1.8.0_111\bin;C:\Program Files\Java\jdk1.8.0_111\jre\bin;D:\JAVA_ENV\apache-maven-3.3.9\bin;C:\Program Files\Redis\;C:\Program Files\Git\cmd;C:\Program Files (x86)\GtkSharp\2.12\bin;C:\Users\Max\AppData\Local\Microsoft\WindowsApps;;C:\Program Files (x86)\Microsoft VS Code\bin
USERNAME=Max
OS=Windows_NT
PROCESSOR_IDENTIFIER=Intel64 Family 6 Model 60 Stepping 3, GenuineIntel



---------------  S Y S T E M  ---------------

OS: Windows 10.0 , 64 bit Build 14393 (10.0.14393.1198)

CPU:total 4 (initial active 4) (4 cores per cpu, 1 threads per core) family 6 model 60 stepping 3, cmov, cx8, fxsr, mmx, sse, sse2, sse3, ssse3, sse4.1, sse4.2, popcnt, avx, avx2, aes, clmul, erms, lzcnt, tsc, tscinvbit, bmi1, bmi2

Memory: 4k page, physical 20869072k(516924k free), swap 33976396k(4236k free)

vm_info: Java HotSpot(TM) 64-Bit Server VM (25.131-b11) for windows-amd64 JRE (1.8.0_131-b11), built on Mar 15 2017 01:23:53 by "java_re" with MS VC++ 10.0 (VS2010)

time: Wed Nov 29 14:57:16 2017
elapsed time: 88 seconds (0d 0h 1m 28s)

