#
# There is insufficient memory for the Java Runtime Environment to continue.
# Native memory allocation (malloc) failed to allocate 32744 bytes for ChunkPool::allocate
# Possible reasons:
#   The system is out of physical RAM or swap space
#   In 32 bit mode, the process size limit was hit
# Possible solutions:
#   Reduce memory load on the system
#   Increase physical memory or swap space
#   Check if swap backing store is full
#   Use 64 bit Java on a 64 bit OS
#   Decrease Java heap size (-Xmx/-Xms)
#   Decrease number of Java threads
#   Decrease Java thread stack sizes (-Xss)
#   Set larger code cache with -XX:ReservedCodeCacheSize=
# This output file may be truncated or incomplete.
#
#  Out of Memory Error (allocation.cpp:273), pid=1316140, tid=0x0000000000141588
#
# JRE version: Java(TM) SE Runtime Environment (8.0_131-b11) (build 1.8.0_131-b11)
# Java VM: Java HotSpot(TM) 64-Bit Server VM (25.131-b11 mixed mode windows-amd64 compressed oops)
# Failed to write core dump. Minidumps are not enabled by default on client versions of Windows
#

---------------  T H R E A D  ---------------

Current thread (0x000000001ebcd000):  JavaThread "C2 CompilerThread0" daemon [_thread_in_native, id=1316232, stack(0x0000000020580000,0x0000000020680000)]

Stack: [0x0000000020580000,0x0000000020680000]
[error occurred during error reporting (printing stack bounds), id 0xc0000005]

Native frames: (J=compiled Java code, j=interpreted, Vv=VM code, C=native code)


Current CompileTask:
C2: 104872 6189       4       java.lang.String::format (16 bytes)


---------------  P R O C E S S  ---------------

Java Threads: ( => current thread )
  0x000000002007d800 JavaThread "Monitor Ctrl-Break" daemon [_thread_in_native, id=1316252, stack(0x0000000020ac0000,0x0000000020bc0000)]
  0x0000000020001000 JavaThread "Service Thread" daemon [_thread_blocked, id=1316244, stack(0x0000000020880000,0x0000000020980000)]
  0x000000001ff8e000 JavaThread "C1 CompilerThread2" daemon [_thread_blocked, id=1316240, stack(0x0000000020780000,0x0000000020880000)]
  0x000000001ec1c800 JavaThread "C2 CompilerThread1" daemon [_thread_in_native, id=1316236, stack(0x0000000020680000,0x0000000020780000)]
=>0x000000001ebcd000 JavaThread "C2 CompilerThread0" daemon [_thread_in_native, id=1316232, stack(0x0000000020580000,0x0000000020680000)]
  0x000000001ebcc000 JavaThread "Attach Listener" daemon [_thread_blocked, id=1316228, stack(0x0000000020480000,0x0000000020580000)]
  0x000000001ff88800 JavaThread "Signal Dispatcher" daemon [_thread_blocked, id=1316224, stack(0x0000000020380000,0x0000000020480000)]
  0x000000001eba8800 JavaThread "Finalizer" daemon [_thread_blocked, id=1316220, stack(0x000000001fe20000,0x000000001ff20000)]
  0x0000000003061000 JavaThread "Reference Handler" daemon [_thread_blocked, id=1316216, stack(0x000000001fd20000,0x000000001fe20000)]
  0x0000000000e4d800 JavaThread "main" [_thread_in_Java, id=1316192, stack(0x0000000002e70000,0x0000000002f70000)]

Other Threads:
  0x000000001eb87000 VMThread [stack: 0x000000001fc20000,0x000000001fd20000] [id=1316212]
  0x0000000020055800 WatcherThread [stack: 0x0000000020980000,0x0000000020a80000] [id=1316248]

VM state:not at safepoint (normal execution)

VM Mutex/Monitor currently owned by a thread: None

Heap:
 PSYoungGen      total 196608K, used 121176K [0x0000000755d80000, 0x0000000765a00000, 0x00000007c0000000)
  eden space 147456K, 77% used [0x0000000755d80000,0x000000075cdbdeb8,0x000000075ed80000)
  from space 49152K, 12% used [0x000000075ed80000,0x000000075f398200,0x0000000761d80000)
  to   space 49152K, 0% used [0x0000000762a00000,0x0000000762a00000,0x0000000765a00000)
 ParOldGen       total 154112K, used 106676K [0x0000000681800000, 0x000000068ae80000, 0x0000000755d80000)
  object space 154112K, 69% used [0x0000000681800000,0x000000068802d300,0x000000068ae80000)
 Metaspace       used 24541K, capacity 25222K, committed 25344K, reserved 1071104K
  class space    used 2793K, capacity 3011K, committed 3072K, reserved 1048576K

Card table byte_map: [0x0000000012430000,0x0000000012e30000] byte_map_base: 0x000000000f024000

Marking Bits: (ParMarkBitMap*) 0x0000000076b9c720
 Begin Bits: [0x00000000138e0000, 0x0000000018880000)
 End Bits:   [0x0000000018880000, 0x000000001d820000)

Polling page: 0x0000000000e30000

CodeCache: size=245760Kb used=21629Kb max_used=21795Kb free=224130Kb
 bounds [0x0000000003070000, 0x00000000045e0000, 0x0000000012070000]
 total_blobs=5740 nmethods=5353 adapters=299
 compilation: enabled

Compilation events (10 events):
Event: 104.327 Thread 0x000000001ec1c800 nmethod 6191 0x0000000003d73a50 code [0x0000000003d73d80, 0x0000000003d775e8]
Event: 104.327 Thread 0x000000001ec1c800 6192       4       java.util.Formatter::format (11 bytes)
Event: 104.371 Thread 0x000000001ff8e000 6219       3       sun.reflect.ClassFileAssembler::append (30 bytes)
Event: 104.371 Thread 0x000000001ff8e000 nmethod 6219 0x0000000003e9c690 code [0x0000000003e9c840, 0x0000000003e9cd58]
Event: 104.373 Thread 0x000000001ff8e000 6220       3       com.sun.tools.javac.tree.JCTree$JCBinary::accept (6 bytes)
Event: 104.373 Thread 0x000000001ff8e000 nmethod 6220 0x0000000003e9c210 code [0x0000000003e9c380, 0x0000000003e9c5a8]
Event: 104.584 Thread 0x000000001ff8e000 6223       1       com.sun.tools.javac.tree.JCTree$JCMethodDecl::getName (5 bytes)
Event: 104.584 Thread 0x000000001ff8e000 nmethod 6223 0x0000000003e9bf50 code [0x0000000003e9c0a0, 0x0000000003e9c1b0]
Event: 104.638 Thread 0x000000001ff8e000 6224       3       lombok.javac.handlers.JavacHandlerUtil::chainDots (9 bytes)
Event: 104.638 Thread 0x000000001ff8e000 nmethod 6224 0x0000000003e9bb90 code [0x0000000003e9bd00, 0x0000000003e9be88]

GC Heap History (10 events):
Event: 96.364 GC heap before
{Heap before GC invocations=16 (full 2):
 PSYoungGen      total 145408K, used 16849K [0x0000000755d80000, 0x0000000765180000, 0x00000007c0000000)
  eden space 98816K, 0% used [0x0000000755d80000,0x0000000755d80000,0x000000075be00000)
  from space 46592K, 36% used [0x000000075ef00000,0x000000075ff74470,0x0000000761c80000)
  to   space 50176K, 0% used [0x000000075be00000,0x000000075be00000,0x000000075ef00000)
 ParOldGen       total 154112K, used 134931K [0x0000000681800000, 0x000000068ae80000, 0x0000000755d80000)
  object space 154112K, 87% used [0x0000000681800000,0x0000000689bc4e60,0x000000068ae80000)
 Metaspace       used 24186K, capacity 24784K, committed 25088K, reserved 1071104K
  class space    used 2744K, capacity 2954K, committed 3072K, reserved 1048576K
Event: 96.720 GC heap after
Heap after GC invocations=16 (full 2):
 PSYoungGen      total 145408K, used 0K [0x0000000755d80000, 0x0000000765180000, 0x00000007c0000000)
  eden space 98816K, 0% used [0x0000000755d80000,0x0000000755d80000,0x000000075be00000)
  from space 46592K, 0% used [0x000000075ef00000,0x000000075ef00000,0x0000000761c80000)
  to   space 50176K, 0% used [0x000000075be00000,0x000000075be00000,0x000000075ef00000)
 ParOldGen       total 154112K, used 121303K [0x0000000681800000, 0x000000068ae80000, 0x0000000755d80000)
  object space 154112K, 78% used [0x0000000681800000,0x0000000688e75ea0,0x000000068ae80000)
 Metaspace       used 24186K, capacity 24784K, committed 25088K, reserved 1071104K
  class space    used 2744K, capacity 2954K, committed 3072K, reserved 1048576K
}
Event: 98.116 GC heap before
{Heap before GC invocations=17 (full 2):
 PSYoungGen      total 145408K, used 98816K [0x0000000755d80000, 0x0000000765180000, 0x00000007c0000000)
  eden space 98816K, 100% used [0x0000000755d80000,0x000000075be00000,0x000000075be00000)
  from space 46592K, 0% used [0x000000075ef00000,0x000000075ef00000,0x0000000761c80000)
  to   space 50176K, 0% used [0x000000075be00000,0x000000075be00000,0x000000075ef00000)
 ParOldGen       total 154112K, used 121303K [0x0000000681800000, 0x000000068ae80000, 0x0000000755d80000)
  object space 154112K, 78% used [0x0000000681800000,0x0000000688e75ea0,0x000000068ae80000)
 Metaspace       used 24186K, capacity 24784K, committed 25088K, reserved 1071104K
  class space    used 2744K, capacity 2954K, committed 3072K, reserved 1048576K
Event: 98.136 GC heap after
Heap after GC invocations=17 (full 2):
 PSYoungGen      total 148992K, used 24097K [0x0000000755d80000, 0x0000000764c00000, 0x00000007c0000000)
  eden space 98816K, 0% used [0x0000000755d80000,0x0000000755d80000,0x000000075be00000)
  from space 50176K, 48% used [0x000000075be00000,0x000000075d5887c0,0x000000075ef00000)
  to   space 47616K, 0% used [0x0000000761d80000,0x0000000761d80000,0x0000000764c00000)
 ParOldGen       total 154112K, used 121303K [0x0000000681800000, 0x000000068ae80000, 0x0000000755d80000)
  object space 154112K, 78% used [0x0000000681800000,0x0000000688e75ea0,0x000000068ae80000)
 Metaspace       used 24186K, capacity 24784K, committed 25088K, reserved 1071104K
  class space    used 2744K, capacity 2954K, committed 3072K, reserved 1048576K
}
Event: 99.445 GC heap before
{Heap before GC invocations=18 (full 2):
 PSYoungGen      total 148992K, used 122913K [0x0000000755d80000, 0x0000000764c00000, 0x00000007c0000000)
  eden space 98816K, 100% used [0x0000000755d80000,0x000000075be00000,0x000000075be00000)
  from space 50176K, 48% used [0x000000075be00000,0x000000075d5887c0,0x000000075ef00000)
  to   space 47616K, 0% used [0x0000000761d80000,0x0000000761d80000,0x0000000764c00000)
 ParOldGen       total 154112K, used 121303K [0x0000000681800000, 0x000000068ae80000, 0x0000000755d80000)
  object space 154112K, 78% used [0x0000000681800000,0x0000000688e75ea0,0x000000068ae80000)
 Metaspace       used 24186K, capacity 24784K, committed 25088K, reserved 1071104K
  class space    used 2744K, capacity 2954K, committed 3072K, reserved 1048576K
Event: 99.469 GC heap after
Heap after GC invocations=18 (full 2):
 PSYoungGen      total 195072K, used 64K [0x0000000755d80000, 0x0000000764e00000, 0x00000007c0000000)
  eden space 147456K, 0% used [0x0000000755d80000,0x0000000755d80000,0x000000075ed80000)
  from space 47616K, 0% used [0x0000000761d80000,0x0000000761d90000,0x0000000764c00000)
  to   space 49152K, 0% used [0x000000075ed80000,0x000000075ed80000,0x0000000761d80000)
 ParOldGen       total 154112K, used 138998K [0x0000000681800000, 0x000000068ae80000, 0x0000000755d80000)
  object space 154112K, 90% used [0x0000000681800000,0x0000000689fbd930,0x000000068ae80000)
 Metaspace       used 24186K, capacity 24784K, committed 25088K, reserved 1071104K
  class space    used 2744K, capacity 2954K, committed 3072K, reserved 1048576K
}
Event: 99.469 GC heap before
{Heap before GC invocations=19 (full 3):
 PSYoungGen      total 195072K, used 64K [0x0000000755d80000, 0x0000000764e00000, 0x00000007c0000000)
  eden space 147456K, 0% used [0x0000000755d80000,0x0000000755d80000,0x000000075ed80000)
  from space 47616K, 0% used [0x0000000761d80000,0x0000000761d90000,0x0000000764c00000)
  to   space 49152K, 0% used [0x000000075ed80000,0x000000075ed80000,0x0000000761d80000)
 ParOldGen       total 154112K, used 138998K [0x0000000681800000, 0x000000068ae80000, 0x0000000755d80000)
  object space 154112K, 90% used [0x0000000681800000,0x0000000689fbd930,0x000000068ae80000)
 Metaspace       used 24186K, capacity 24784K, committed 25088K, reserved 1071104K
  class space    used 2744K, capacity 2954K, committed 3072K, reserved 1048576K
Event: 100.622 GC heap after
Heap after GC invocations=19 (full 3):
 PSYoungGen      total 195072K, used 0K [0x0000000755d80000, 0x0000000764e00000, 0x00000007c0000000)
  eden space 147456K, 0% used [0x0000000755d80000,0x0000000755d80000,0x000000075ed80000)
  from space 47616K, 0% used [0x0000000761d80000,0x0000000761d80000,0x0000000764c00000)
  to   space 49152K, 0% used [0x000000075ed80000,0x000000075ed80000,0x0000000761d80000)
 ParOldGen       total 154112K, used 106676K [0x0000000681800000, 0x000000068ae80000, 0x0000000755d80000)
  object space 154112K, 69% used [0x0000000681800000,0x000000068802d300,0x000000068ae80000)
 Metaspace       used 24186K, capacity 24784K, committed 25088K, reserved 1071104K
  class space    used 2744K, capacity 2954K, committed 3072K, reserved 1048576K
}
Event: 101.440 GC heap before
{Heap before GC invocations=20 (full 3):
 PSYoungGen      total 195072K, used 147456K [0x0000000755d80000, 0x0000000764e00000, 0x00000007c0000000)
  eden space 147456K, 100% used [0x0000000755d80000,0x000000075ed80000,0x000000075ed80000)
  from space 47616K, 0% used [0x0000000761d80000,0x0000000761d80000,0x0000000764c00000)
  to   space 49152K, 0% used [0x000000075ed80000,0x000000075ed80000,0x0000000761d80000)
 ParOldGen       total 154112K, used 106676K [0x0000000681800000, 0x000000068ae80000, 0x0000000755d80000)
  object space 154112K, 69% used [0x0000000681800000,0x000000068802d300,0x000000068ae80000)
 Metaspace       used 24186K, capacity 24784K, committed 25088K, reserved 1071104K
  class space    used 2744K, capacity 2954K, committed 3072K, reserved 1048576K
Event: 101.477 GC heap after
Heap after GC invocations=20 (full 3):
 PSYoungGen      total 196608K, used 6240K [0x0000000755d80000, 0x0000000765a00000, 0x00000007c0000000)
  eden space 147456K, 0% used [0x0000000755d80000,0x0000000755d80000,0x000000075ed80000)
  from space 49152K, 12% used [0x000000075ed80000,0x000000075f398200,0x0000000761d80000)
  to   space 49152K, 0% used [0x0000000762a00000,0x0000000762a00000,0x0000000765a00000)
 ParOldGen       total 154112K, used 106676K [0x0000000681800000, 0x000000068ae80000, 0x0000000755d80000)
  object space 154112K, 69% used [0x0000000681800000,0x000000068802d300,0x000000068ae80000)
 Metaspace       used 24186K, capacity 24784K, committed 25088K, reserved 1071104K
  class space    used 2744K, capacity 2954K, committed 3072K, reserved 1048576K
}

Deoptimization events (10 events):
Event: 103.054 Thread 0x0000000000e4d800 Uncommon trap: reason=unstable_if action=reinterpret pc=0x0000000003df96ac method=java.util.regex.Pattern.newSingle(I)Ljava/util/regex/Pattern$CharProperty; @ 5
Event: 103.054 Thread 0x0000000000e4d800 Uncommon trap: reason=unstable_if action=reinterpret pc=0x00000000031ec0f0 method=java.util.regex.Pattern$Curly.study(Ljava/util/regex/Pattern$TreeInfo;)Z @ 71
Event: 103.087 Thread 0x0000000000e4d800 Uncommon trap: reason=unstable_if action=reinterpret pc=0x00000000045bc600 method=lombok.core.TypeLibrary.toQualified(Ljava/lang/String;)Ljava/lang/String; @ 4
Event: 103.087 Thread 0x0000000000e4d800 Uncommon trap: reason=unstable_if action=reinterpret pc=0x00000000045abb0c method=lombok.core.TypeLibrary.toQualified(Ljava/lang/String;)Ljava/lang/String; @ 4
Event: 103.091 Thread 0x0000000000e4d800 Uncommon trap: reason=unstable_if action=reinterpret pc=0x000000000367f02c method=lombok.core.LombokNode.up()Llombok/core/LombokNode; @ 6
Event: 103.092 Thread 0x0000000000e4d800 Uncommon trap: reason=unstable_if action=reinterpret pc=0x00000000043eeac8 method=java.util.Formatter.parse(Ljava/lang/String;)[Ljava/util/Formatter$FormatString; @ 47
Event: 103.093 Thread 0x0000000000e4d800 Uncommon trap: reason=class_check action=maybe_recompile pc=0x00000000043481f0 method=java.util.regex.Pattern$Branch.match(Ljava/util/regex/Matcher;ILjava/lang/CharSequence;)Z @ 50
Event: 103.097 Thread 0x0000000000e4d800 Uncommon trap: reason=class_check action=maybe_recompile pc=0x00000000043481f0 method=java.util.regex.Pattern$Branch.match(Ljava/util/regex/Matcher;ILjava/lang/CharSequence;)Z @ 50
Event: 103.253 Thread 0x0000000000e4d800 Uncommon trap: reason=class_check action=maybe_recompile pc=0x00000000043481f0 method=java.util.regex.Pattern$Branch.match(Ljava/util/regex/Matcher;ILjava/lang/CharSequence;)Z @ 50
Event: 103.255 Thread 0x0000000000e4d800 Uncommon trap: reason=class_check action=maybe_recompile pc=0x00000000043481f0 method=java.util.regex.Pattern$Branch.match(Ljava/util/regex/Matcher;ILjava/lang/CharSequence;)Z @ 50

Internal exceptions (10 events):
Event: 39.834 Thread 0x0000000000e4d800 Exception <a 'java/lang/ClassNotFoundException': com/sun/tools/javac/api/JavacTool> (0x0000000756f0fb30) thrown at [C:\re\workspace\8-2-build-windows-amd64-cygwin\jdk8u131\8869\hotspot\src\share\vm\classfile\systemDictionary.cpp, line 210]
Event: 82.388 Thread 0x0000000000e4d800 Exception <a 'java/io/FileNotFoundException'> (0x00000007561ab5b0) thrown at [C:\re\workspace\8-2-build-windows-amd64-cygwin\jdk8u131\8869\hotspot\src\share\vm\prims\jni.cpp, line 709]
Event: 82.411 Thread 0x0000000000e4d800 Exception <a 'java/io/FileNotFoundException'> (0x00000007561dfe90) thrown at [C:\re\workspace\8-2-build-windows-amd64-cygwin\jdk8u131\8869\hotspot\src\share\vm\prims\jni.cpp, line 709]
Event: 89.536 Thread 0x0000000000e4d800 Implicit null exception at 0x00000000042d3690 to 0x00000000042d36d5
Event: 89.648 Thread 0x0000000000e4d800 Exception <a 'java/io/FileNotFoundException'> (0x00000007575a7a70) thrown at [C:\re\workspace\8-2-build-windows-amd64-cygwin\jdk8u131\8869\hotspot\src\share\vm\prims\jni.cpp, line 709]
Event: 90.112 Thread 0x0000000000e4d800 Implicit null exception at 0x00000000036de7f3 to 0x00000000036dec39
Event: 90.133 Thread 0x0000000000e4d800 Implicit null exception at 0x00000000036ba295 to 0x00000000036ba4b1
Event: 103.086 Thread 0x0000000000e4d800 Implicit null exception at 0x00000000045ba970 to 0x00000000045bc5dd
Event: 103.087 Thread 0x0000000000e4d800 Implicit null exception at 0x00000000045ab632 to 0x00000000045abaf9
Event: 103.091 Thread 0x0000000000e4d800 Implicit null exception at 0x000000000367eff0 to 0x000000000367f01d

Events (10 events):
Event: 103.093 Thread 0x0000000000e4d800 DEOPT UNPACKING pc=0x00000000030b582a sp=0x0000000002f6c268 mode 2
Event: 103.097 Thread 0x0000000000e4d800 Uncommon trap: trap_request=0xffffffde fr.pc=0x00000000043481f0
Event: 103.097 Thread 0x0000000000e4d800 DEOPT PACKING pc=0x00000000043481f0 sp=0x0000000002f6c2d0
Event: 103.097 Thread 0x0000000000e4d800 DEOPT UNPACKING pc=0x00000000030b582a sp=0x0000000002f6c268 mode 2
Event: 103.253 Thread 0x0000000000e4d800 Uncommon trap: trap_request=0xffffffde fr.pc=0x00000000043481f0
Event: 103.253 Thread 0x0000000000e4d800 DEOPT PACKING pc=0x00000000043481f0 sp=0x0000000002f6c1f0
Event: 103.253 Thread 0x0000000000e4d800 DEOPT UNPACKING pc=0x00000000030b582a sp=0x0000000002f6c188 mode 2
Event: 103.255 Thread 0x0000000000e4d800 Uncommon trap: trap_request=0xffffffde fr.pc=0x00000000043481f0
Event: 103.255 Thread 0x0000000000e4d800 DEOPT PACKING pc=0x00000000043481f0 sp=0x0000000002f6c1f0
Event: 103.255 Thread 0x0000000000e4d800 DEOPT UNPACKING pc=0x00000000030b582a sp=0x0000000002f6c188 mode 2


Dynamic libraries:
0x00007ff7663c0000 - 0x00007ff7663f7000 	C:\Program Files\Java\jdk1.8.0_131\bin\java.exe
0x00007ff927de0000 - 0x00007ff927fb2000 	C:\Windows\SYSTEM32\ntdll.dll
0x00007ff925600000 - 0x00007ff9256ac000 	C:\Windows\System32\KERNEL32.DLL
0x00007ff924440000 - 0x00007ff92465d000 	C:\Windows\System32\KERNELBASE.dll
0x00007ff925370000 - 0x00007ff925412000 	C:\Windows\System32\ADVAPI32.dll
0x00007ff926830000 - 0x00007ff9268ce000 	C:\Windows\System32\msvcrt.dll
0x00007ff925ca0000 - 0x00007ff925cf9000 	C:\Windows\System32\sechost.dll
0x00007ff9261c0000 - 0x00007ff9262e1000 	C:\Windows\System32\RPCRT4.dll
0x00007ff925fd0000 - 0x00007ff926135000 	C:\Windows\System32\USER32.dll
0x00007ff9247e0000 - 0x00007ff9247fe000 	C:\Windows\System32\win32u.dll
0x00007ff925420000 - 0x00007ff925454000 	C:\Windows\System32\GDI32.dll
0x00007ff924660000 - 0x00007ff9247e0000 	C:\Windows\System32\gdi32full.dll
0x00007ff9172e0000 - 0x00007ff91755a000 	C:\Windows\WinSxS\amd64_microsoft.windows.common-controls_6595b64144ccf1df_6.0.14393.953_none_42151e83c686086b\COMCTL32.dll
0x00007ff925d00000 - 0x00007ff925fc8000 	C:\Windows\System32\combase.dll
0x00007ff925270000 - 0x00007ff925365000 	C:\Windows\System32\ucrtbase.dll
0x00007ff9242e0000 - 0x00007ff92434a000 	C:\Windows\System32\bcryptPrimitives.dll
0x00007ff925c60000 - 0x00007ff925c8e000 	C:\Windows\System32\IMM32.DLL
0x0000000077da0000 - 0x0000000077e72000 	C:\Program Files\Java\jdk1.8.0_131\jre\bin\msvcr100.dll
0x0000000076380000 - 0x0000000076c1c000 	C:\Program Files\Java\jdk1.8.0_131\jre\bin\server\jvm.dll
0x00007ff925c90000 - 0x00007ff925c98000 	C:\Windows\System32\PSAPI.DLL
0x00007ff91f120000 - 0x00007ff91f129000 	C:\Windows\SYSTEM32\WSOCK32.dll
0x00007ff926390000 - 0x00007ff9263fa000 	C:\Windows\System32\WS2_32.dll
0x00007ff9221c0000 - 0x00007ff9221e3000 	C:\Windows\SYSTEM32\WINMM.dll
0x00007ff919bd0000 - 0x00007ff919bda000 	C:\Windows\SYSTEM32\VERSION.dll
0x00007ff922190000 - 0x00007ff9221bb000 	C:\Windows\SYSTEM32\WINMMBASE.dll
0x00007ff9243f0000 - 0x00007ff924432000 	C:\Windows\System32\cfgmgr32.dll
0x0000000077d90000 - 0x0000000077d9f000 	C:\Program Files\Java\jdk1.8.0_131\jre\bin\verify.dll
0x0000000077d60000 - 0x0000000077d89000 	C:\Program Files\Java\jdk1.8.0_131\jre\bin\java.dll
0x0000000077d40000 - 0x0000000077d56000 	C:\Program Files\Java\jdk1.8.0_131\jre\bin\zip.dll
0x00007ff9268d0000 - 0x00007ff927dd8000 	C:\Windows\System32\SHELL32.dll
0x00007ff924a80000 - 0x00007ff925158000 	C:\Windows\System32\windows.storage.dll
0x00007ff924280000 - 0x00007ff9242cc000 	C:\Windows\System32\powrprof.dll
0x00007ff925480000 - 0x00007ff9254d2000 	C:\Windows\System32\shlwapi.dll
0x00007ff924270000 - 0x00007ff92427f000 	C:\Windows\System32\kernel.appcore.dll
0x00007ff9251c0000 - 0x00007ff925269000 	C:\Windows\System32\shcore.dll
0x00007ff924250000 - 0x00007ff924264000 	C:\Windows\System32\profapi.dll
0x00007ff9222b0000 - 0x00007ff9222c0000 	C:\Program Files (x86)\JetBrains\IntelliJ IDEA 2016.3.4\bin\breakgen64.dll
0x0000000077cd0000 - 0x0000000077cea000 	C:\Program Files\Java\jdk1.8.0_131\jre\bin\net.dll
0x00007ff923b50000 - 0x00007ff923bac000 	C:\Windows\system32\mswsock.dll
0x0000000077cb0000 - 0x0000000077cc1000 	C:\Program Files\Java\jdk1.8.0_131\jre\bin\nio.dll

VM Arguments:
jvm_args: -Dmaven.multiModuleProjectDirectory=E:\work\gofobao\apllo -Dmaven.home=D:\JAVA_ENV\apache-maven-3.3.9 -Dclassworlds.conf=D:\JAVA_ENV\apache-maven-3.3.9\bin\m2.conf -Didea.launcher.port=7533 -Didea.launcher.bin.path=C:\Program Files (x86)\JetBrains\IntelliJ IDEA 2016.3.4\bin -Dfile.encoding=UTF-8 
java_command: com.intellij.rt.execution.application.AppMain org.codehaus.classworlds.Launcher -Didea.version=2016.3.4 -DskipTests=true package
java_class_path (initial): D:\JAVA_ENV\apache-maven-3.3.9\boot\plexus-classworlds-2.5.2.jar;C:\Program Files (x86)\JetBrains\IntelliJ IDEA 2016.3.4\lib\idea_rt.jar
Launcher Type: SUN_STANDARD

Environment Variables:
JAVA_HOME=C:\Program Files\Java\jdk1.8.0_111
PATH=C:\ProgramData\Oracle\Java\javapath;C:\Windows\system32;C:\Windows;C:\Windows\System32\Wbem;C:\Windows\System32\WindowsPowerShell\v1.0\;C:\Program Files\Java\jdk1.8.0_111\bin;C:\Program Files\Java\jdk1.8.0_111\jre\bin;D:\JAVA_ENV\apache-maven-3.3.9\bin;C:\Program Files\Redis\;C:\Program Files\Git\cmd;C:\Program Files (x86)\GtkSharp\2.12\bin;C:\Users\Max\AppData\Local\Microsoft\WindowsApps;;C:\Program Files (x86)\Microsoft VS Code\bin
USERNAME=Max
OS=Windows_NT
PROCESSOR_IDENTIFIER=Intel64 Family 6 Model 60 Stepping 3, GenuineIntel



---------------  S Y S T E M  ---------------

OS: Windows 10.0 , 64 bit Build 14393 (10.0.14393.1198)

CPU:total 4 (initial active 4) (4 cores per cpu, 1 threads per core) family 6 model 60 stepping 3, cmov, cx8, fxsr, mmx, sse, sse2, sse3, ssse3, sse4.1, sse4.2, popcnt, avx, avx2, aes, clmul, erms, lzcnt, tsc, tscinvbit, bmi1, bmi2

Memory: 4k page, physical 20869072k(2244504k free), swap 33976396k(1492k free)

vm_info: Java HotSpot(TM) 64-Bit Server VM (25.131-b11) for windows-amd64 JRE (1.8.0_131-b11), built on Mar 15 2017 01:23:53 by "java_re" with MS VC++ 10.0 (VS2010)

time: Sun Nov 26 17:32:29 2017
elapsed time: 104 seconds (0d 0h 1m 44s)

