#
# There is insufficient memory for the Java Runtime Environment to continue.
# Native memory allocation (malloc) failed to allocate 1300336 bytes for Chunk::new
# Possible reasons:
#   The system is out of physical RAM or swap space
#   In 32 bit mode, the process size limit was hit
# Possible solutions:
#   Reduce memory load on the system
#   Increase physical memory or swap space
#   Check if swap backing store is full
#   Use 64 bit Java on a 64 bit OS
#   Decrease Java heap size (-Xmx/-Xms)
#   Decrease number of Java threads
#   Decrease Java thread stack sizes (-Xss)
#   Set larger code cache with -XX:ReservedCodeCacheSize=
# This output file may be truncated or incomplete.
#
#  Out of Memory Error (allocation.cpp:390), pid=1462728, tid=0x00000000001651ac
#
# JRE version: Java(TM) SE Runtime Environment (8.0_131-b11) (build 1.8.0_131-b11)
# Java VM: Java HotSpot(TM) 64-Bit Server VM (25.131-b11 mixed mode windows-amd64 compressed oops)
# Failed to write core dump. Minidumps are not enabled by default on client versions of Windows
#

---------------  T H R E A D  ---------------

Current thread (0x000000001f7b5800):  JavaThread "C2 CompilerThread1" daemon [_thread_in_native, id=1462700, stack(0x000000001fe60000,0x000000001ff60000)]

Stack: [0x000000001fe60000,0x000000001ff60000]
[error occurred during error reporting (printing stack bounds), id 0xc0000005]

Native frames: (J=compiled Java code, j=interpreted, Vv=VM code, C=native code)


Current CompileTask:
C2: 110436 9815   !   4       com.sun.tools.javac.comp.Infer::instantiateMethod (483 bytes)


---------------  P R O C E S S  ---------------

Java Threads: ( => current thread )
  0x000000001f85e800 JavaThread "Monitor Ctrl-Break" daemon [_thread_in_native, id=1458092, stack(0x00000000202d0000,0x00000000203d0000)]
  0x000000001f7be800 JavaThread "Service Thread" daemon [_thread_blocked, id=1463336, stack(0x0000000020060000,0x0000000020160000)]
  0x000000001f7b8000 JavaThread "C1 CompilerThread2" daemon [_thread_blocked, id=1459640, stack(0x000000001ff60000,0x0000000020060000)]
=>0x000000001f7b5800 JavaThread "C2 CompilerThread1" daemon [_thread_in_native, id=1462700, stack(0x000000001fe60000,0x000000001ff60000)]
  0x000000001e3fd000 JavaThread "C2 CompilerThread0" daemon [_thread_in_native, id=1459468, stack(0x000000001fd60000,0x000000001fe60000)]
  0x000000001e3fc000 JavaThread "Attach Listener" daemon [_thread_blocked, id=1458180, stack(0x000000001fc60000,0x000000001fd60000)]
  0x000000001f768800 JavaThread "Signal Dispatcher" daemon [_thread_blocked, id=1459440, stack(0x000000001fb60000,0x000000001fc60000)]
  0x000000001e3d8800 JavaThread "Finalizer" daemon [_thread_blocked, id=1461424, stack(0x000000001f660000,0x000000001f760000)]
  0x0000000002891000 JavaThread "Reference Handler" daemon [_thread_blocked, id=1454396, stack(0x000000001f560000,0x000000001f660000)]
  0x000000000231d800 JavaThread "main" [_thread_in_native, id=1455100, stack(0x00000000026a0000,0x00000000027a0000)]

Other Threads:
  0x000000001e3b7000 VMThread [stack: 0x000000001f460000,0x000000001f560000] [id=1463168]
  0x000000001f82d800 WatcherThread [stack: 0x0000000020160000,0x0000000020260000] [id=1459908]

VM state:not at safepoint (normal execution)

VM Mutex/Monitor currently owned by a thread: None

Heap:
 PSYoungGen      total 641536K, used 334447K [0x0000000755d80000, 0x0000000781280000, 0x00000007c0000000)
  eden space 579584K, 57% used [0x0000000755d80000,0x000000076a41bc18,0x0000000779380000)
  from space 61952K, 0% used [0x0000000779380000,0x0000000779380000,0x000000077d000000)
  to   space 65024K, 0% used [0x000000077d000000,0x000000077d000000,0x0000000780f80000)
 ParOldGen       total 358912K, used 273221K [0x0000000681800000, 0x0000000697680000, 0x0000000755d80000)
  object space 358912K, 76% used [0x0000000681800000,0x00000006922d1598,0x0000000697680000)
 Metaspace       used 27023K, capacity 27770K, committed 28032K, reserved 1075200K
  class space    used 2962K, capacity 3149K, committed 3200K, reserved 1048576K

Card table byte_map: [0x0000000011c60000,0x0000000012660000] byte_map_base: 0x000000000e854000

Marking Bits: (ParMarkBitMap*) 0x0000000076b9c720
 Begin Bits: [0x0000000013110000, 0x00000000180b0000)
 End Bits:   [0x00000000180b0000, 0x000000001d050000)

Polling page: 0x0000000000670000

CodeCache: size=245760Kb used=31891Kb max_used=31891Kb free=213869Kb
 bounds [0x00000000028a0000, 0x0000000004890000, 0x00000000118a0000]
 total_blobs=7291 nmethods=6900 adapters=302
 compilation: enabled

Compilation events (10 events):
Event: 110.219 Thread 0x000000001f7b8000 9818       3       com.sun.tools.javac.code.Types::closure (153 bytes)
Event: 110.220 Thread 0x000000001f7b8000 nmethod 9818 0x0000000004329cd0 code [0x000000000432a000, 0x000000000432bcd8]
Event: 110.338 Thread 0x000000001f7b8000 9820       3       com.sun.tools.javac.comp.LambdaToMethod$LambdaAnalyzerPreprocessor$LambdaTranslationContext::translate (390 bytes)
Event: 110.342 Thread 0x000000001f7b8000 nmethod 9820 0x000000000486a8d0 code [0x000000000486af80, 0x000000000486fc48]
Event: 110.343 Thread 0x000000001f7b8000 9821       3       com.sun.tools.javac.comp.LambdaToMethod$LambdaAnalyzerPreprocessor$LambdaTranslationContext::addSymbol (106 bytes)
Event: 110.344 Thread 0x000000001f7b8000 nmethod 9821 0x0000000002b0c190 code [0x0000000002b0c3e0, 0x0000000002b0d188]
Event: 110.388 Thread 0x000000001f7b8000 9823       3       com.sun.tools.javac.comp.Flow$AssignAnalyzer::visitTry (687 bytes)
Event: 110.395 Thread 0x000000001f7b8000 nmethod 9823 0x0000000004872910 code [0x0000000004873440, 0x000000000487a9d8]
Event: 110.395 Thread 0x000000001f7b8000 9824       3       com.sun.tools.javac.comp.TransTypes::visitTry (67 bytes)
Event: 110.396 Thread 0x000000001f7b8000 nmethod 9824 0x00000000045ba990 code [0x00000000045babc0, 0x00000000045bbd38]

GC Heap History (10 events):
Event: 56.887 GC heap before
{Heap before GC invocations=21 (full 2):
 PSYoungGen      total 644608K, used 644602K [0x0000000755d80000, 0x0000000781280000, 0x00000007c0000000)
  eden space 579584K, 100% used [0x0000000755d80000,0x0000000779380000,0x0000000779380000)
  from space 65024K, 99% used [0x000000077d000000,0x0000000780f7e990,0x0000000780f80000)
  to   space 61952K, 0% used [0x0000000779380000,0x0000000779380000,0x000000077d000000)
 ParOldGen       total 358912K, used 276813K [0x0000000681800000, 0x0000000697680000, 0x0000000755d80000)
  object space 358912K, 77% used [0x0000000681800000,0x00000006926537d0,0x0000000697680000)
 Metaspace       used 24909K, capacity 25658K, committed 25856K, reserved 1073152K
  class space    used 2811K, capacity 3021K, committed 3072K, reserved 1048576K
Event: 57.125 GC heap after
Heap after GC invocations=21 (full 2):
 PSYoungGen      total 641536K, used 57652K [0x0000000755d80000, 0x0000000781280000, 0x00000007c0000000)
  eden space 579584K, 0% used [0x0000000755d80000,0x0000000755d80000,0x0000000779380000)
  from space 61952K, 93% used [0x0000000779380000,0x000000077cbcd3d0,0x000000077d000000)
  to   space 65024K, 0% used [0x000000077d000000,0x000000077d000000,0x0000000780f80000)
 ParOldGen       total 358912K, used 315896K [0x0000000681800000, 0x0000000697680000, 0x0000000755d80000)
  object space 358912K, 88% used [0x0000000681800000,0x0000000694c7e2a0,0x0000000697680000)
 Metaspace       used 24909K, capacity 25658K, committed 25856K, reserved 1073152K
  class space    used 2811K, capacity 3021K, committed 3072K, reserved 1048576K
}
Event: 57.125 GC heap before
{Heap before GC invocations=22 (full 3):
 PSYoungGen      total 641536K, used 57652K [0x0000000755d80000, 0x0000000781280000, 0x00000007c0000000)
  eden space 579584K, 0% used [0x0000000755d80000,0x0000000755d80000,0x0000000779380000)
  from space 61952K, 93% used [0x0000000779380000,0x000000077cbcd3d0,0x000000077d000000)
  to   space 65024K, 0% used [0x000000077d000000,0x000000077d000000,0x0000000780f80000)
 ParOldGen       total 358912K, used 315896K [0x0000000681800000, 0x0000000697680000, 0x0000000755d80000)
  object space 358912K, 88% used [0x0000000681800000,0x0000000694c7e2a0,0x0000000697680000)
 Metaspace       used 24909K, capacity 25658K, committed 25856K, reserved 1073152K
  class space    used 2811K, capacity 3021K, committed 3072K, reserved 1048576K
Event: 60.713 GC heap after
Heap after GC invocations=22 (full 3):
 PSYoungGen      total 641536K, used 0K [0x0000000755d80000, 0x0000000781280000, 0x00000007c0000000)
  eden space 579584K, 0% used [0x0000000755d80000,0x0000000755d80000,0x0000000779380000)
  from space 61952K, 0% used [0x0000000779380000,0x0000000779380000,0x000000077d000000)
  to   space 65024K, 0% used [0x000000077d000000,0x000000077d000000,0x0000000780f80000)
 ParOldGen       total 358912K, used 265458K [0x0000000681800000, 0x0000000697680000, 0x0000000755d80000)
  object space 358912K, 73% used [0x0000000681800000,0x0000000691b3cac0,0x0000000697680000)
 Metaspace       used 24909K, capacity 25658K, committed 25856K, reserved 1073152K
  class space    used 2811K, capacity 3021K, committed 3072K, reserved 1048576K
}
Event: 82.272 GC heap before
{Heap before GC invocations=23 (full 3):
 PSYoungGen      total 641536K, used 579584K [0x0000000755d80000, 0x0000000781280000, 0x00000007c0000000)
  eden space 579584K, 100% used [0x0000000755d80000,0x0000000779380000,0x0000000779380000)
  from space 61952K, 0% used [0x0000000779380000,0x0000000779380000,0x000000077d000000)
  to   space 65024K, 0% used [0x000000077d000000,0x000000077d000000,0x0000000780f80000)
 ParOldGen       total 358912K, used 265458K [0x0000000681800000, 0x0000000697680000, 0x0000000755d80000)
  object space 358912K, 73% used [0x0000000681800000,0x0000000691b3cac0,0x0000000697680000)
 Metaspace       used 24946K, capacity 25658K, committed 25856K, reserved 1073152K
  class space    used 2812K, capacity 3021K, committed 3072K, reserved 1048576K
Event: 82.390 GC heap after
Heap after GC invocations=23 (full 3):
 PSYoungGen      total 644608K, used 65009K [0x0000000755d80000, 0x0000000781280000, 0x00000007c0000000)
  eden space 579584K, 0% used [0x0000000755d80000,0x0000000755d80000,0x0000000779380000)
  from space 65024K, 99% used [0x000000077d000000,0x0000000780f7c610,0x0000000780f80000)
  to   space 61952K, 0% used [0x0000000779380000,0x0000000779380000,0x000000077d000000)
 ParOldGen       total 358912K, used 284901K [0x0000000681800000, 0x0000000697680000, 0x0000000755d80000)
  object space 358912K, 79% used [0x0000000681800000,0x0000000692e39668,0x0000000697680000)
 Metaspace       used 24946K, capacity 25658K, committed 25856K, reserved 1073152K
  class space    used 2812K, capacity 3021K, committed 3072K, reserved 1048576K
}
Event: 100.182 GC heap before
{Heap before GC invocations=24 (full 3):
 PSYoungGen      total 644608K, used 644593K [0x0000000755d80000, 0x0000000781280000, 0x00000007c0000000)
  eden space 579584K, 100% used [0x0000000755d80000,0x0000000779380000,0x0000000779380000)
  from space 65024K, 99% used [0x000000077d000000,0x0000000780f7c610,0x0000000780f80000)
  to   space 61952K, 0% used [0x0000000779380000,0x0000000779380000,0x000000077d000000)
 ParOldGen       total 358912K, used 284901K [0x0000000681800000, 0x0000000697680000, 0x0000000755d80000)
  object space 358912K, 79% used [0x0000000681800000,0x0000000692e39668,0x0000000697680000)
 Metaspace       used 26915K, capacity 27642K, committed 27776K, reserved 1073152K
  class space    used 2960K, capacity 3149K, committed 3200K, reserved 1048576K
Event: 100.446 GC heap after
Heap after GC invocations=24 (full 3):
 PSYoungGen      total 641536K, used 9361K [0x0000000755d80000, 0x0000000781280000, 0x00000007c0000000)
  eden space 579584K, 0% used [0x0000000755d80000,0x0000000755d80000,0x0000000779380000)
  from space 61952K, 15% used [0x0000000779380000,0x0000000779ca4498,0x000000077d000000)
  to   space 65024K, 0% used [0x000000077d000000,0x000000077d000000,0x0000000780f80000)
 ParOldGen       total 358912K, used 343682K [0x0000000681800000, 0x0000000697680000, 0x0000000755d80000)
  object space 358912K, 95% used [0x0000000681800000,0x00000006967a0988,0x0000000697680000)
 Metaspace       used 26915K, capacity 27642K, committed 27776K, reserved 1073152K
  class space    used 2960K, capacity 3149K, committed 3200K, reserved 1048576K
}
Event: 100.446 GC heap before
{Heap before GC invocations=25 (full 4):
 PSYoungGen      total 641536K, used 9361K [0x0000000755d80000, 0x0000000781280000, 0x00000007c0000000)
  eden space 579584K, 0% used [0x0000000755d80000,0x0000000755d80000,0x0000000779380000)
  from space 61952K, 15% used [0x0000000779380000,0x0000000779ca4498,0x000000077d000000)
  to   space 65024K, 0% used [0x000000077d000000,0x000000077d000000,0x0000000780f80000)
 ParOldGen       total 358912K, used 343682K [0x0000000681800000, 0x0000000697680000, 0x0000000755d80000)
  object space 358912K, 95% used [0x0000000681800000,0x00000006967a0988,0x0000000697680000)
 Metaspace       used 26915K, capacity 27642K, committed 27776K, reserved 1073152K
  class space    used 2960K, capacity 3149K, committed 3200K, reserved 1048576K
Event: 103.329 GC heap after
Heap after GC invocations=25 (full 4):
 PSYoungGen      total 641536K, used 0K [0x0000000755d80000, 0x0000000781280000, 0x00000007c0000000)
  eden space 579584K, 0% used [0x0000000755d80000,0x0000000755d80000,0x0000000779380000)
  from space 61952K, 0% used [0x0000000779380000,0x0000000779380000,0x000000077d000000)
  to   space 65024K, 0% used [0x000000077d000000,0x000000077d000000,0x0000000780f80000)
 ParOldGen       total 358912K, used 273221K [0x0000000681800000, 0x0000000697680000, 0x0000000755d80000)
  object space 358912K, 76% used [0x0000000681800000,0x00000006922d1598,0x0000000697680000)
 Metaspace       used 26915K, capacity 27642K, committed 27776K, reserved 1073152K
  class space    used 2960K, capacity 3149K, committed 3200K, reserved 1048576K
}

Deoptimization events (10 events):
Event: 109.609 Thread 0x000000000231d800 Uncommon trap: reason=speculate_class_check action=maybe_recompile pc=0x0000000004644af4 method=com.sun.tools.javac.tree.JCTree.hasTag(Lcom/sun/tools/javac/tree/JCTree$Tag;)Z @ 2
Event: 109.609 Thread 0x000000000231d800 Uncommon trap: reason=speculate_class_check action=maybe_recompile pc=0x0000000004644af4 method=com.sun.tools.javac.tree.JCTree.hasTag(Lcom/sun/tools/javac/tree/JCTree$Tag;)Z @ 2
Event: 109.929 Thread 0x000000000231d800 Uncommon trap: reason=unstable_if action=reinterpret pc=0x0000000003a9a5f0 method=com.sun.tools.javac.comp.LambdaToMethod$LambdaAnalyzerPreprocessor.visitIdent(Lcom/sun/tools/javac/tree/JCTree$JCIdent;)V @ 41
Event: 110.149 Thread 0x000000000231d800 Uncommon trap: reason=class_check action=maybe_recompile pc=0x00000000043921fc method=com.sun.tools.javac.code.Types.glb(Lcom/sun/tools/javac/util/List;)Lcom/sun/tools/javac/code/Type; @ 4
Event: 110.149 Thread 0x000000000231d800 Uncommon trap: reason=unstable_if action=reinterpret pc=0x00000000041260c0 method=com.sun.tools.javac.code.Types.closure(Lcom/sun/tools/javac/code/Type;)Lcom/sun/tools/javac/util/List; @ 28
Event: 110.149 Thread 0x000000000231d800 Uncommon trap: reason=class_check action=maybe_recompile pc=0x00000000041bf0dc method=com.sun.tools.javac.code.Types.closureMin(Lcom/sun/tools/javac/util/List;)Lcom/sun/tools/javac/util/List; @ 36
Event: 110.327 Thread 0x000000000231d800 Uncommon trap: reason=class_check action=maybe_recompile pc=0x00000000043921fc method=com.sun.tools.javac.code.Types.glb(Lcom/sun/tools/javac/util/List;)Lcom/sun/tools/javac/code/Type; @ 4
Event: 110.327 Thread 0x000000000231d800 Uncommon trap: reason=class_check action=maybe_recompile pc=0x00000000041bf0dc method=com.sun.tools.javac.code.Types.closureMin(Lcom/sun/tools/javac/util/List;)Lcom/sun/tools/javac/util/List; @ 36
Event: 110.345 Thread 0x000000000231d800 Uncommon trap: reason=class_check action=maybe_recompile pc=0x0000000003ecf4ec method=com.sun.tools.javac.jvm.Gen.visitSelect(Lcom/sun/tools/javac/tree/JCTree$JCFieldAccess;)V @ 324
Event: 110.345 Thread 0x000000000231d800 Uncommon trap: reason=class_check action=maybe_recompile pc=0x000000000377c118 method=com.sun.tools.javac.jvm.Gen.appendStrings(Lcom/sun/tools/javac/tree/JCTree;)V @ 19

Internal exceptions (10 events):
Event: 50.906 Thread 0x000000000231d800 Implicit null exception at 0x00000000031aa929 to 0x00000000031abb35
Event: 60.938 Thread 0x000000000231d800 Implicit null exception at 0x0000000003d4066b to 0x0000000003d42249
Event: 60.938 Thread 0x000000000231d800 Implicit null exception at 0x0000000003ca050c to 0x0000000003ca054d
Event: 70.431 Thread 0x000000000231d800 Exception <a 'java/io/FileNotFoundException'> (0x000000076dd40af0) thrown at [C:\re\workspace\8-2-build-windows-amd64-cygwin\jdk8u131\8869\hotspot\src\share\vm\prims\jni.cpp, line 709]
Event: 85.536 Thread 0x000000000231d800 Implicit null exception at 0x000000000380ad60 to 0x000000000380b219
Event: 87.603 Thread 0x000000000231d800 Implicit null exception at 0x00000000030fdacc to 0x00000000030fdaeb
Event: 94.236 Thread 0x000000000231d800 Implicit null exception at 0x000000000470b395 to 0x000000000470b4ad
Event: 94.268 Thread 0x000000000231d800 Implicit null exception at 0x00000000039020d9 to 0x00000000039025a5
Event: 95.956 Thread 0x000000000231d800 Implicit null exception at 0x00000000046569d3 to 0x0000000004656f69
Event: 105.963 Thread 0x000000000231d800 Implicit null exception at 0x0000000003ce123a to 0x0000000003ce1511

Events (10 events):
Event: 110.327 Thread 0x000000000231d800 DEOPT UNPACKING pc=0x00000000028e582a sp=0x000000000279b268 mode 2
Event: 110.327 Thread 0x000000000231d800 Uncommon trap: trap_request=0xffffffde fr.pc=0x00000000041bf0dc
Event: 110.327 Thread 0x000000000231d800 DEOPT PACKING pc=0x00000000041bf0dc sp=0x000000000279b070
Event: 110.327 Thread 0x000000000231d800 DEOPT UNPACKING pc=0x00000000028e582a sp=0x000000000279b080 mode 2
Event: 110.345 Thread 0x000000000231d800 Uncommon trap: trap_request=0xffffffde fr.pc=0x0000000003ecf4ec
Event: 110.345 Thread 0x000000000231d800 DEOPT PACKING pc=0x0000000003ecf4ec sp=0x000000000279c610
Event: 110.345 Thread 0x000000000231d800 DEOPT UNPACKING pc=0x00000000028e582a sp=0x000000000279c5c0 mode 2
Event: 110.345 Thread 0x000000000231d800 Uncommon trap: trap_request=0xffffffde fr.pc=0x000000000377c118
Event: 110.345 Thread 0x000000000231d800 DEOPT PACKING pc=0x000000000377c118 sp=0x000000000279c6d0
Event: 110.345 Thread 0x000000000231d800 DEOPT UNPACKING pc=0x00000000028e582a sp=0x000000000279c6d0 mode 2


Dynamic libraries:
0x00007ff7663c0000 - 0x00007ff7663f7000 	C:\Program Files\Java\jdk1.8.0_131\bin\java.exe
0x00007ff927de0000 - 0x00007ff927fb2000 	C:\Windows\SYSTEM32\ntdll.dll
0x00007ff925600000 - 0x00007ff9256ac000 	C:\Windows\System32\KERNEL32.DLL
0x00007ff924440000 - 0x00007ff92465d000 	C:\Windows\System32\KERNELBASE.dll
0x00007ff925370000 - 0x00007ff925412000 	C:\Windows\System32\ADVAPI32.dll
0x00007ff926830000 - 0x00007ff9268ce000 	C:\Windows\System32\msvcrt.dll
0x00007ff925ca0000 - 0x00007ff925cf9000 	C:\Windows\System32\sechost.dll
0x00007ff9261c0000 - 0x00007ff9262e1000 	C:\Windows\System32\RPCRT4.dll
0x00007ff925fd0000 - 0x00007ff926135000 	C:\Windows\System32\USER32.dll
0x00007ff9247e0000 - 0x00007ff9247fe000 	C:\Windows\System32\win32u.dll
0x00007ff925420000 - 0x00007ff925454000 	C:\Windows\System32\GDI32.dll
0x00007ff924660000 - 0x00007ff9247e0000 	C:\Windows\System32\gdi32full.dll
0x00007ff9172e0000 - 0x00007ff91755a000 	C:\Windows\WinSxS\amd64_microsoft.windows.common-controls_6595b64144ccf1df_6.0.14393.953_none_42151e83c686086b\COMCTL32.dll
0x00007ff925d00000 - 0x00007ff925fc8000 	C:\Windows\System32\combase.dll
0x00007ff925270000 - 0x00007ff925365000 	C:\Windows\System32\ucrtbase.dll
0x00007ff9242e0000 - 0x00007ff92434a000 	C:\Windows\System32\bcryptPrimitives.dll
0x00007ff925c60000 - 0x00007ff925c8e000 	C:\Windows\System32\IMM32.DLL
0x0000000077da0000 - 0x0000000077e72000 	C:\Program Files\Java\jdk1.8.0_131\jre\bin\msvcr100.dll
0x0000000076380000 - 0x0000000076c1c000 	C:\Program Files\Java\jdk1.8.0_131\jre\bin\server\jvm.dll
0x00007ff925c90000 - 0x00007ff925c98000 	C:\Windows\System32\PSAPI.DLL
0x00007ff91f120000 - 0x00007ff91f129000 	C:\Windows\SYSTEM32\WSOCK32.dll
0x00007ff926390000 - 0x00007ff9263fa000 	C:\Windows\System32\WS2_32.dll
0x00007ff9221c0000 - 0x00007ff9221e3000 	C:\Windows\SYSTEM32\WINMM.dll
0x00007ff919bd0000 - 0x00007ff919bda000 	C:\Windows\SYSTEM32\VERSION.dll
0x0000000000640000 - 0x000000000066b000 	C:\Windows\SYSTEM32\WINMMBASE.dll
0x00007ff9243f0000 - 0x00007ff924432000 	C:\Windows\System32\cfgmgr32.dll
0x0000000077d90000 - 0x0000000077d9f000 	C:\Program Files\Java\jdk1.8.0_131\jre\bin\verify.dll
0x0000000077d60000 - 0x0000000077d89000 	C:\Program Files\Java\jdk1.8.0_131\jre\bin\java.dll
0x0000000077cf0000 - 0x0000000077d06000 	C:\Program Files\Java\jdk1.8.0_131\jre\bin\zip.dll
0x00007ff9268d0000 - 0x00007ff927dd8000 	C:\Windows\System32\SHELL32.dll
0x00007ff924a80000 - 0x00007ff925158000 	C:\Windows\System32\windows.storage.dll
0x00007ff924280000 - 0x00007ff9242cc000 	C:\Windows\System32\powrprof.dll
0x00007ff925480000 - 0x00007ff9254d2000 	C:\Windows\System32\shlwapi.dll
0x00007ff924270000 - 0x00007ff92427f000 	C:\Windows\System32\kernel.appcore.dll
0x00007ff9251c0000 - 0x00007ff925269000 	C:\Windows\System32\shcore.dll
0x00007ff924250000 - 0x00007ff924264000 	C:\Windows\System32\profapi.dll
0x00007ff9222b0000 - 0x00007ff9222c0000 	C:\Program Files (x86)\JetBrains\IntelliJ IDEA 2016.3.4\bin\breakgen64.dll
0x0000000077cc0000 - 0x0000000077cda000 	C:\Program Files\Java\jdk1.8.0_131\jre\bin\net.dll
0x00007ff923b50000 - 0x00007ff923bac000 	C:\Windows\system32\mswsock.dll
0x0000000077ca0000 - 0x0000000077cb1000 	C:\Program Files\Java\jdk1.8.0_131\jre\bin\nio.dll

VM Arguments:
jvm_args: -Dmaven.multiModuleProjectDirectory=E:\work\gofobao\apllo -Dmaven.home=D:\JAVA_ENV\apache-maven-3.3.9 -Dclassworlds.conf=D:\JAVA_ENV\apache-maven-3.3.9\bin\m2.conf -Didea.launcher.port=7533 -Didea.launcher.bin.path=C:\Program Files (x86)\JetBrains\IntelliJ IDEA 2016.3.4\bin -Dfile.encoding=UTF-8 
java_command: com.intellij.rt.execution.application.AppMain org.codehaus.classworlds.Launcher -Didea.version=2016.3.4 -DskipTests=true package
java_class_path (initial): D:\JAVA_ENV\apache-maven-3.3.9\boot\plexus-classworlds-2.5.2.jar;C:\Program Files (x86)\JetBrains\IntelliJ IDEA 2016.3.4\lib\idea_rt.jar
Launcher Type: SUN_STANDARD

Environment Variables:
JAVA_HOME=C:\Program Files\Java\jdk1.8.0_111
PATH=C:\ProgramData\Oracle\Java\javapath;C:\Windows\system32;C:\Windows;C:\Windows\System32\Wbem;C:\Windows\System32\WindowsPowerShell\v1.0\;C:\Program Files\Java\jdk1.8.0_111\bin;C:\Program Files\Java\jdk1.8.0_111\jre\bin;D:\JAVA_ENV\apache-maven-3.3.9\bin;C:\Program Files\Redis\;C:\Program Files\Git\cmd;C:\Program Files (x86)\GtkSharp\2.12\bin;C:\Users\Max\AppData\Local\Microsoft\WindowsApps;;C:\Program Files (x86)\Microsoft VS Code\bin
USERNAME=Max
OS=Windows_NT
PROCESSOR_IDENTIFIER=Intel64 Family 6 Model 60 Stepping 3, GenuineIntel



---------------  S Y S T E M  ---------------

OS: Windows 10.0 , 64 bit Build 14393 (10.0.14393.1198)

CPU:total 4 (initial active 4) (4 cores per cpu, 1 threads per core) family 6 model 60 stepping 3, cmov, cx8, fxsr, mmx, sse, sse2, sse3, ssse3, sse4.1, sse4.2, popcnt, avx, avx2, aes, clmul, erms, lzcnt, tsc, tscinvbit, bmi1, bmi2

Memory: 4k page, physical 20869072k(738592k free), swap 33976396k(5880k free)

vm_info: Java HotSpot(TM) 64-Bit Server VM (25.131-b11) for windows-amd64 JRE (1.8.0_131-b11), built on Mar 15 2017 01:23:53 by "java_re" with MS VC++ 10.0 (VS2010)

time: Wed Nov 29 15:00:45 2017
elapsed time: 110 seconds (0d 0h 1m 50s)

