#
# There is insufficient memory for the Java Runtime Environment to continue.
# Native memory allocation (malloc) failed to allocate 262160 bytes for Chunk::new
# Possible reasons:
#   The system is out of physical RAM or swap space
#   In 32 bit mode, the process size limit was hit
# Possible solutions:
#   Reduce memory load on the system
#   Increase physical memory or swap space
#   Check if swap backing store is full
#   Use 64 bit Java on a 64 bit OS
#   Decrease Java heap size (-Xmx/-Xms)
#   Decrease number of Java threads
#   Decrease Java thread stack sizes (-Xss)
#   Set larger code cache with -XX:ReservedCodeCacheSize=
# This output file may be truncated or incomplete.
#
#  Out of Memory Error (allocation.cpp:390), pid=1368476, tid=0x000000000014e160
#
# JRE version: Java(TM) SE Runtime Environment (8.0_131-b11) (build 1.8.0_131-b11)
# Java VM: Java HotSpot(TM) 64-Bit Server VM (25.131-b11 mixed mode windows-amd64 compressed oops)
# Failed to write core dump. Minidumps are not enabled by default on client versions of Windows
#

---------------  T H R E A D  ---------------

Current thread (0x000000001e6bd000):  JavaThread "C2 CompilerThread0" daemon [_thread_in_native, id=1368416, stack(0x0000000020020000,0x0000000020120000)]

Stack: [0x0000000020020000,0x0000000020120000]
[error occurred during error reporting (printing stack bounds), id 0xc0000005]

Native frames: (J=compiled Java code, j=interpreted, Vv=VM code, C=native code)


Current CompileTask:
C2:  64507 6126       4       java.lang.String::format (16 bytes)


---------------  P R O C E S S  ---------------

Java Threads: ( => current thread )
  0x000000001fb06000 JavaThread "Monitor Ctrl-Break" daemon [_thread_in_native, id=1366248, stack(0x0000000020520000,0x0000000020620000)]
  0x000000001fa81800 JavaThread "Service Thread" daemon [_thread_blocked, id=1367692, stack(0x0000000020320000,0x0000000020420000)]
  0x000000001fa73800 JavaThread "C1 CompilerThread2" daemon [_thread_in_native, id=1368208, stack(0x0000000020220000,0x0000000020320000)]
  0x000000001fa43000 JavaThread "C2 CompilerThread1" daemon [_thread_in_native, id=1367820, stack(0x0000000020120000,0x0000000020220000)]
=>0x000000001e6bd000 JavaThread "C2 CompilerThread0" daemon [_thread_in_native, id=1368416, stack(0x0000000020020000,0x0000000020120000)]
  0x000000001e6bc000 JavaThread "Attach Listener" daemon [_thread_blocked, id=1362488, stack(0x000000001ff20000,0x0000000020020000)]
  0x000000001fa28800 JavaThread "Signal Dispatcher" daemon [_thread_blocked, id=1367500, stack(0x000000001fe20000,0x000000001ff20000)]
  0x0000000002a66800 JavaThread "Finalizer" daemon [_thread_blocked, id=1365768, stack(0x000000001f920000,0x000000001fa20000)]
  0x0000000002a61000 JavaThread "Reference Handler" daemon [_thread_blocked, id=1367340, stack(0x000000001f820000,0x000000001f920000)]
  0x0000000002b5d800 JavaThread "main" [_thread_in_Java, id=1340952, stack(0x0000000002470000,0x0000000002570000)]

Other Threads:
  0x000000001e677000 VMThread [stack: 0x000000001f720000,0x000000001f820000] [id=1358752]
  0x000000001fae2800 WatcherThread [stack: 0x0000000020420000,0x0000000020520000] [id=1366236]

VM state:not at safepoint (normal execution)

VM Mutex/Monitor currently owned by a thread: None

Heap:
 PSYoungGen      total 329728K, used 280684K [0x0000000755d80000, 0x0000000777100000, 0x00000007c0000000)
  eden space 293888K, 83% used [0x0000000755d80000,0x0000000764d3e690,0x0000000767c80000)
  from space 35840K, 98% used [0x0000000767c80000,0x0000000769edccd8,0x0000000769f80000)
  to   space 66048K, 0% used [0x0000000773080000,0x0000000773080000,0x0000000777100000)
 ParOldGen       total 151040K, used 98441K [0x0000000681800000, 0x000000068ab80000, 0x0000000755d80000)
  object space 151040K, 65% used [0x0000000681800000,0x00000006878224d8,0x000000068ab80000)
 Metaspace       used 24509K, capacity 25200K, committed 25344K, reserved 1071104K
  class space    used 2786K, capacity 3008K, committed 3072K, reserved 1048576K

Card table byte_map: [0x0000000011f20000,0x0000000012920000] byte_map_base: 0x000000000eb14000

Marking Bits: (ParMarkBitMap*) 0x0000000076b9c720
 Begin Bits: [0x00000000133d0000, 0x0000000018370000)
 End Bits:   [0x0000000018370000, 0x000000001d310000)

Polling page: 0x0000000000bb0000

CodeCache: size=245760Kb used=21814Kb max_used=21814Kb free=223945Kb
 bounds [0x0000000002b60000, 0x00000000040d0000, 0x0000000011b60000]
 total_blobs=5634 nmethods=5247 adapters=299
 compilation: enabled

Compilation events (10 events):
Event: 64.403 Thread 0x000000001fa73800 nmethod 6150 0x0000000003b7d090 code [0x0000000003b7d360, 0x0000000003b7e7d8]
Event: 64.403 Thread 0x000000001fa73800 6151       3       lombok.javac.JavacNode::getTreeMaker (11 bytes)
Event: 64.403 Thread 0x000000001fa73800 nmethod 6151 0x0000000003b62ad0 code [0x0000000003b62c60, 0x0000000003b63030]
Event: 64.403 Thread 0x000000001fa73800 6152       3       lombok.javac.JavacAST::getTreeMaker (14 bytes)
Event: 64.403 Thread 0x000000001fa73800 nmethod 6152 0x0000000003b66a90 code [0x0000000003b66c00, 0x0000000003b66e50]
Event: 64.405 Thread 0x000000001fa73800 6153       3       lombok.javac.JavacTreeMaker::Select (23 bytes)
Event: 64.405 Thread 0x000000001fa73800 nmethod 6153 0x0000000003b7c750 code [0x0000000003b7c8e0, 0x0000000003b7cea8]
Event: 64.408 Thread 0x000000001fa73800 6154   !   3       sun.reflect.GeneratedMethodAccessor16::invoke (73 bytes)
Event: 64.408 Thread 0x000000001fa73800 nmethod 6154 0x0000000003b7b410 code [0x0000000003b7b620, 0x0000000003b7c0e8]
Event: 64.408 Thread 0x000000001fa73800 6155       3       lombok.javac.JavacTreeMaker::Ident (19 bytes)

GC Heap History (10 events):
Event: 22.651 GC heap before
{Heap before GC invocations=6 (full 1):
 PSYoungGen      total 178176K, used 13304K [0x0000000755d80000, 0x000000076c280000, 0x00000007c0000000)
  eden space 164864K, 0% used [0x0000000755d80000,0x0000000755d80000,0x000000075fe80000)
  from space 13312K, 99% used [0x000000075fe80000,0x0000000760b7e070,0x0000000760b80000)
  to   space 17920K, 0% used [0x000000076b100000,0x000000076b100000,0x000000076c280000)
 ParOldGen       total 218624K, used 9249K [0x0000000681800000, 0x000000068ed80000, 0x0000000755d80000)
  object space 218624K, 4% used [0x0000000681800000,0x00000006821086e0,0x000000068ed80000)
 Metaspace       used 20688K, capacity 21148K, committed 21296K, reserved 1069056K
  class space    used 2467K, capacity 2616K, committed 2688K, reserved 1048576K
Event: 23.001 GC heap after
Heap after GC invocations=6 (full 1):
 PSYoungGen      total 178176K, used 0K [0x0000000755d80000, 0x000000076c280000, 0x00000007c0000000)
  eden space 164864K, 0% used [0x0000000755d80000,0x0000000755d80000,0x000000075fe80000)
  from space 13312K, 0% used [0x000000075fe80000,0x000000075fe80000,0x0000000760b80000)
  to   space 17920K, 0% used [0x000000076b100000,0x000000076b100000,0x000000076c280000)
 ParOldGen       total 151040K, used 20597K [0x0000000681800000, 0x000000068ab80000, 0x0000000755d80000)
  object space 151040K, 13% used [0x0000000681800000,0x0000000682c1d5d8,0x000000068ab80000)
 Metaspace       used 20688K, capacity 21148K, committed 21296K, reserved 1069056K
  class space    used 2467K, capacity 2616K, committed 2688K, reserved 1048576K
}
Event: 39.568 GC heap before
{Heap before GC invocations=7 (full 1):
 PSYoungGen      total 178176K, used 164864K [0x0000000755d80000, 0x000000076c280000, 0x00000007c0000000)
  eden space 164864K, 100% used [0x0000000755d80000,0x000000075fe80000,0x000000075fe80000)
  from space 13312K, 0% used [0x000000075fe80000,0x000000075fe80000,0x0000000760b80000)
  to   space 17920K, 0% used [0x000000076b100000,0x000000076b100000,0x000000076c280000)
 ParOldGen       total 151040K, used 20597K [0x0000000681800000, 0x000000068ab80000, 0x0000000755d80000)
  object space 151040K, 13% used [0x0000000681800000,0x0000000682c1d5d8,0x000000068ab80000)
 Metaspace       used 21696K, capacity 22172K, committed 22320K, reserved 1069056K
  class space    used 2543K, capacity 2680K, committed 2688K, reserved 1048576K
Event: 39.828 GC heap after
Heap after GC invocations=7 (full 1):
 PSYoungGen      total 262144K, used 17910K [0x0000000755d80000, 0x000000076c280000, 0x00000007c0000000)
  eden space 244224K, 0% used [0x0000000755d80000,0x0000000755d80000,0x0000000764c00000)
  from space 17920K, 99% used [0x000000076b100000,0x000000076c27d868,0x000000076c280000)
  to   space 35840K, 0% used [0x0000000767c80000,0x0000000767c80000,0x0000000769f80000)
 ParOldGen       total 151040K, used 50095K [0x0000000681800000, 0x000000068ab80000, 0x0000000755d80000)
  object space 151040K, 33% used [0x0000000681800000,0x00000006848ebd38,0x000000068ab80000)
 Metaspace       used 21696K, capacity 22172K, committed 22320K, reserved 1069056K
  class space    used 2543K, capacity 2680K, committed 2688K, reserved 1048576K
}
Event: 51.697 GC heap before
{Heap before GC invocations=8 (full 1):
 PSYoungGen      total 262144K, used 262134K [0x0000000755d80000, 0x000000076c280000, 0x00000007c0000000)
  eden space 244224K, 100% used [0x0000000755d80000,0x0000000764c00000,0x0000000764c00000)
  from space 17920K, 99% used [0x000000076b100000,0x000000076c27d868,0x000000076c280000)
  to   space 35840K, 0% used [0x0000000767c80000,0x0000000767c80000,0x0000000769f80000)
 ParOldGen       total 151040K, used 50095K [0x0000000681800000, 0x000000068ab80000, 0x0000000755d80000)
  object space 151040K, 33% used [0x0000000681800000,0x00000006848ebd38,0x000000068ab80000)
 Metaspace       used 23278K, capacity 23904K, committed 24192K, reserved 1071104K
  class space    used 2637K, capacity 2856K, committed 2944K, reserved 1048576K
Event: 52.077 GC heap after
Heap after GC invocations=8 (full 1):
 PSYoungGen      total 329728K, used 35813K [0x0000000755d80000, 0x0000000773580000, 0x00000007c0000000)
  eden space 293888K, 0% used [0x0000000755d80000,0x0000000755d80000,0x0000000767c80000)
  from space 35840K, 99% used [0x0000000767c80000,0x0000000769f797b8,0x0000000769f80000)
  to   space 52736K, 0% used [0x0000000770200000,0x0000000770200000,0x0000000773580000)
 ParOldGen       total 151040K, used 73424K [0x0000000681800000, 0x000000068ab80000, 0x0000000755d80000)
  object space 151040K, 48% used [0x0000000681800000,0x0000000685fb41a0,0x000000068ab80000)
 Metaspace       used 23278K, capacity 23904K, committed 24192K, reserved 1071104K
  class space    used 2637K, capacity 2856K, committed 2944K, reserved 1048576K
}
Event: 58.073 GC heap before
{Heap before GC invocations=9 (full 1):
 PSYoungGen      total 329728K, used 329701K [0x0000000755d80000, 0x0000000773580000, 0x00000007c0000000)
  eden space 293888K, 100% used [0x0000000755d80000,0x0000000767c80000,0x0000000767c80000)
  from space 35840K, 99% used [0x0000000767c80000,0x0000000769f797b8,0x0000000769f80000)
  to   space 52736K, 0% used [0x0000000770200000,0x0000000770200000,0x0000000773580000)
 ParOldGen       total 151040K, used 73424K [0x0000000681800000, 0x000000068ab80000, 0x0000000755d80000)
  object space 151040K, 48% used [0x0000000681800000,0x0000000685fb41a0,0x000000068ab80000)
 Metaspace       used 24169K, capacity 24780K, committed 25088K, reserved 1071104K
  class space    used 2745K, capacity 2954K, committed 3072K, reserved 1048576K
Event: 58.582 GC heap after
Heap after GC invocations=9 (full 1):
 PSYoungGen      total 346624K, used 52722K [0x0000000755d80000, 0x0000000773580000, 0x00000007c0000000)
  eden space 293888K, 0% used [0x0000000755d80000,0x0000000755d80000,0x0000000767c80000)
  from space 52736K, 99% used [0x0000000770200000,0x000000077357c860,0x0000000773580000)
  to   space 35840K, 0% used [0x0000000767c80000,0x0000000767c80000,0x0000000769f80000)
 ParOldGen       total 151040K, used 88788K [0x0000000681800000, 0x000000068ab80000, 0x0000000755d80000)
  object space 151040K, 58% used [0x0000000681800000,0x0000000686eb5188,0x000000068ab80000)
 Metaspace       used 24169K, capacity 24780K, committed 25088K, reserved 1071104K
  class space    used 2745K, capacity 2954K, committed 3072K, reserved 1048576K
}
Event: 62.436 GC heap before
{Heap before GC invocations=10 (full 1):
 PSYoungGen      total 346624K, used 346610K [0x0000000755d80000, 0x0000000773580000, 0x00000007c0000000)
  eden space 293888K, 100% used [0x0000000755d80000,0x0000000767c80000,0x0000000767c80000)
  from space 52736K, 99% used [0x0000000770200000,0x000000077357c860,0x0000000773580000)
  to   space 35840K, 0% used [0x0000000767c80000,0x0000000767c80000,0x0000000769f80000)
 ParOldGen       total 151040K, used 88788K [0x0000000681800000, 0x000000068ab80000, 0x0000000755d80000)
  object space 151040K, 58% used [0x0000000681800000,0x0000000686eb5188,0x000000068ab80000)
 Metaspace       used 24176K, capacity 24780K, committed 25088K, reserved 1071104K
  class space    used 2745K, capacity 2954K, committed 3072K, reserved 1048576K
Event: 62.523 GC heap after
Heap after GC invocations=10 (full 1):
 PSYoungGen      total 329728K, used 35187K [0x0000000755d80000, 0x0000000777100000, 0x00000007c0000000)
  eden space 293888K, 0% used [0x0000000755d80000,0x0000000755d80000,0x0000000767c80000)
  from space 35840K, 98% used [0x0000000767c80000,0x0000000769edccd8,0x0000000769f80000)
  to   space 66048K, 0% used [0x0000000773080000,0x0000000773080000,0x0000000777100000)
 ParOldGen       total 151040K, used 98441K [0x0000000681800000, 0x000000068ab80000, 0x0000000755d80000)
  object space 151040K, 65% used [0x0000000681800000,0x00000006878224d8,0x000000068ab80000)
 Metaspace       used 24176K, capacity 24780K, committed 25088K, reserved 1071104K
  class space    used 2745K, capacity 2954K, committed 3072K, reserved 1048576K
}

Deoptimization events (10 events):
Event: 64.288 Thread 0x0000000002b5d800 Uncommon trap: reason=speculate_class_check action=maybe_recompile pc=0x0000000003529fc0 method=java.util.HashMap.putVal(ILjava/lang/Object;Ljava/lang/Object;ZZ)Ljava/lang/Object; @ 56
Event: 64.297 Thread 0x0000000002b5d800 Uncommon trap: reason=unstable_if action=reinterpret pc=0x0000000004030720 method=lombok.core.TypeLibrary.toQualified(Ljava/lang/String;)Ljava/lang/String; @ 4
Event: 64.297 Thread 0x0000000002b5d800 Uncommon trap: reason=unstable_if action=reinterpret pc=0x00000000040256cc method=lombok.core.TypeLibrary.toQualified(Ljava/lang/String;)Ljava/lang/String; @ 4
Event: 64.302 Thread 0x0000000002b5d800 Uncommon trap: reason=unstable_if action=reinterpret pc=0x000000000402c16c method=lombok.core.LombokNode.up()Llombok/core/LombokNode; @ 6
Event: 64.303 Thread 0x0000000002b5d800 Uncommon trap: reason=unstable_if action=reinterpret pc=0x0000000003e5aa80 method=java.util.Formatter.parse(Ljava/lang/String;)[Ljava/util/Formatter$FormatString; @ 47
Event: 64.303 Thread 0x0000000002b5d800 Uncommon trap: reason=unstable_if action=reinterpret pc=0x0000000003a71374 method=java.util.Formatter.parse(Ljava/lang/String;)[Ljava/util/Formatter$FormatString; @ 47
Event: 64.353 Thread 0x0000000002b5d800 Uncommon trap: reason=class_check action=maybe_recompile pc=0x0000000003dda8b0 method=java.util.regex.Pattern$Branch.match(Ljava/util/regex/Matcher;ILjava/lang/CharSequence;)Z @ 50
Event: 64.355 Thread 0x0000000002b5d800 Uncommon trap: reason=class_check action=maybe_recompile pc=0x0000000003dda8b0 method=java.util.regex.Pattern$Branch.match(Ljava/util/regex/Matcher;ILjava/lang/CharSequence;)Z @ 50
Event: 64.356 Thread 0x0000000002b5d800 Uncommon trap: reason=class_check action=maybe_recompile pc=0x0000000003dda8b0 method=java.util.regex.Pattern$Branch.match(Ljava/util/regex/Matcher;ILjava/lang/CharSequence;)Z @ 50
Event: 64.357 Thread 0x0000000002b5d800 Uncommon trap: reason=class_check action=maybe_recompile pc=0x0000000003dda8b0 method=java.util.regex.Pattern$Branch.match(Ljava/util/regex/Matcher;ILjava/lang/CharSequence;)Z @ 50

Internal exceptions (10 events):
Event: 10.704 Thread 0x0000000002b5d800 Implicit null exception at 0x000000000370d985 to 0x000000000370ec81
Event: 21.221 Thread 0x0000000002b5d800 Exception <a 'java/lang/ClassNotFoundException': com/sun/tools/javac/api/JavacTool> (0x00000007570831f8) thrown at [C:\re\workspace\8-2-build-windows-amd64-cygwin\jdk8u131\8869\hotspot\src\share\vm\classfile\systemDictionary.cpp, line 210]
Event: 39.410 Thread 0x0000000002b5d800 Exception <a 'java/io/FileNotFoundException'> (0x000000075fabf198) thrown at [C:\re\workspace\8-2-build-windows-amd64-cygwin\jdk8u131\8869\hotspot\src\share\vm\prims\jni.cpp, line 709]
Event: 39.413 Thread 0x0000000002b5d800 Exception <a 'java/io/FileNotFoundException'> (0x000000075faf3a78) thrown at [C:\re\workspace\8-2-build-windows-amd64-cygwin\jdk8u131\8869\hotspot\src\share\vm\prims\jni.cpp, line 709]
Event: 51.145 Thread 0x0000000002b5d800 Exception <a 'java/io/FileNotFoundException'> (0x000000076437ada8) thrown at [C:\re\workspace\8-2-build-windows-amd64-cygwin\jdk8u131\8869\hotspot\src\share\vm\prims\jni.cpp, line 709]
Event: 52.194 Thread 0x0000000002b5d800 Implicit null exception at 0x00000000031bf8f3 to 0x00000000031bfd39
Event: 52.198 Thread 0x0000000002b5d800 Implicit null exception at 0x000000000315ba15 to 0x000000000315bc31
Event: 64.297 Thread 0x0000000002b5d800 Implicit null exception at 0x000000000402eb30 to 0x00000000040306fd
Event: 64.297 Thread 0x0000000002b5d800 Implicit null exception at 0x00000000040251f2 to 0x00000000040256b9
Event: 64.302 Thread 0x0000000002b5d800 Implicit null exception at 0x000000000402c130 to 0x000000000402c15d

Events (10 events):
Event: 64.353 Thread 0x0000000002b5d800 DEOPT UNPACKING pc=0x0000000002ba582a sp=0x000000000256c4b8 mode 2
Event: 64.355 Thread 0x0000000002b5d800 Uncommon trap: trap_request=0xffffffde fr.pc=0x0000000003dda8b0
Event: 64.355 Thread 0x0000000002b5d800 DEOPT PACKING pc=0x0000000003dda8b0 sp=0x000000000256c520
Event: 64.355 Thread 0x0000000002b5d800 DEOPT UNPACKING pc=0x0000000002ba582a sp=0x000000000256c4b8 mode 2
Event: 64.356 Thread 0x0000000002b5d800 Uncommon trap: trap_request=0xffffffde fr.pc=0x0000000003dda8b0
Event: 64.356 Thread 0x0000000002b5d800 DEOPT PACKING pc=0x0000000003dda8b0 sp=0x000000000256c520
Event: 64.356 Thread 0x0000000002b5d800 DEOPT UNPACKING pc=0x0000000002ba582a sp=0x000000000256c4b8 mode 2
Event: 64.357 Thread 0x0000000002b5d800 Uncommon trap: trap_request=0xffffffde fr.pc=0x0000000003dda8b0
Event: 64.357 Thread 0x0000000002b5d800 DEOPT PACKING pc=0x0000000003dda8b0 sp=0x000000000256c520
Event: 64.357 Thread 0x0000000002b5d800 DEOPT UNPACKING pc=0x0000000002ba582a sp=0x000000000256c4b8 mode 2


Dynamic libraries:
0x00007ff7663c0000 - 0x00007ff7663f7000 	C:\Program Files\Java\jdk1.8.0_131\bin\java.exe
0x00007ff927de0000 - 0x00007ff927fb2000 	C:\Windows\SYSTEM32\ntdll.dll
0x00007ff925600000 - 0x00007ff9256ac000 	C:\Windows\System32\KERNEL32.DLL
0x00007ff924440000 - 0x00007ff92465d000 	C:\Windows\System32\KERNELBASE.dll
0x00007ff925370000 - 0x00007ff925412000 	C:\Windows\System32\ADVAPI32.dll
0x00007ff926830000 - 0x00007ff9268ce000 	C:\Windows\System32\msvcrt.dll
0x00007ff925ca0000 - 0x00007ff925cf9000 	C:\Windows\System32\sechost.dll
0x00007ff9261c0000 - 0x00007ff9262e1000 	C:\Windows\System32\RPCRT4.dll
0x00007ff925fd0000 - 0x00007ff926135000 	C:\Windows\System32\USER32.dll
0x00007ff9247e0000 - 0x00007ff9247fe000 	C:\Windows\System32\win32u.dll
0x00007ff925420000 - 0x00007ff925454000 	C:\Windows\System32\GDI32.dll
0x00007ff924660000 - 0x00007ff9247e0000 	C:\Windows\System32\gdi32full.dll
0x00007ff9172e0000 - 0x00007ff91755a000 	C:\Windows\WinSxS\amd64_microsoft.windows.common-controls_6595b64144ccf1df_6.0.14393.953_none_42151e83c686086b\COMCTL32.dll
0x00007ff925d00000 - 0x00007ff925fc8000 	C:\Windows\System32\combase.dll
0x00007ff925270000 - 0x00007ff925365000 	C:\Windows\System32\ucrtbase.dll
0x00007ff9242e0000 - 0x00007ff92434a000 	C:\Windows\System32\bcryptPrimitives.dll
0x00007ff925c60000 - 0x00007ff925c8e000 	C:\Windows\System32\IMM32.DLL
0x0000000077da0000 - 0x0000000077e72000 	C:\Program Files\Java\jdk1.8.0_131\jre\bin\msvcr100.dll
0x0000000076380000 - 0x0000000076c1c000 	C:\Program Files\Java\jdk1.8.0_131\jre\bin\server\jvm.dll
0x00007ff925c90000 - 0x00007ff925c98000 	C:\Windows\System32\PSAPI.DLL
0x00007ff91f120000 - 0x00007ff91f129000 	C:\Windows\SYSTEM32\WSOCK32.dll
0x00007ff926390000 - 0x00007ff9263fa000 	C:\Windows\System32\WS2_32.dll
0x00007ff9221c0000 - 0x00007ff9221e3000 	C:\Windows\SYSTEM32\WINMM.dll
0x00007ff919bd0000 - 0x00007ff919bda000 	C:\Windows\SYSTEM32\VERSION.dll
0x00007ff922190000 - 0x00007ff9221bb000 	C:\Windows\SYSTEM32\WINMMBASE.dll
0x00007ff9243f0000 - 0x00007ff924432000 	C:\Windows\System32\cfgmgr32.dll
0x0000000077d90000 - 0x0000000077d9f000 	C:\Program Files\Java\jdk1.8.0_131\jre\bin\verify.dll
0x0000000077d60000 - 0x0000000077d89000 	C:\Program Files\Java\jdk1.8.0_131\jre\bin\java.dll
0x0000000077d40000 - 0x0000000077d56000 	C:\Program Files\Java\jdk1.8.0_131\jre\bin\zip.dll
0x00007ff9268d0000 - 0x00007ff927dd8000 	C:\Windows\System32\SHELL32.dll
0x00007ff924a80000 - 0x00007ff925158000 	C:\Windows\System32\windows.storage.dll
0x00007ff924280000 - 0x00007ff9242cc000 	C:\Windows\System32\powrprof.dll
0x00007ff925480000 - 0x00007ff9254d2000 	C:\Windows\System32\shlwapi.dll
0x00007ff924270000 - 0x00007ff92427f000 	C:\Windows\System32\kernel.appcore.dll
0x00007ff9251c0000 - 0x00007ff925269000 	C:\Windows\System32\shcore.dll
0x00007ff924250000 - 0x00007ff924264000 	C:\Windows\System32\profapi.dll
0x00007ff9222b0000 - 0x00007ff9222c0000 	C:\Program Files (x86)\JetBrains\IntelliJ IDEA 2016.3.4\bin\breakgen64.dll
0x0000000077cc0000 - 0x0000000077cda000 	C:\Program Files\Java\jdk1.8.0_131\jre\bin\net.dll
0x00007ff923b50000 - 0x00007ff923bac000 	C:\Windows\system32\mswsock.dll
0x0000000077ca0000 - 0x0000000077cb1000 	C:\Program Files\Java\jdk1.8.0_131\jre\bin\nio.dll

VM Arguments:
jvm_args: -Dmaven.multiModuleProjectDirectory=E:\work\gofobao\apllo -Dmaven.home=D:\JAVA_ENV\apache-maven-3.3.9 -Dclassworlds.conf=D:\JAVA_ENV\apache-maven-3.3.9\bin\m2.conf -Didea.launcher.port=7532 -Didea.launcher.bin.path=C:\Program Files (x86)\JetBrains\IntelliJ IDEA 2016.3.4\bin -Dfile.encoding=UTF-8 
java_command: com.intellij.rt.execution.application.AppMain org.codehaus.classworlds.Launcher -Didea.version=2016.3.4 -DskipTests=true package
java_class_path (initial): D:\JAVA_ENV\apache-maven-3.3.9\boot\plexus-classworlds-2.5.2.jar;C:\Program Files (x86)\JetBrains\IntelliJ IDEA 2016.3.4\lib\idea_rt.jar
Launcher Type: SUN_STANDARD

Environment Variables:
JAVA_HOME=C:\Program Files\Java\jdk1.8.0_111
PATH=C:\ProgramData\Oracle\Java\javapath;C:\Windows\system32;C:\Windows;C:\Windows\System32\Wbem;C:\Windows\System32\WindowsPowerShell\v1.0\;C:\Program Files\Java\jdk1.8.0_111\bin;C:\Program Files\Java\jdk1.8.0_111\jre\bin;D:\JAVA_ENV\apache-maven-3.3.9\bin;C:\Program Files\Redis\;C:\Program Files\Git\cmd;C:\Program Files (x86)\GtkSharp\2.12\bin;C:\Users\Max\AppData\Local\Microsoft\WindowsApps;;C:\Program Files (x86)\Microsoft VS Code\bin
USERNAME=Max
OS=Windows_NT
PROCESSOR_IDENTIFIER=Intel64 Family 6 Model 60 Stepping 3, GenuineIntel



---------------  S Y S T E M  ---------------

OS: Windows 10.0 , 64 bit Build 14393 (10.0.14393.1198)

CPU:total 4 (initial active 4) (4 cores per cpu, 1 threads per core) family 6 model 60 stepping 3, cmov, cx8, fxsr, mmx, sse, sse2, sse3, ssse3, sse4.1, sse4.2, popcnt, avx, avx2, aes, clmul, erms, lzcnt, tsc, tscinvbit, bmi1, bmi2

Memory: 4k page, physical 20869072k(552772k free), swap 33976396k(1216k free)

vm_info: Java HotSpot(TM) 64-Bit Server VM (25.131-b11) for windows-amd64 JRE (1.8.0_131-b11), built on Mar 15 2017 01:23:53 by "java_re" with MS VC++ 10.0 (VS2010)

time: Mon Nov 27 18:57:51 2017
elapsed time: 64 seconds (0d 0h 1m 4s)

