#
# There is insufficient memory for the Java Runtime Environment to continue.
# Native memory allocation (malloc) failed to allocate 1074256 bytes for Chunk::new
# Possible reasons:
#   The system is out of physical RAM or swap space
#   In 32 bit mode, the process size limit was hit
# Possible solutions:
#   Reduce memory load on the system
#   Increase physical memory or swap space
#   Check if swap backing store is full
#   Use 64 bit Java on a 64 bit OS
#   Decrease Java heap size (-Xmx/-Xms)
#   Decrease number of Java threads
#   Decrease Java thread stack sizes (-Xss)
#   Set larger code cache with -XX:ReservedCodeCacheSize=
# This output file may be truncated or incomplete.
#
#  Out of Memory Error (allocation.cpp:390), pid=1450036, tid=0x00000000001623cc
#
# JRE version: Java(TM) SE Runtime Environment (8.0_131-b11) (build 1.8.0_131-b11)
# Java VM: Java HotSpot(TM) 64-Bit Server VM (25.131-b11 mixed mode windows-amd64 compressed oops)
# Failed to write core dump. Minidumps are not enabled by default on client versions of Windows
#

---------------  T H R E A D  ---------------

Current thread (0x000000001e9ce000):  JavaThread "C2 CompilerThread1" daemon [_thread_in_native, id=1450956, stack(0x0000000020420000,0x0000000020520000)]

Stack: [0x0000000020420000,0x0000000020520000]
[error occurred during error reporting (printing stack bounds), id 0xc0000005]

Native frames: (J=compiled Java code, j=interpreted, Vv=VM code, C=native code)


Current CompileTask:
C2:  97809 9201       4       com.sun.tools.javac.comp.Infer$IncorporationStep$1::apply (256 bytes)


---------------  P R O C E S S  ---------------

Java Threads: ( => current thread )
  0x000000001fe3c800 JavaThread "Monitor Ctrl-Break" daemon [_thread_in_native, id=1451280, stack(0x0000000020850000,0x0000000020950000)]
  0x000000001fd9a000 JavaThread "Service Thread" daemon [_thread_blocked, id=1450448, stack(0x0000000020620000,0x0000000020720000)]
  0x000000001fd66000 JavaThread "C1 CompilerThread2" daemon [_thread_blocked, id=1451140, stack(0x0000000020520000,0x0000000020620000)]
=>0x000000001e9ce000 JavaThread "C2 CompilerThread1" daemon [_thread_in_native, id=1450956, stack(0x0000000020420000,0x0000000020520000)]
  0x000000001e9ca800 JavaThread "C2 CompilerThread0" daemon [_thread_in_native, id=1448836, stack(0x0000000020320000,0x0000000020420000)]
  0x000000001e97d800 JavaThread "Attach Listener" daemon [_thread_blocked, id=1445068, stack(0x0000000020220000,0x0000000020320000)]
  0x000000001e97c800 JavaThread "Signal Dispatcher" daemon [_thread_blocked, id=1451432, stack(0x0000000020120000,0x0000000020220000)]
  0x0000000002dab800 JavaThread "Finalizer" daemon [_thread_blocked, id=1447332, stack(0x000000001fbc0000,0x000000001fcc0000)]
  0x0000000002da1000 JavaThread "Reference Handler" daemon [_thread_blocked, id=1447628, stack(0x000000001fac0000,0x000000001fbc0000)]
  0x00000000027ed800 JavaThread "main" [_thread_in_Java, id=1394976, stack(0x0000000002bb0000,0x0000000002cb0000)]

Other Threads:
  0x000000001e937000 VMThread [stack: 0x000000001f9c0000,0x000000001fac0000] [id=1450160]
  0x000000001fe06800 WatcherThread [stack: 0x0000000020720000,0x0000000020820000] [id=1449676]

VM state:not at safepoint (normal execution)

VM Mutex/Monitor currently owned by a thread: None

Heap:
 PSYoungGen      total 1002496K, used 264957K [0x0000000755d80000, 0x00000007a3800000, 0x00000007c0000000)
  eden space 901632K, 20% used [0x0000000755d80000,0x00000007615def08,0x000000078ce00000)
  from space 100864K, 75% used [0x000000078ce00000,0x0000000791860608,0x0000000793080000)
  to   space 107520K, 0% used [0x000000079cf00000,0x000000079cf00000,0x00000007a3800000)
 ParOldGen       total 377856K, used 293229K [0x0000000681800000, 0x0000000698900000, 0x0000000755d80000)
  object space 377856K, 77% used [0x0000000681800000,0x000000069365b630,0x0000000698900000)
 Metaspace       used 26912K, capacity 27582K, committed 27776K, reserved 1073152K
  class space    used 2959K, capacity 3149K, committed 3200K, reserved 1048576K

Card table byte_map: [0x0000000012170000,0x0000000012b70000] byte_map_base: 0x000000000ed64000

Marking Bits: (ParMarkBitMap*) 0x0000000076b9c720
 Begin Bits: [0x0000000013620000, 0x00000000185c0000)
 End Bits:   [0x00000000185c0000, 0x000000001d560000)

Polling page: 0x0000000001090000

CodeCache: size=245760Kb used=29607Kb max_used=30984Kb free=216152Kb
 bounds [0x0000000002db0000, 0x0000000004c30000, 0x0000000011db0000]
 total_blobs=7065 nmethods=6674 adapters=302
 compilation: enabled

Compilation events (10 events):
Event: 97.459 Thread 0x000000001e9ca800 nmethod 9211 0x0000000003b82290 code [0x0000000003b82400, 0x0000000003b825c8]
Event: 97.499 Thread 0x000000001fd66000 9217       3       com.sun.tools.javac.comp.Attr::checkIdInternal (680 bytes)
Event: 97.504 Thread 0x000000001fd66000 nmethod 9217 0x000000000359a7d0 code [0x000000000359af60, 0x00000000035a0a08]
Event: 97.504 Thread 0x000000001fd66000 9218       3       com.sun.tools.javac.comp.Check::checkPotentiallyAmbiguousOverloads (453 bytes)
Event: 97.507 Thread 0x000000001fd66000 nmethod 9218 0x00000000040d9050 code [0x00000000040d9680, 0x00000000040ddda8]
Event: 97.539 Thread 0x000000001fd66000 9219       3       com.sun.tools.javac.comp.Lower::makeLit (21 bytes)
Event: 97.539 Thread 0x000000001fd66000 nmethod 9219 0x0000000003941090 code [0x0000000003941240, 0x0000000003941938]
Event: 97.570 Thread 0x000000001e9ca800 9220 %     4       com.sun.tools.javac.jvm.ClassWriter::writePool @ 18 (1051 bytes)
Event: 97.624 Thread 0x000000001fd66000 9222       3       java.lang.Double::doubleToLongBits (33 bytes)
Event: 97.624 Thread 0x000000001fd66000 nmethod 9222 0x00000000040a9bd0 code [0x00000000040a9d20, 0x00000000040a9f10]

GC Heap History (10 events):
Event: 58.835 GC heap before
{Heap before GC invocations=23 (full 2):
 PSYoungGen      total 654848K, used 640113K [0x0000000755d80000, 0x0000000782b00000, 0x00000007c0000000)
  eden space 593920K, 100% used [0x0000000755d80000,0x000000077a180000,0x000000077a180000)
  from space 60928K, 75% used [0x000000077e080000,0x0000000780d9c5a0,0x0000000781c00000)
  to   space 64512K, 0% used [0x000000077a180000,0x000000077a180000,0x000000077e080000)
 ParOldGen       total 377856K, used 169565K [0x0000000681800000, 0x0000000698900000, 0x0000000755d80000)
  object space 377856K, 44% used [0x0000000681800000,0x000000068bd97798,0x0000000698900000)
 Metaspace       used 24810K, capacity 25516K, committed 25600K, reserved 1071104K
  class space    used 2800K, capacity 3018K, committed 3072K, reserved 1048576K
Event: 59.014 GC heap after
Heap after GC invocations=23 (full 2):
 PSYoungGen      total 658432K, used 36209K [0x0000000755d80000, 0x000000078b600000, 0x00000007c0000000)
  eden space 593920K, 0% used [0x0000000755d80000,0x0000000755d80000,0x000000077a180000)
  from space 64512K, 56% used [0x000000077a180000,0x000000077c4dc460,0x000000077e080000)
  to   space 64000K, 0% used [0x0000000787780000,0x0000000787780000,0x000000078b600000)
 ParOldGen       total 377856K, used 197314K [0x0000000681800000, 0x0000000698900000, 0x0000000755d80000)
  object space 377856K, 52% used [0x0000000681800000,0x000000068d8b0958,0x0000000698900000)
 Metaspace       used 24810K, capacity 25516K, committed 25600K, reserved 1071104K
  class space    used 2800K, capacity 3018K, committed 3072K, reserved 1048576K
}
Event: 61.406 GC heap before
{Heap before GC invocations=24 (full 2):
 PSYoungGen      total 658432K, used 630129K [0x0000000755d80000, 0x000000078b600000, 0x00000007c0000000)
  eden space 593920K, 100% used [0x0000000755d80000,0x000000077a180000,0x000000077a180000)
  from space 64512K, 56% used [0x000000077a180000,0x000000077c4dc460,0x000000077e080000)
  to   space 64000K, 0% used [0x0000000787780000,0x0000000787780000,0x000000078b600000)
 ParOldGen       total 377856K, used 197314K [0x0000000681800000, 0x0000000698900000, 0x0000000755d80000)
  object space 377856K, 52% used [0x0000000681800000,0x000000068d8b0958,0x0000000698900000)
 Metaspace       used 24823K, capacity 25534K, committed 25600K, reserved 1071104K
  class space    used 2803K, capacity 3021K, committed 3072K, reserved 1048576K
Event: 61.623 GC heap after
Heap after GC invocations=24 (full 2):
 PSYoungGen      total 785920K, used 63972K [0x0000000755d80000, 0x000000078ee80000, 0x00000007c0000000)
  eden space 721920K, 0% used [0x0000000755d80000,0x0000000755d80000,0x0000000781e80000)
  from space 64000K, 99% used [0x0000000787780000,0x000000078b5f92c0,0x000000078b600000)
  to   space 91136K, 0% used [0x0000000781e80000,0x0000000781e80000,0x0000000787780000)
 ParOldGen       total 377856K, used 245220K [0x0000000681800000, 0x0000000698900000, 0x0000000755d80000)
  object space 377856K, 64% used [0x0000000681800000,0x0000000690779198,0x0000000698900000)
 Metaspace       used 24823K, capacity 25534K, committed 25600K, reserved 1071104K
  class space    used 2803K, capacity 3021K, committed 3072K, reserved 1048576K
}
Event: 66.209 GC heap before
{Heap before GC invocations=25 (full 2):
 PSYoungGen      total 785920K, used 785892K [0x0000000755d80000, 0x000000078ee80000, 0x00000007c0000000)
  eden space 721920K, 100% used [0x0000000755d80000,0x0000000781e80000,0x0000000781e80000)
  from space 64000K, 99% used [0x0000000787780000,0x000000078b5f92c0,0x000000078b600000)
  to   space 91136K, 0% used [0x0000000781e80000,0x0000000781e80000,0x0000000787780000)
 ParOldGen       total 377856K, used 245220K [0x0000000681800000, 0x0000000698900000, 0x0000000755d80000)
  object space 377856K, 64% used [0x0000000681800000,0x0000000690779198,0x0000000698900000)
 Metaspace       used 24905K, capacity 25598K, committed 25856K, reserved 1073152K
  class space    used 2812K, capacity 3021K, committed 3072K, reserved 1048576K
Event: 66.363 GC heap after
Heap after GC invocations=25 (full 2):
 PSYoungGen      total 813056K, used 67609K [0x0000000755d80000, 0x0000000798f00000, 0x00000007c0000000)
  eden space 721920K, 0% used [0x0000000755d80000,0x0000000755d80000,0x0000000781e80000)
  from space 91136K, 74% used [0x0000000781e80000,0x0000000786086658,0x0000000787780000)
  to   space 96768K, 0% used [0x0000000793080000,0x0000000793080000,0x0000000798f00000)
 ParOldGen       total 377856K, used 254946K [0x0000000681800000, 0x0000000698900000, 0x0000000755d80000)
  object space 377856K, 67% used [0x0000000681800000,0x00000006910f8898,0x0000000698900000)
 Metaspace       used 24905K, capacity 25598K, committed 25856K, reserved 1073152K
  class space    used 2812K, capacity 3021K, committed 3072K, reserved 1048576K
}
Event: 70.622 GC heap before
{Heap before GC invocations=26 (full 2):
 PSYoungGen      total 813056K, used 789529K [0x0000000755d80000, 0x0000000798f00000, 0x00000007c0000000)
  eden space 721920K, 100% used [0x0000000755d80000,0x0000000781e80000,0x0000000781e80000)
  from space 91136K, 74% used [0x0000000781e80000,0x0000000786086658,0x0000000787780000)
  to   space 96768K, 0% used [0x0000000793080000,0x0000000793080000,0x0000000798f00000)
 ParOldGen       total 377856K, used 254946K [0x0000000681800000, 0x0000000698900000, 0x0000000755d80000)
  object space 377856K, 67% used [0x0000000681800000,0x00000006910f8898,0x0000000698900000)
 Metaspace       used 24915K, capacity 25662K, committed 25856K, reserved 1073152K
  class space    used 2812K, capacity 3021K, committed 3072K, reserved 1048576K
Event: 70.831 GC heap after
Heap after GC invocations=26 (full 2):
 PSYoungGen      total 998400K, used 66213K [0x0000000755d80000, 0x0000000799300000, 0x00000007c0000000)
  eden space 901632K, 0% used [0x0000000755d80000,0x0000000755d80000,0x000000078ce00000)
  from space 96768K, 68% used [0x0000000793080000,0x0000000797129620,0x0000000798f00000)
  to   space 100864K, 0% used [0x000000078ce00000,0x000000078ce00000,0x0000000793080000)
 ParOldGen       total 377856K, used 293205K [0x0000000681800000, 0x0000000698900000, 0x0000000755d80000)
  object space 377856K, 77% used [0x0000000681800000,0x0000000693655630,0x0000000698900000)
 Metaspace       used 24915K, capacity 25662K, committed 25856K, reserved 1073152K
  class space    used 2812K, capacity 3021K, committed 3072K, reserved 1048576K
}
Event: 87.182 GC heap before
{Heap before GC invocations=27 (full 2):
 PSYoungGen      total 998400K, used 967845K [0x0000000755d80000, 0x0000000799300000, 0x00000007c0000000)
  eden space 901632K, 100% used [0x0000000755d80000,0x000000078ce00000,0x000000078ce00000)
  from space 96768K, 68% used [0x0000000793080000,0x0000000797129620,0x0000000798f00000)
  to   space 100864K, 0% used [0x000000078ce00000,0x000000078ce00000,0x0000000793080000)
 ParOldGen       total 377856K, used 293205K [0x0000000681800000, 0x0000000698900000, 0x0000000755d80000)
  object space 377856K, 77% used [0x0000000681800000,0x0000000693655630,0x0000000698900000)
 Metaspace       used 26833K, capacity 27454K, committed 27520K, reserved 1073152K
  class space    used 2958K, capacity 3149K, committed 3200K, reserved 1048576K
Event: 87.445 GC heap after
Heap after GC invocations=27 (full 2):
 PSYoungGen      total 1002496K, used 76161K [0x0000000755d80000, 0x00000007a3800000, 0x00000007c0000000)
  eden space 901632K, 0% used [0x0000000755d80000,0x0000000755d80000,0x000000078ce00000)
  from space 100864K, 75% used [0x000000078ce00000,0x0000000791860608,0x0000000793080000)
  to   space 107520K, 0% used [0x000000079cf00000,0x000000079cf00000,0x00000007a3800000)
 ParOldGen       total 377856K, used 293229K [0x0000000681800000, 0x0000000698900000, 0x0000000755d80000)
  object space 377856K, 77% used [0x0000000681800000,0x000000069365b630,0x0000000698900000)
 Metaspace       used 26833K, capacity 27454K, committed 27520K, reserved 1073152K
  class space    used 2958K, capacity 3149K, committed 3200K, reserved 1048576K
}

Deoptimization events (10 events):
Event: 93.020 Thread 0x00000000027ed800 Uncommon trap: reason=unstable_if action=reinterpret pc=0x0000000003e6ec20 method=com.sun.tools.javac.comp.Attr.visitSelect(Lcom/sun/tools/javac/tree/JCTree$JCFieldAccess;)V @ 1028
Event: 93.027 Thread 0x00000000027ed800 Uncommon trap: reason=unstable_if action=reinterpret pc=0x0000000004625870 method=com.sun.tools.javac.jvm.Gen.visitSelect(Lcom/sun/tools/javac/tree/JCTree$JCFieldAccess;)V @ 307
Event: 93.865 Thread 0x00000000027ed800 Uncommon trap: reason=class_check action=maybe_recompile pc=0x0000000004971760 method=com.sun.tools.javac.code.Types.isSubtypeUncheckedInternal(Lcom/sun/tools/javac/code/Type;Lcom/sun/tools/javac/code/Type;Lcom/sun/tools/javac/util/Warner;)Z @ 159
Event: 96.541 Thread 0x00000000027ed800 Uncommon trap: reason=class_check action=maybe_recompile pc=0x0000000004971760 method=com.sun.tools.javac.code.Types.isSubtypeUncheckedInternal(Lcom/sun/tools/javac/code/Type;Lcom/sun/tools/javac/code/Type;Lcom/sun/tools/javac/util/Warner;)Z @ 159
Event: 96.541 Thread 0x00000000027ed800 Uncommon trap: reason=class_check action=maybe_recompile pc=0x0000000004971760 method=com.sun.tools.javac.code.Types.isSubtypeUncheckedInternal(Lcom/sun/tools/javac/code/Type;Lcom/sun/tools/javac/code/Type;Lcom/sun/tools/javac/util/Warner;)Z @ 159
Event: 97.299 Thread 0x00000000027ed800 Uncommon trap: reason=unstable_if action=reinterpret pc=0x0000000004009d4c method=com.sun.tools.javac.code.Types$SameTypeVisitor.visitType(Lcom/sun/tools/javac/code/Type;Lcom/sun/tools/javac/code/Type;)Ljava/lang/Boolean; @ 123
Event: 97.304 Thread 0x00000000027ed800 Uncommon trap: reason=class_check action=maybe_recompile pc=0x0000000004ba1880 method=com.sun.tools.javac.code.Types.cvarLowerBound(Lcom/sun/tools/javac/code/Type;)Lcom/sun/tools/javac/code/Type; @ 11
Event: 97.304 Thread 0x00000000027ed800 Uncommon trap: reason=class_check action=maybe_recompile pc=0x0000000004ba1880 method=com.sun.tools.javac.code.Types.cvarLowerBound(Lcom/sun/tools/javac/code/Type;)Lcom/sun/tools/javac/code/Type; @ 11
Event: 97.447 Thread 0x00000000027ed800 Uncommon trap: reason=unstable_if action=reinterpret pc=0x0000000003df7a54 method=com.sun.tools.javac.comp.Check.checkDeprecated(Lcom/sun/tools/javac/util/JCDiagnostic$DiagnosticPosition;Lcom/sun/tools/javac/code/Symbol;Lcom/sun/tools/javac/code/Symbol;)V
Event: 97.502 Thread 0x00000000027ed800 Uncommon trap: reason=class_check action=maybe_recompile pc=0x0000000004a7aa2c method=com.sun.tools.javac.jvm.Items$ImmediateItem.coerce(I)Lcom/sun/tools/javac/jvm/Items$Item; @ 195

Internal exceptions (10 events):
Event: 46.747 Thread 0x00000000027ed800 Implicit null exception at 0x0000000003f20d30 to 0x0000000003f20d5d
Event: 62.780 Thread 0x00000000027ed800 Implicit null exception at 0x0000000003ee1eb1 to 0x0000000003ee23b1
Event: 63.641 Thread 0x00000000027ed800 Implicit null exception at 0x000000000406a07f to 0x000000000406a34d
Event: 70.842 Thread 0x00000000027ed800 Implicit null exception at 0x0000000003f72703 to 0x0000000003f74efd
Event: 70.842 Thread 0x00000000027ed800 Implicit null exception at 0x0000000003a1548c to 0x0000000003a154cd
Event: 73.081 Thread 0x00000000027ed800 Exception <a 'java/io/FileNotFoundException'> (0x000000076a3ea1f8) thrown at [C:\re\workspace\8-2-build-windows-amd64-cygwin\jdk8u131\8869\hotspot\src\share\vm\prims\jni.cpp, line 709]
Event: 83.084 Thread 0x00000000027ed800 Implicit null exception at 0x0000000004031ccc to 0x0000000004031ceb
Event: 88.061 Thread 0x00000000027ed800 Implicit null exception at 0x0000000004b73095 to 0x0000000004b731ad
Event: 88.150 Thread 0x00000000027ed800 Implicit null exception at 0x0000000004084e99 to 0x0000000004085365
Event: 88.597 Thread 0x00000000027ed800 Implicit null exception at 0x0000000003501de0 to 0x0000000003502305

Events (10 events):
Event: 97.304 Thread 0x00000000027ed800 DEOPT PACKING pc=0x0000000004ba1880 sp=0x0000000002cabb10
Event: 97.304 Thread 0x00000000027ed800 DEOPT UNPACKING pc=0x0000000002df582a sp=0x0000000002cabaa0 mode 2
Event: 97.447 Thread 0x00000000027ed800 Uncommon trap: trap_request=0xffffff65 fr.pc=0x0000000003df7a54
Event: 97.447 Thread 0x00000000027ed800 DEOPT PACKING pc=0x0000000003df7a54 sp=0x0000000002cac670
Event: 97.447 Thread 0x00000000027ed800 DEOPT UNPACKING pc=0x0000000002df582a sp=0x0000000002cac5c8 mode 2
Event: 97.447 loading class com/sun/tools/javac/comp/Check$7
Event: 97.447 loading class com/sun/tools/javac/comp/Check$7 done
Event: 97.501 Thread 0x00000000027ed800 Uncommon trap: trap_request=0xffffffde fr.pc=0x0000000004a7aa2c
Event: 97.502 Thread 0x00000000027ed800 DEOPT PACKING pc=0x0000000004a7aa2c sp=0x0000000002cac960
Event: 97.502 Thread 0x00000000027ed800 DEOPT UNPACKING pc=0x0000000002df582a sp=0x0000000002cac8f8 mode 2


Dynamic libraries:
0x00007ff7663c0000 - 0x00007ff7663f7000 	C:\Program Files\Java\jdk1.8.0_131\bin\java.exe
0x00007ff927de0000 - 0x00007ff927fb2000 	C:\Windows\SYSTEM32\ntdll.dll
0x00007ff925600000 - 0x00007ff9256ac000 	C:\Windows\System32\KERNEL32.DLL
0x00007ff924440000 - 0x00007ff92465d000 	C:\Windows\System32\KERNELBASE.dll
0x00007ff925370000 - 0x00007ff925412000 	C:\Windows\System32\ADVAPI32.dll
0x00007ff926830000 - 0x00007ff9268ce000 	C:\Windows\System32\msvcrt.dll
0x00007ff925ca0000 - 0x00007ff925cf9000 	C:\Windows\System32\sechost.dll
0x00007ff9261c0000 - 0x00007ff9262e1000 	C:\Windows\System32\RPCRT4.dll
0x00007ff925fd0000 - 0x00007ff926135000 	C:\Windows\System32\USER32.dll
0x00007ff9247e0000 - 0x00007ff9247fe000 	C:\Windows\System32\win32u.dll
0x00007ff925420000 - 0x00007ff925454000 	C:\Windows\System32\GDI32.dll
0x00007ff924660000 - 0x00007ff9247e0000 	C:\Windows\System32\gdi32full.dll
0x00007ff9172e0000 - 0x00007ff91755a000 	C:\Windows\WinSxS\amd64_microsoft.windows.common-controls_6595b64144ccf1df_6.0.14393.953_none_42151e83c686086b\COMCTL32.dll
0x00007ff925d00000 - 0x00007ff925fc8000 	C:\Windows\System32\combase.dll
0x00007ff925270000 - 0x00007ff925365000 	C:\Windows\System32\ucrtbase.dll
0x00007ff9242e0000 - 0x00007ff92434a000 	C:\Windows\System32\bcryptPrimitives.dll
0x00007ff925c60000 - 0x00007ff925c8e000 	C:\Windows\System32\IMM32.DLL
0x0000000077da0000 - 0x0000000077e72000 	C:\Program Files\Java\jdk1.8.0_131\jre\bin\msvcr100.dll
0x0000000076380000 - 0x0000000076c1c000 	C:\Program Files\Java\jdk1.8.0_131\jre\bin\server\jvm.dll
0x00007ff925c90000 - 0x00007ff925c98000 	C:\Windows\System32\PSAPI.DLL
0x00007ff9221c0000 - 0x00007ff9221e3000 	C:\Windows\SYSTEM32\WINMM.dll
0x00007ff91f120000 - 0x00007ff91f129000 	C:\Windows\SYSTEM32\WSOCK32.dll
0x00007ff919bd0000 - 0x00007ff919bda000 	C:\Windows\SYSTEM32\VERSION.dll
0x00007ff926390000 - 0x00007ff9263fa000 	C:\Windows\System32\WS2_32.dll
0x0000000002810000 - 0x000000000283b000 	C:\Windows\SYSTEM32\WINMMBASE.dll
0x00007ff9243f0000 - 0x00007ff924432000 	C:\Windows\System32\cfgmgr32.dll
0x0000000077d90000 - 0x0000000077d9f000 	C:\Program Files\Java\jdk1.8.0_131\jre\bin\verify.dll
0x0000000077d60000 - 0x0000000077d89000 	C:\Program Files\Java\jdk1.8.0_131\jre\bin\java.dll
0x0000000077d40000 - 0x0000000077d56000 	C:\Program Files\Java\jdk1.8.0_131\jre\bin\zip.dll
0x00007ff9268d0000 - 0x00007ff927dd8000 	C:\Windows\System32\SHELL32.dll
0x00007ff924a80000 - 0x00007ff925158000 	C:\Windows\System32\windows.storage.dll
0x00007ff924280000 - 0x00007ff9242cc000 	C:\Windows\System32\powrprof.dll
0x00007ff925480000 - 0x00007ff9254d2000 	C:\Windows\System32\shlwapi.dll
0x00007ff924270000 - 0x00007ff92427f000 	C:\Windows\System32\kernel.appcore.dll
0x00007ff9251c0000 - 0x00007ff925269000 	C:\Windows\System32\shcore.dll
0x00007ff924250000 - 0x00007ff924264000 	C:\Windows\System32\profapi.dll
0x00007ff91e5b0000 - 0x00007ff91e5c0000 	C:\Program Files (x86)\JetBrains\IntelliJ IDEA 2016.3.4\bin\breakgen64.dll
0x0000000077cc0000 - 0x0000000077cda000 	C:\Program Files\Java\jdk1.8.0_131\jre\bin\net.dll
0x00007ff923b50000 - 0x00007ff923bac000 	C:\Windows\system32\mswsock.dll
0x0000000077ca0000 - 0x0000000077cb1000 	C:\Program Files\Java\jdk1.8.0_131\jre\bin\nio.dll

VM Arguments:
jvm_args: -Dmaven.multiModuleProjectDirectory=E:\work\gofobao\apllo -Dmaven.home=D:\JAVA_ENV\apache-maven-3.3.9 -Dclassworlds.conf=D:\JAVA_ENV\apache-maven-3.3.9\bin\m2.conf -Didea.launcher.port=7532 -Didea.launcher.bin.path=C:\Program Files (x86)\JetBrains\IntelliJ IDEA 2016.3.4\bin -Dfile.encoding=UTF-8 
java_command: com.intellij.rt.execution.application.AppMain org.codehaus.classworlds.Launcher -Didea.version=2016.3.4 -DskipTests=true package
java_class_path (initial): D:\JAVA_ENV\apache-maven-3.3.9\boot\plexus-classworlds-2.5.2.jar;C:\Program Files (x86)\JetBrains\IntelliJ IDEA 2016.3.4\lib\idea_rt.jar
Launcher Type: SUN_STANDARD

Environment Variables:
JAVA_HOME=C:\Program Files\Java\jdk1.8.0_111
PATH=C:\ProgramData\Oracle\Java\javapath;C:\Windows\system32;C:\Windows;C:\Windows\System32\Wbem;C:\Windows\System32\WindowsPowerShell\v1.0\;C:\Program Files\Java\jdk1.8.0_111\bin;C:\Program Files\Java\jdk1.8.0_111\jre\bin;D:\JAVA_ENV\apache-maven-3.3.9\bin;C:\Program Files\Redis\;C:\Program Files\Git\cmd;C:\Program Files (x86)\GtkSharp\2.12\bin;C:\Users\Max\AppData\Local\Microsoft\WindowsApps;;C:\Program Files (x86)\Microsoft VS Code\bin
USERNAME=Max
OS=Windows_NT
PROCESSOR_IDENTIFIER=Intel64 Family 6 Model 60 Stepping 3, GenuineIntel



---------------  S Y S T E M  ---------------

OS: Windows 10.0 , 64 bit Build 14393 (10.0.14393.1198)

CPU:total 4 (initial active 4) (4 cores per cpu, 1 threads per core) family 6 model 60 stepping 3, cmov, cx8, fxsr, mmx, sse, sse2, sse3, ssse3, sse4.1, sse4.2, popcnt, avx, avx2, aes, clmul, erms, lzcnt, tsc, tscinvbit, bmi1, bmi2

Memory: 4k page, physical 20869072k(588312k free), swap 33976396k(1088k free)

vm_info: Java HotSpot(TM) 64-Bit Server VM (25.131-b11) for windows-amd64 JRE (1.8.0_131-b11), built on Mar 15 2017 01:23:53 by "java_re" with MS VC++ 10.0 (VS2010)

time: Wed Nov 29 10:40:24 2017
elapsed time: 97 seconds (0d 0h 1m 37s)

