#
# There is insufficient memory for the Java Runtime Environment to continue.
# Native memory allocation (malloc) failed to allocate 32744 bytes for ChunkPool::allocate
# Possible reasons:
#   The system is out of physical RAM or swap space
#   In 32 bit mode, the process size limit was hit
# Possible solutions:
#   Reduce memory load on the system
#   Increase physical memory or swap space
#   Check if swap backing store is full
#   Use 64 bit Java on a 64 bit OS
#   Decrease Java heap size (-Xmx/-Xms)
#   Decrease number of Java threads
#   Decrease Java thread stack sizes (-Xss)
#   Set larger code cache with -XX:ReservedCodeCacheSize=
# This output file may be truncated or incomplete.
#
#  Out of Memory Error (allocation.cpp:273), pid=1367312, tid=0x000000000014dca8
#
# JRE version: Java(TM) SE Runtime Environment (8.0_131-b11) (build 1.8.0_131-b11)
# Java VM: Java HotSpot(TM) 64-Bit Server VM (25.131-b11 mixed mode windows-amd64 compressed oops)
# Failed to write core dump. Minidumps are not enabled by default on client versions of Windows
#

---------------  T H R E A D  ---------------

Current thread (0x000000001ec6c800):  JavaThread "C2 CompilerThread0" daemon [_thread_in_native, id=1367208, stack(0x0000000020610000,0x0000000020710000)]

Stack: [0x0000000020610000,0x0000000020710000]
[error occurred during error reporting (printing stack bounds), id 0xc0000005]

Native frames: (J=compiled Java code, j=interpreted, Vv=VM code, C=native code)


Current CompileTask:
C2:  56508 6071       4       java.lang.String::format (16 bytes)


---------------  P R O C E S S  ---------------

Java Threads: ( => current thread )
  0x00000000200fd800 JavaThread "Monitor Ctrl-Break" daemon [_thread_in_native, id=1367988, stack(0x0000000020b10000,0x0000000020c10000)]
  0x0000000020081800 JavaThread "Service Thread" daemon [_thread_blocked, id=1368456, stack(0x0000000020910000,0x0000000020a10000)]
  0x000000001ecbe800 JavaThread "C1 CompilerThread2" daemon [_thread_blocked, id=1366020, stack(0x0000000020810000,0x0000000020910000)]
  0x000000001ecbd000 JavaThread "C2 CompilerThread1" daemon [_thread_in_native, id=1359960, stack(0x0000000020710000,0x0000000020810000)]
=>0x000000001ec6c800 JavaThread "C2 CompilerThread0" daemon [_thread_in_native, id=1367208, stack(0x0000000020610000,0x0000000020710000)]
  0x000000001ecb9800 JavaThread "Attach Listener" daemon [_thread_blocked, id=1357664, stack(0x0000000020510000,0x0000000020610000)]
  0x0000000020018800 JavaThread "Signal Dispatcher" daemon [_thread_blocked, id=1339432, stack(0x0000000020410000,0x0000000020510000)]
  0x000000001ec48800 JavaThread "Finalizer" daemon [_thread_blocked, id=1365276, stack(0x000000001feb0000,0x000000001ffb0000)]
  0x0000000003041000 JavaThread "Reference Handler" daemon [_thread_blocked, id=1366784, stack(0x000000001fdb0000,0x000000001feb0000)]
  0x000000000309d800 JavaThread "main" [_thread_in_Java, id=1367424, stack(0x0000000002ad0000,0x0000000002bd0000)]

Other Threads:
  0x000000001ec27000 VMThread [stack: 0x000000001fcb0000,0x000000001fdb0000] [id=1364684]
  0x00000000200d3800 WatcherThread [stack: 0x0000000020a10000,0x0000000020b10000] [id=1362168]

VM state:not at safepoint (normal execution)

VM Mutex/Monitor currently owned by a thread: None

Heap:
 PSYoungGen      total 329728K, used 269319K [0x0000000755d80000, 0x0000000770c80000, 0x00000007c0000000)
  eden space 293888K, 79% used [0x0000000755d80000,0x00000007641833c0,0x0000000767c80000)
  from space 35840K, 99% used [0x0000000767c80000,0x0000000769f7eb60,0x0000000769f80000)
  to   space 52224K, 0% used [0x000000076d980000,0x000000076d980000,0x0000000770c80000)
 ParOldGen       total 156160K, used 96218K [0x0000000681800000, 0x000000068b080000, 0x0000000755d80000)
  object space 156160K, 61% used [0x0000000681800000,0x00000006875f6bd0,0x000000068b080000)
 Metaspace       used 24387K, capacity 24976K, committed 25344K, reserved 1073152K
  class space    used 2768K, capacity 2954K, committed 3072K, reserved 1048576K

Card table byte_map: [0x0000000012460000,0x0000000012e60000] byte_map_base: 0x000000000f054000

Marking Bits: (ParMarkBitMap*) 0x0000000076b9c720
 Begin Bits: [0x0000000013910000, 0x00000000188b0000)
 End Bits:   [0x00000000188b0000, 0x000000001d850000)

Polling page: 0x0000000001370000

CodeCache: size=245760Kb used=20293Kb max_used=20297Kb free=225466Kb
 bounds [0x00000000030a0000, 0x00000000044a0000, 0x00000000120a0000]
 total_blobs=5412 nmethods=5025 adapters=299
 compilation: enabled

Compilation events (10 events):
Event: 56.475 Thread 0x000000001ecbe800 6070       3       lombok.core.TypeResolver::typeRefToFullyQualifiedName (430 bytes)
Event: 56.476 Thread 0x000000001ec6c800 6071       4       java.lang.String::format (16 bytes)
Event: 56.477 Thread 0x000000001ecbe800 nmethod 6070 0x0000000004491690 code [0x0000000004491ac0, 0x0000000004494a48]
Event: 56.478 Thread 0x000000001ecbd000 6072       4       java.util.Formatter::<init> (18 bytes)
Event: 56.482 Thread 0x000000001ecbd000 nmethod 6072 0x0000000003726410 code [0x00000000037265a0, 0x0000000003726b58]
Event: 56.483 Thread 0x000000001ecbd000 6073       4       java.util.Formatter::<init> (23 bytes)
Event: 56.483 Thread 0x000000001ecbe800 6075       3       java.util.Formatter$FormatSpecifier::<init> (246 bytes)
Event: 56.484 Thread 0x000000001ecbd000 nmethod 6073 0x0000000004436250 code [0x00000000044363a0, 0x0000000004436468]
Event: 56.484 Thread 0x000000001ecbe800 nmethod 6075 0x0000000004466fd0 code [0x0000000004467300, 0x00000000044685d8]
Event: 56.485 Thread 0x000000001ecbd000 6074       4       java.util.Formatter::format (11 bytes)

GC Heap History (10 events):
Event: 14.905 GC heap before
{Heap before GC invocations=6 (full 1):
 PSYoungGen      total 178176K, used 13293K [0x0000000755d80000, 0x000000076c280000, 0x00000007c0000000)
  eden space 164864K, 0% used [0x0000000755d80000,0x0000000755d80000,0x000000075fe80000)
  from space 13312K, 99% used [0x000000075fe80000,0x0000000760b7b4f8,0x0000000760b80000)
  to   space 17920K, 0% used [0x000000076b100000,0x000000076b100000,0x000000076c280000)
 ParOldGen       total 218624K, used 9164K [0x0000000681800000, 0x000000068ed80000, 0x0000000755d80000)
  object space 218624K, 4% used [0x0000000681800000,0x00000006820f31f8,0x000000068ed80000)
 Metaspace       used 20686K, capacity 21152K, committed 21296K, reserved 1069056K
  class space    used 2467K, capacity 2616K, committed 2688K, reserved 1048576K
Event: 15.251 GC heap after
Heap after GC invocations=6 (full 1):
 PSYoungGen      total 178176K, used 0K [0x0000000755d80000, 0x000000076c280000, 0x00000007c0000000)
  eden space 164864K, 0% used [0x0000000755d80000,0x0000000755d80000,0x000000075fe80000)
  from space 13312K, 0% used [0x000000075fe80000,0x000000075fe80000,0x0000000760b80000)
  to   space 17920K, 0% used [0x000000076b100000,0x000000076b100000,0x000000076c280000)
 ParOldGen       total 156160K, used 20204K [0x0000000681800000, 0x000000068b080000, 0x0000000755d80000)
  object space 156160K, 12% used [0x0000000681800000,0x0000000682bbb308,0x000000068b080000)
 Metaspace       used 20686K, capacity 21152K, committed 21296K, reserved 1069056K
  class space    used 2467K, capacity 2616K, committed 2688K, reserved 1048576K
}
Event: 31.443 GC heap before
{Heap before GC invocations=7 (full 1):
 PSYoungGen      total 178176K, used 164864K [0x0000000755d80000, 0x000000076c280000, 0x00000007c0000000)
  eden space 164864K, 100% used [0x0000000755d80000,0x000000075fe80000,0x000000075fe80000)
  from space 13312K, 0% used [0x000000075fe80000,0x000000075fe80000,0x0000000760b80000)
  to   space 17920K, 0% used [0x000000076b100000,0x000000076b100000,0x000000076c280000)
 ParOldGen       total 156160K, used 20204K [0x0000000681800000, 0x000000068b080000, 0x0000000755d80000)
  object space 156160K, 12% used [0x0000000681800000,0x0000000682bbb308,0x000000068b080000)
 Metaspace       used 21695K, capacity 22176K, committed 22320K, reserved 1069056K
  class space    used 2543K, capacity 2680K, committed 2688K, reserved 1048576K
Event: 31.685 GC heap after
Heap after GC invocations=7 (full 1):
 PSYoungGen      total 249856K, used 17893K [0x0000000755d80000, 0x000000076c280000, 0x00000007c0000000)
  eden space 231936K, 0% used [0x0000000755d80000,0x0000000755d80000,0x0000000764000000)
  from space 17920K, 99% used [0x000000076b100000,0x000000076c279408,0x000000076c280000)
  to   space 35840K, 0% used [0x0000000767c80000,0x0000000767c80000,0x0000000769f80000)
 ParOldGen       total 156160K, used 49740K [0x0000000681800000, 0x000000068b080000, 0x0000000755d80000)
  object space 156160K, 31% used [0x0000000681800000,0x00000006848931b8,0x000000068b080000)
 Metaspace       used 21695K, capacity 22176K, committed 22320K, reserved 1069056K
  class space    used 2543K, capacity 2680K, committed 2688K, reserved 1048576K
}
Event: 43.229 GC heap before
{Heap before GC invocations=8 (full 1):
 PSYoungGen      total 249856K, used 249829K [0x0000000755d80000, 0x000000076c280000, 0x00000007c0000000)
  eden space 231936K, 100% used [0x0000000755d80000,0x0000000764000000,0x0000000764000000)
  from space 17920K, 99% used [0x000000076b100000,0x000000076c279408,0x000000076c280000)
  to   space 35840K, 0% used [0x0000000767c80000,0x0000000767c80000,0x0000000769f80000)
 ParOldGen       total 156160K, used 49740K [0x0000000681800000, 0x000000068b080000, 0x0000000755d80000)
  object space 156160K, 31% used [0x0000000681800000,0x00000006848931b8,0x000000068b080000)
 Metaspace       used 22863K, capacity 23296K, committed 23552K, reserved 1071104K
  class space    used 2587K, capacity 2712K, committed 2816K, reserved 1048576K
Event: 43.573 GC heap after
Heap after GC invocations=8 (full 1):
 PSYoungGen      total 329728K, used 35838K [0x0000000755d80000, 0x0000000770c80000, 0x00000007c0000000)
  eden space 293888K, 0% used [0x0000000755d80000,0x0000000755d80000,0x0000000767c80000)
  from space 35840K, 99% used [0x0000000767c80000,0x0000000769f7faf8,0x0000000769f80000)
  to   space 52224K, 0% used [0x000000076d980000,0x000000076d980000,0x0000000770c80000)
 ParOldGen       total 156160K, used 71835K [0x0000000681800000, 0x000000068b080000, 0x0000000755d80000)
  object space 156160K, 46% used [0x0000000681800000,0x0000000685e26c80,0x000000068b080000)
 Metaspace       used 22863K, capacity 23296K, committed 23552K, reserved 1071104K
  class space    used 2587K, capacity 2712K, committed 2816K, reserved 1048576K
}
Event: 50.417 GC heap before
{Heap before GC invocations=9 (full 1):
 PSYoungGen      total 329728K, used 329726K [0x0000000755d80000, 0x0000000770c80000, 0x00000007c0000000)
  eden space 293888K, 100% used [0x0000000755d80000,0x0000000767c80000,0x0000000767c80000)
  from space 35840K, 99% used [0x0000000767c80000,0x0000000769f7faf8,0x0000000769f80000)
  to   space 52224K, 0% used [0x000000076d980000,0x000000076d980000,0x0000000770c80000)
 ParOldGen       total 156160K, used 71835K [0x0000000681800000, 0x000000068b080000, 0x0000000755d80000)
  object space 156160K, 46% used [0x0000000681800000,0x0000000685e26c80,0x000000068b080000)
 Metaspace       used 24170K, capacity 24784K, committed 25088K, reserved 1071104K
  class space    used 2744K, capacity 2954K, committed 3072K, reserved 1048576K
Event: 50.818 GC heap after
Heap after GC invocations=9 (full 1):
 PSYoungGen      total 346112K, used 52217K [0x0000000755d80000, 0x0000000770c80000, 0x00000007c0000000)
  eden space 293888K, 0% used [0x0000000755d80000,0x0000000755d80000,0x0000000767c80000)
  from space 52224K, 99% used [0x000000076d980000,0x0000000770c7e538,0x0000000770c80000)
  to   space 35840K, 0% used [0x0000000767c80000,0x0000000767c80000,0x0000000769f80000)
 ParOldGen       total 156160K, used 88451K [0x0000000681800000, 0x000000068b080000, 0x0000000755d80000)
  object space 156160K, 56% used [0x0000000681800000,0x0000000686e60ff8,0x000000068b080000)
 Metaspace       used 24170K, capacity 24784K, committed 25088K, reserved 1071104K
  class space    used 2744K, capacity 2954K, committed 3072K, reserved 1048576K
}
Event: 54.582 GC heap before
{Heap before GC invocations=10 (full 1):
 PSYoungGen      total 346112K, used 346105K [0x0000000755d80000, 0x0000000770c80000, 0x00000007c0000000)
  eden space 293888K, 100% used [0x0000000755d80000,0x0000000767c80000,0x0000000767c80000)
  from space 52224K, 99% used [0x000000076d980000,0x0000000770c7e538,0x0000000770c80000)
  to   space 35840K, 0% used [0x0000000767c80000,0x0000000767c80000,0x0000000769f80000)
 ParOldGen       total 156160K, used 88451K [0x0000000681800000, 0x000000068b080000, 0x0000000755d80000)
  object space 156160K, 56% used [0x0000000681800000,0x0000000686e60ff8,0x000000068b080000)
 Metaspace       used 24177K, capacity 24784K, committed 25088K, reserved 1071104K
  class space    used 2745K, capacity 2954K, committed 3072K, reserved 1048576K
Event: 54.737 GC heap after
Heap after GC invocations=10 (full 1):
 PSYoungGen      total 329728K, used 35834K [0x0000000755d80000, 0x0000000770c80000, 0x00000007c0000000)
  eden space 293888K, 0% used [0x0000000755d80000,0x0000000755d80000,0x0000000767c80000)
  from space 35840K, 99% used [0x0000000767c80000,0x0000000769f7eb60,0x0000000769f80000)
  to   space 52224K, 0% used [0x000000076d980000,0x000000076d980000,0x0000000770c80000)
 ParOldGen       total 156160K, used 96218K [0x0000000681800000, 0x000000068b080000, 0x0000000755d80000)
  object space 156160K, 61% used [0x0000000681800000,0x00000006875f6bd0,0x000000068b080000)
 Metaspace       used 24177K, capacity 24784K, committed 25088K, reserved 1071104K
  class space    used 2745K, capacity 2954K, committed 3072K, reserved 1048576K
}

Deoptimization events (10 events):
Event: 56.446 Thread 0x000000000309d800 Uncommon trap: reason=unstable_if action=reinterpret pc=0x0000000003debdac method=java.util.regex.Pattern.newSingle(I)Ljava/util/regex/Pattern$CharProperty; @ 5
Event: 56.446 Thread 0x000000000309d800 Uncommon trap: reason=unstable_if action=reinterpret pc=0x00000000036c08b0 method=java.util.regex.Pattern$Curly.study(Ljava/util/regex/Pattern$TreeInfo;)Z @ 71
Event: 56.452 Thread 0x000000000309d800 Uncommon trap: reason=unstable_if action=reinterpret pc=0x000000000445f7d4 method=lombok.core.configuration.FileSystemSourceCache.getSourceForDirectory(Ljava/io/File;Llombok/core/configuration/ConfigurationProblemReporter;)Llombok/core/configuration/Confi
Event: 56.464 Thread 0x000000000309d800 Uncommon trap: reason=unstable_if action=reinterpret pc=0x0000000003f79a2c method=lombok.core.TypeLibrary.toQualified(Ljava/lang/String;)Ljava/lang/String; @ 4
Event: 56.469 Thread 0x000000000309d800 Uncommon trap: reason=unstable_if action=reinterpret pc=0x0000000003f84d6c method=lombok.core.LombokNode.up()Llombok/core/LombokNode; @ 6
Event: 56.470 Thread 0x000000000309d800 Uncommon trap: reason=unstable_if action=reinterpret pc=0x00000000043927bc method=java.util.Formatter.parse(Ljava/lang/String;)[Ljava/util/Formatter$FormatString; @ 47
Event: 56.470 Thread 0x000000000309d800 Uncommon trap: reason=unstable_if action=reinterpret pc=0x0000000004389f50 method=java.util.Formatter$FormatSpecifier.width(Ljava/lang/String;)I @ 6
Event: 56.470 Thread 0x000000000309d800 Uncommon trap: reason=unstable_if action=reinterpret pc=0x0000000003220028 method=java.util.Formatter$FormatSpecifier.justify(Ljava/lang/String;)Ljava/lang/String; @ 5
Event: 56.471 Thread 0x000000000309d800 Uncommon trap: reason=class_check action=maybe_recompile pc=0x0000000003ed8df0 method=java.util.regex.Pattern$Branch.match(Ljava/util/regex/Matcher;ILjava/lang/CharSequence;)Z @ 50
Event: 56.475 Thread 0x000000000309d800 Uncommon trap: reason=class_check action=maybe_recompile pc=0x0000000003ed8df0 method=java.util.regex.Pattern$Branch.match(Ljava/util/regex/Matcher;ILjava/lang/CharSequence;)Z @ 50

Internal exceptions (10 events):
Event: 9.929 Thread 0x000000000309d800 Implicit null exception at 0x000000000388be77 to 0x000000000388d009
Event: 10.938 Thread 0x000000000309d800 Implicit null exception at 0x00000000031dce2a to 0x00000000031de186
Event: 13.201 Thread 0x000000000309d800 Exception <a 'java/lang/ClassNotFoundException': com/sun/tools/javac/api/JavacTool> (0x00000007570ec338) thrown at [C:\re\workspace\8-2-build-windows-amd64-cygwin\jdk8u131\8869\hotspot\src\share\vm\classfile\systemDictionary.cpp, line 210]
Event: 31.416 Thread 0x000000000309d800 Exception <a 'java/io/FileNotFoundException'> (0x000000075fabaf70) thrown at [C:\re\workspace\8-2-build-windows-amd64-cygwin\jdk8u131\8869\hotspot\src\share\vm\prims\jni.cpp, line 709]
Event: 31.423 Thread 0x000000000309d800 Exception <a 'java/io/FileNotFoundException'> (0x000000075faef850) thrown at [C:\re\workspace\8-2-build-windows-amd64-cygwin\jdk8u131\8869\hotspot\src\share\vm\prims\jni.cpp, line 709]
Event: 43.768 Thread 0x000000000309d800 Exception <a 'java/io/FileNotFoundException'> (0x0000000756014eb0) thrown at [C:\re\workspace\8-2-build-windows-amd64-cygwin\jdk8u131\8869\hotspot\src\share\vm\prims\jni.cpp, line 709]
Event: 44.279 Thread 0x000000000309d800 Implicit null exception at 0x00000000037183f3 to 0x0000000003718839
Event: 44.282 Thread 0x000000000309d800 Implicit null exception at 0x00000000036f6295 to 0x00000000036f64b1
Event: 56.464 Thread 0x000000000309d800 Implicit null exception at 0x0000000003f77df0 to 0x0000000003f79a09
Event: 56.469 Thread 0x000000000309d800 Implicit null exception at 0x0000000003f84d30 to 0x0000000003f84d5d

Events (10 events):
Event: 56.470 Thread 0x000000000309d800 Uncommon trap: trap_request=0xffffff65 fr.pc=0x0000000003220028
Event: 56.470 Thread 0x000000000309d800 DEOPT PACKING pc=0x0000000003220028 sp=0x0000000002bcc6d0
Event: 56.470 Thread 0x000000000309d800 DEOPT UNPACKING pc=0x00000000030e582a sp=0x0000000002bcc6a0 mode 2
Event: 56.471 Thread 0x000000000309d800 Uncommon trap: trap_request=0xffffffde fr.pc=0x0000000003ed8df0
Event: 56.471 Thread 0x000000000309d800 DEOPT PACKING pc=0x0000000003ed8df0 sp=0x0000000002bcc920
Event: 56.471 Thread 0x000000000309d800 DEOPT UNPACKING pc=0x00000000030e582a sp=0x0000000002bcc8b8 mode 2
Event: 56.475 Thread 0x000000000309d800 Uncommon trap: trap_request=0xffffffde fr.pc=0x0000000003ed8df0
Event: 56.475 Thread 0x000000000309d800 DEOPT PACKING pc=0x0000000003ed8df0 sp=0x0000000002bcc920
Event: 56.475 Thread 0x000000000309d800 DEOPT UNPACKING pc=0x00000000030e582a sp=0x0000000002bcc8b8 mode 2
Event: 56.478 Thread 0x000000001ecbe800 flushing nmethod 0x0000000003b77310


Dynamic libraries:
0x00007ff7663c0000 - 0x00007ff7663f7000 	C:\Program Files\Java\jdk1.8.0_131\bin\java.exe
0x00007ff927de0000 - 0x00007ff927fb2000 	C:\Windows\SYSTEM32\ntdll.dll
0x00007ff925600000 - 0x00007ff9256ac000 	C:\Windows\System32\KERNEL32.DLL
0x00007ff924440000 - 0x00007ff92465d000 	C:\Windows\System32\KERNELBASE.dll
0x00007ff925370000 - 0x00007ff925412000 	C:\Windows\System32\ADVAPI32.dll
0x00007ff926830000 - 0x00007ff9268ce000 	C:\Windows\System32\msvcrt.dll
0x00007ff925ca0000 - 0x00007ff925cf9000 	C:\Windows\System32\sechost.dll
0x00007ff9261c0000 - 0x00007ff9262e1000 	C:\Windows\System32\RPCRT4.dll
0x00007ff925fd0000 - 0x00007ff926135000 	C:\Windows\System32\USER32.dll
0x00007ff9247e0000 - 0x00007ff9247fe000 	C:\Windows\System32\win32u.dll
0x00007ff925420000 - 0x00007ff925454000 	C:\Windows\System32\GDI32.dll
0x00007ff924660000 - 0x00007ff9247e0000 	C:\Windows\System32\gdi32full.dll
0x00007ff9172e0000 - 0x00007ff91755a000 	C:\Windows\WinSxS\amd64_microsoft.windows.common-controls_6595b64144ccf1df_6.0.14393.953_none_42151e83c686086b\COMCTL32.dll
0x00007ff925d00000 - 0x00007ff925fc8000 	C:\Windows\System32\combase.dll
0x00007ff925270000 - 0x00007ff925365000 	C:\Windows\System32\ucrtbase.dll
0x00007ff9242e0000 - 0x00007ff92434a000 	C:\Windows\System32\bcryptPrimitives.dll
0x00007ff925c60000 - 0x00007ff925c8e000 	C:\Windows\System32\IMM32.DLL
0x0000000077da0000 - 0x0000000077e72000 	C:\Program Files\Java\jdk1.8.0_131\jre\bin\msvcr100.dll
0x0000000076380000 - 0x0000000076c1c000 	C:\Program Files\Java\jdk1.8.0_131\jre\bin\server\jvm.dll
0x00007ff925c90000 - 0x00007ff925c98000 	C:\Windows\System32\PSAPI.DLL
0x00007ff91f120000 - 0x00007ff91f129000 	C:\Windows\SYSTEM32\WSOCK32.dll
0x00007ff926390000 - 0x00007ff9263fa000 	C:\Windows\System32\WS2_32.dll
0x00007ff9221c0000 - 0x00007ff9221e3000 	C:\Windows\SYSTEM32\WINMM.dll
0x00007ff919bd0000 - 0x00007ff919bda000 	C:\Windows\SYSTEM32\VERSION.dll
0x00007ff922190000 - 0x00007ff9221bb000 	C:\Windows\SYSTEM32\WINMMBASE.dll
0x00007ff9243f0000 - 0x00007ff924432000 	C:\Windows\System32\cfgmgr32.dll
0x0000000077d90000 - 0x0000000077d9f000 	C:\Program Files\Java\jdk1.8.0_131\jre\bin\verify.dll
0x0000000077d60000 - 0x0000000077d89000 	C:\Program Files\Java\jdk1.8.0_131\jre\bin\java.dll
0x0000000077d40000 - 0x0000000077d56000 	C:\Program Files\Java\jdk1.8.0_131\jre\bin\zip.dll
0x00007ff9268d0000 - 0x00007ff927dd8000 	C:\Windows\System32\SHELL32.dll
0x00007ff924a80000 - 0x00007ff925158000 	C:\Windows\System32\windows.storage.dll
0x00007ff924280000 - 0x00007ff9242cc000 	C:\Windows\System32\powrprof.dll
0x00007ff925480000 - 0x00007ff9254d2000 	C:\Windows\System32\shlwapi.dll
0x00007ff924270000 - 0x00007ff92427f000 	C:\Windows\System32\kernel.appcore.dll
0x00007ff9251c0000 - 0x00007ff925269000 	C:\Windows\System32\shcore.dll
0x00007ff924250000 - 0x00007ff924264000 	C:\Windows\System32\profapi.dll
0x00007ff9222b0000 - 0x00007ff9222c0000 	C:\Program Files (x86)\JetBrains\IntelliJ IDEA 2016.3.4\bin\breakgen64.dll
0x0000000077cc0000 - 0x0000000077cda000 	C:\Program Files\Java\jdk1.8.0_131\jre\bin\net.dll
0x00007ff923b50000 - 0x00007ff923bac000 	C:\Windows\system32\mswsock.dll
0x0000000077ca0000 - 0x0000000077cb1000 	C:\Program Files\Java\jdk1.8.0_131\jre\bin\nio.dll

VM Arguments:
jvm_args: -Dmaven.multiModuleProjectDirectory=E:\work\gofobao\apllo -Dmaven.home=D:\JAVA_ENV\apache-maven-3.3.9 -Dclassworlds.conf=D:\JAVA_ENV\apache-maven-3.3.9\bin\m2.conf -Didea.launcher.port=7534 -Didea.launcher.bin.path=C:\Program Files (x86)\JetBrains\IntelliJ IDEA 2016.3.4\bin -Dfile.encoding=UTF-8 
java_command: com.intellij.rt.execution.application.AppMain org.codehaus.classworlds.Launcher -Didea.version=2016.3.4 -DskipTests=true package
java_class_path (initial): D:\JAVA_ENV\apache-maven-3.3.9\boot\plexus-classworlds-2.5.2.jar;C:\Program Files (x86)\JetBrains\IntelliJ IDEA 2016.3.4\lib\idea_rt.jar
Launcher Type: SUN_STANDARD

Environment Variables:
JAVA_HOME=C:\Program Files\Java\jdk1.8.0_111
PATH=C:\ProgramData\Oracle\Java\javapath;C:\Windows\system32;C:\Windows;C:\Windows\System32\Wbem;C:\Windows\System32\WindowsPowerShell\v1.0\;C:\Program Files\Java\jdk1.8.0_111\bin;C:\Program Files\Java\jdk1.8.0_111\jre\bin;D:\JAVA_ENV\apache-maven-3.3.9\bin;C:\Program Files\Redis\;C:\Program Files\Git\cmd;C:\Program Files (x86)\GtkSharp\2.12\bin;C:\Users\Max\AppData\Local\Microsoft\WindowsApps;;C:\Program Files (x86)\Microsoft VS Code\bin
USERNAME=Max
OS=Windows_NT
PROCESSOR_IDENTIFIER=Intel64 Family 6 Model 60 Stepping 3, GenuineIntel



---------------  S Y S T E M  ---------------

OS: Windows 10.0 , 64 bit Build 14393 (10.0.14393.1198)

CPU:total 4 (initial active 4) (4 cores per cpu, 1 threads per core) family 6 model 60 stepping 3, cmov, cx8, fxsr, mmx, sse, sse2, sse3, ssse3, sse4.1, sse4.2, popcnt, avx, avx2, aes, clmul, erms, lzcnt, tsc, tscinvbit, bmi1, bmi2

Memory: 4k page, physical 20869072k(552772k free), swap 33976396k(1216k free)

vm_info: Java HotSpot(TM) 64-Bit Server VM (25.131-b11) for windows-amd64 JRE (1.8.0_131-b11), built on Mar 15 2017 01:23:53 by "java_re" with MS VC++ 10.0 (VS2010)

time: Mon Nov 27 18:57:51 2017
elapsed time: 56 seconds (0d 0h 0m 56s)

