#
# There is insufficient memory for the Java Runtime Environment to continue.
# Native memory allocation (malloc) failed to allocate 973856 bytes for Chunk::new
# Possible reasons:
#   The system is out of physical RAM or swap space
#   In 32 bit mode, the process size limit was hit
# Possible solutions:
#   Reduce memory load on the system
#   Increase physical memory or swap space
#   Check if swap backing store is full
#   Use 64 bit Java on a 64 bit OS
#   Decrease Java heap size (-Xmx/-Xms)
#   Decrease number of Java threads
#   Decrease Java thread stack sizes (-Xss)
#   Set larger code cache with -XX:ReservedCodeCacheSize=
# This output file may be truncated or incomplete.
#
#  Out of Memory Error (allocation.cpp:390), pid=1317124, tid=0x0000000000105220
#
# JRE version: Java(TM) SE Runtime Environment (8.0_131-b11) (build 1.8.0_131-b11)
# Java VM: Java HotSpot(TM) 64-Bit Server VM (25.131-b11 mixed mode windows-amd64 compressed oops)
# Failed to write core dump. Minidumps are not enabled by default on client versions of Windows
#

---------------  T H R E A D  ---------------

Current thread (0x000000001e2ed000):  JavaThread "C2 CompilerThread0" daemon [_thread_in_native, id=1069600, stack(0x000000001fcb0000,0x000000001fdb0000)]

Stack: [0x000000001fcb0000,0x000000001fdb0000]
[error occurred during error reporting (printing stack bounds), id 0xc0000005]

Native frames: (J=compiled Java code, j=interpreted, Vv=VM code, C=native code)


Current CompileTask:
C2:  62979 7602       4       com.sun.tools.javac.comp.Attr::visitLiteral (31 bytes)


---------------  P R O C E S S  ---------------

Java Threads: ( => current thread )
  0x000000001f780000 JavaThread "Monitor Ctrl-Break" daemon [_thread_in_native, id=1317848, stack(0x00000000201b0000,0x00000000202b0000)]
  0x000000001f713000 JavaThread "Service Thread" daemon [_thread_blocked, id=1317572, stack(0x000000001ffb0000,0x00000000200b0000)]
  0x000000001f70d000 JavaThread "C1 CompilerThread2" daemon [_thread_blocked, id=1317604, stack(0x000000001feb0000,0x000000001ffb0000)]
  0x000000001f707000 JavaThread "C2 CompilerThread1" daemon [_thread_blocked, id=1133244, stack(0x000000001fdb0000,0x000000001feb0000)]
=>0x000000001e2ed000 JavaThread "C2 CompilerThread0" daemon [_thread_in_native, id=1069600, stack(0x000000001fcb0000,0x000000001fdb0000)]
  0x000000001e2ec000 JavaThread "Attach Listener" daemon [_thread_blocked, id=1317392, stack(0x000000001fbb0000,0x000000001fcb0000)]
  0x000000001f6b8800 JavaThread "Signal Dispatcher" daemon [_thread_blocked, id=1317188, stack(0x000000001fab0000,0x000000001fbb0000)]
  0x0000000002786800 JavaThread "Finalizer" daemon [_thread_blocked, id=1317600, stack(0x000000001f550000,0x000000001f650000)]
  0x0000000002781000 JavaThread "Reference Handler" daemon [_thread_blocked, id=1072488, stack(0x000000001f450000,0x000000001f550000)]
  0x000000000268d800 JavaThread "main" [_thread_in_native, id=1313868, stack(0x0000000002560000,0x0000000002660000)]

Other Threads:
  0x000000001e2a7000 VMThread [stack: 0x000000001f350000,0x000000001f450000] [id=1317312]
  0x000000001f75e800 WatcherThread [stack: 0x00000000200b0000,0x00000000201b0000] [id=1317120]

VM state:not at safepoint (normal execution)

VM Mutex/Monitor currently owned by a thread: None

Heap:
 PSYoungGen      total 1407488K, used 1170906K [0x0000000755d80000, 0x00000007c0000000, 0x00000007c0000000)
  eden space 1285632K, 81% used [0x0000000755d80000,0x0000000796186948,0x00000007a4500000)
  from space 121856K, 97% used [0x00000007a4500000,0x00000007ab8700b8,0x00000007abc00000)
  to   space 138752K, 0% used [0x00000007b7880000,0x00000007b7880000,0x00000007c0000000)
 ParOldGen       total 392192K, used 165083K [0x0000000681800000, 0x0000000699700000, 0x0000000755d80000)
  object space 392192K, 42% used [0x0000000681800000,0x000000068b936df0,0x0000000699700000)
 Metaspace       used 25916K, capacity 26594K, committed 26752K, reserved 1073152K
  class space    used 2920K, capacity 3117K, committed 3200K, reserved 1048576K

Card table byte_map: [0x0000000011b50000,0x0000000012550000] byte_map_base: 0x000000000e744000

Marking Bits: (ParMarkBitMap*) 0x0000000076b9c720
 Begin Bits: [0x0000000013000000, 0x0000000017fa0000)
 End Bits:   [0x0000000017fa0000, 0x000000001cf40000)

Polling page: 0x00000000005f0000

CodeCache: size=245760Kb used=24787Kb max_used=24795Kb free=220972Kb
 bounds [0x0000000002790000, 0x0000000003ff0000, 0x0000000011790000]
 total_blobs=6385 nmethods=5996 adapters=300
 compilation: enabled

Compilation events (10 events):
Event: 62.843 Thread 0x000000001f70d000 7721       3       com.sun.tools.javac.jvm.ClassWriter::needsLocalVariableTypeEntry (32 bytes)
Event: 62.844 Thread 0x000000001f70d000 nmethod 7721 0x0000000003fdbed0 code [0x0000000003fdc0e0, 0x0000000003fdcb88]
Event: 62.844 Thread 0x000000001f70d000 7722       3       com.sun.tools.javac.jvm.ClassWriter::writeAttr (31 bytes)
Event: 62.845 Thread 0x000000001f70d000 nmethod 7722 0x0000000003fdb950 code [0x0000000003fdbae0, 0x0000000003fdbd68]
Event: 62.845 Thread 0x000000001f70d000 7723       3       com.sun.tools.javac.jvm.ClassWriter::endAttr (21 bytes)
Event: 62.845 Thread 0x000000001f70d000 nmethod 7723 0x0000000003fdb550 code [0x0000000003fdb6c0, 0x0000000003fdb888]
Event: 62.904 Thread 0x000000001f707000 7724       4       lombok.bytecode.ClassFileMetaData::readValue (27 bytes)
Event: 62.905 Thread 0x000000001f707000 nmethod 7724 0x0000000003fe3d50 code [0x0000000003fe3e80, 0x0000000003fe3f58]
Event: 62.915 Thread 0x000000001f70d000 7725       3       com.sun.tools.javac.jvm.Code::setDefined (55 bytes)
Event: 62.916 Thread 0x000000001f70d000 nmethod 7725 0x0000000003fe31d0 code [0x0000000003fe33a0, 0x0000000003fe39b8]

GC Heap History (10 events):
Event: 32.855 GC heap before
{Heap before GC invocations=11 (full 1):
 PSYoungGen      total 757248K, used 757229K [0x0000000755d80000, 0x000000079a300000, 0x00000007c0000000)
  eden space 683008K, 100% used [0x0000000755d80000,0x000000077f880000,0x000000077f880000)
  from space 74240K, 99% used [0x000000077f880000,0x00000007840fb618,0x0000000784100000)
  to   space 89600K, 0% used [0x0000000794b80000,0x0000000794b80000,0x000000079a300000)
 ParOldGen       total 157696K, used 99978K [0x0000000681800000, 0x000000068b200000, 0x0000000755d80000)
  object space 157696K, 63% used [0x0000000681800000,0x00000006879a29d0,0x000000068b200000)
 Metaspace       used 24804K, capacity 25520K, committed 25600K, reserved 1071104K
  class space    used 2800K, capacity 3018K, committed 3072K, reserved 1048576K
Event: 33.094 GC heap after
Heap after GC invocations=11 (full 1):
 PSYoungGen      total 1014784K, used 89579K [0x0000000755d80000, 0x000000079e300000, 0x00000007c0000000)
  eden space 925184K, 0% used [0x0000000755d80000,0x0000000755d80000,0x000000078e500000)
  from space 89600K, 99% used [0x0000000794b80000,0x000000079a2fac08,0x000000079a300000)
  to   space 104960K, 0% used [0x000000078e500000,0x000000078e500000,0x0000000794b80000)
 ParOldGen       total 157696K, used 106170K [0x0000000681800000, 0x000000068b200000, 0x0000000755d80000)
  object space 157696K, 67% used [0x0000000681800000,0x0000000687fae9d0,0x000000068b200000)
 Metaspace       used 24804K, capacity 25520K, committed 25600K, reserved 1071104K
  class space    used 2800K, capacity 3018K, committed 3072K, reserved 1048576K
}
Event: 36.010 GC heap before
{Heap before GC invocations=12 (full 1):
 PSYoungGen      total 1014784K, used 1014763K [0x0000000755d80000, 0x000000079e300000, 0x00000007c0000000)
  eden space 925184K, 100% used [0x0000000755d80000,0x000000078e500000,0x000000078e500000)
  from space 89600K, 99% used [0x0000000794b80000,0x000000079a2fac08,0x000000079a300000)
  to   space 104960K, 0% used [0x000000078e500000,0x000000078e500000,0x0000000794b80000)
 ParOldGen       total 157696K, used 106170K [0x0000000681800000, 0x000000068b200000, 0x0000000755d80000)
  object space 157696K, 67% used [0x0000000681800000,0x0000000687fae9d0,0x000000068b200000)
 Metaspace       used 24809K, capacity 25520K, committed 25600K, reserved 1071104K
  class space    used 2800K, capacity 3018K, committed 3072K, reserved 1048576K
Event: 36.256 GC heap after
Heap after GC invocations=12 (full 1):
 PSYoungGen      total 1030144K, used 100788K [0x0000000755d80000, 0x00000007b5e00000, 0x00000007c0000000)
  eden space 925184K, 0% used [0x0000000755d80000,0x0000000755d80000,0x000000078e500000)
  from space 104960K, 96% used [0x000000078e500000,0x000000079476d110,0x0000000794b80000)
  to   space 119808K, 0% used [0x00000007ae900000,0x00000007ae900000,0x00000007b5e00000)
 ParOldGen       total 157696K, used 125665K [0x0000000681800000, 0x000000068b200000, 0x0000000755d80000)
  object space 157696K, 79% used [0x0000000681800000,0x00000006892b8520,0x000000068b200000)
 Metaspace       used 24809K, capacity 25520K, committed 25600K, reserved 1071104K
  class space    used 2800K, capacity 3018K, committed 3072K, reserved 1048576K
}
Event: 36.256 GC heap before
{Heap before GC invocations=13 (full 2):
 PSYoungGen      total 1030144K, used 100788K [0x0000000755d80000, 0x00000007b5e00000, 0x00000007c0000000)
  eden space 925184K, 0% used [0x0000000755d80000,0x0000000755d80000,0x000000078e500000)
  from space 104960K, 96% used [0x000000078e500000,0x000000079476d110,0x0000000794b80000)
  to   space 119808K, 0% used [0x00000007ae900000,0x00000007ae900000,0x00000007b5e00000)
 ParOldGen       total 157696K, used 125665K [0x0000000681800000, 0x000000068b200000, 0x0000000755d80000)
  object space 157696K, 79% used [0x0000000681800000,0x00000006892b8520,0x000000068b200000)
 Metaspace       used 24809K, capacity 25520K, committed 25600K, reserved 1071104K
  class space    used 2800K, capacity 3018K, committed 3072K, reserved 1048576K
Event: 38.548 GC heap after
Heap after GC invocations=13 (full 2):
 PSYoungGen      total 1030144K, used 62385K [0x0000000755d80000, 0x00000007b5e00000, 0x00000007c0000000)
  eden space 925184K, 0% used [0x0000000755d80000,0x0000000755d80000,0x000000078e500000)
  from space 104960K, 59% used [0x000000078e500000,0x00000007921ec500,0x0000000794b80000)
  to   space 119808K, 0% used [0x00000007ae900000,0x00000007ae900000,0x00000007b5e00000)
 ParOldGen       total 392192K, used 157463K [0x0000000681800000, 0x0000000699700000, 0x0000000755d80000)
  object space 392192K, 40% used [0x0000000681800000,0x000000068b1c5c80,0x0000000699700000)
 Metaspace       used 24809K, capacity 25520K, committed 25600K, reserved 1071104K
  class space    used 2800K, capacity 3018K, committed 3072K, reserved 1048576K
}
Event: 41.735 GC heap before
{Heap before GC invocations=14 (full 2):
 PSYoungGen      total 1030144K, used 987569K [0x0000000755d80000, 0x00000007b5e00000, 0x00000007c0000000)
  eden space 925184K, 100% used [0x0000000755d80000,0x000000078e500000,0x000000078e500000)
  from space 104960K, 59% used [0x000000078e500000,0x00000007921ec500,0x0000000794b80000)
  to   space 119808K, 0% used [0x00000007ae900000,0x00000007ae900000,0x00000007b5e00000)
 ParOldGen       total 392192K, used 157463K [0x0000000681800000, 0x0000000699700000, 0x0000000755d80000)
  object space 392192K, 40% used [0x0000000681800000,0x000000068b1c5c80,0x0000000699700000)
 Metaspace       used 24812K, capacity 25520K, committed 25600K, reserved 1071104K
  class space    used 2800K, capacity 3018K, committed 3072K, reserved 1048576K
Event: 42.099 GC heap after
Heap after GC invocations=14 (full 2):
 PSYoungGen      total 1287168K, used 75331K [0x0000000755d80000, 0x00000007b3300000, 0x00000007c0000000)
  eden space 1211392K, 0% used [0x0000000755d80000,0x0000000755d80000,0x000000079fc80000)
  from space 75776K, 99% used [0x00000007ae900000,0x00000007b3290f40,0x00000007b3300000)
  to   space 121856K, 0% used [0x00000007a4500000,0x00000007a4500000,0x00000007abc00000)
 ParOldGen       total 392192K, used 161255K [0x0000000681800000, 0x0000000699700000, 0x0000000755d80000)
  object space 392192K, 41% used [0x0000000681800000,0x000000068b579d20,0x0000000699700000)
 Metaspace       used 24812K, capacity 25520K, committed 25600K, reserved 1071104K
  class space    used 2800K, capacity 3018K, committed 3072K, reserved 1048576K
}
Event: 49.907 GC heap before
{Heap before GC invocations=15 (full 2):
 PSYoungGen      total 1287168K, used 1286723K [0x0000000755d80000, 0x00000007b3300000, 0x00000007c0000000)
  eden space 1211392K, 100% used [0x0000000755d80000,0x000000079fc80000,0x000000079fc80000)
  from space 75776K, 99% used [0x00000007ae900000,0x00000007b3290f40,0x00000007b3300000)
  to   space 121856K, 0% used [0x00000007a4500000,0x00000007a4500000,0x00000007abc00000)
 ParOldGen       total 392192K, used 161255K [0x0000000681800000, 0x0000000699700000, 0x0000000755d80000)
  object space 392192K, 41% used [0x0000000681800000,0x000000068b579d20,0x0000000699700000)
 Metaspace       used 24915K, capacity 25666K, committed 25856K, reserved 1073152K
  class space    used 2812K, capacity 3021K, committed 3072K, reserved 1048576K
Event: 50.139 GC heap after
Heap after GC invocations=15 (full 2):
 PSYoungGen      total 1407488K, used 118208K [0x0000000755d80000, 0x00000007c0000000, 0x00000007c0000000)
  eden space 1285632K, 0% used [0x0000000755d80000,0x0000000755d80000,0x00000007a4500000)
  from space 121856K, 97% used [0x00000007a4500000,0x00000007ab8700b8,0x00000007abc00000)
  to   space 138752K, 0% used [0x00000007b7880000,0x00000007b7880000,0x00000007c0000000)
 ParOldGen       total 392192K, used 165083K [0x0000000681800000, 0x0000000699700000, 0x0000000755d80000)
  object space 392192K, 42% used [0x0000000681800000,0x000000068b936df0,0x0000000699700000)
 Metaspace       used 24915K, capacity 25666K, committed 25856K, reserved 1073152K
  class space    used 2812K, capacity 3021K, committed 3072K, reserved 1048576K
}

Deoptimization events (10 events):
Event: 62.719 Thread 0x000000000268d800 Uncommon trap: reason=unstable_if action=reinterpret pc=0x0000000002e640d8 method=com.sun.tools.javac.code.Symbol$VarSymbol.getConstValue()Ljava/lang/Object; @ 7
Event: 62.757 Thread 0x000000000268d800 Uncommon trap: reason=unstable_if action=reinterpret pc=0x0000000002cc6c38 method=com.sun.tools.javac.code.Types.checkUnsafeVarargsConversion(Lcom/sun/tools/javac/code/Type;Lcom/sun/tools/javac/code/Type;Lcom/sun/tools/javac/util/Warner;)V @ 7
Event: 62.772 Thread 0x000000000268d800 Uncommon trap: reason=unstable_if action=reinterpret pc=0x000000000369ec14 method=com.sun.tools.javac.code.Types$Subst.subst(Lcom/sun/tools/javac/util/List;)Lcom/sun/tools/javac/util/List; @ 7
Event: 62.776 Thread 0x000000000268d800 Uncommon trap: reason=unstable_if action=reinterpret pc=0x0000000003974e88 method=com.sun.tools.javac.comp.Attr$TypeAnnotationsValidator.validateAnnotatedType(Lcom/sun/tools/javac/tree/JCTree;Lcom/sun/tools/javac/code/Type;)V @ 52
Event: 62.785 Thread 0x000000000268d800 Uncommon trap: reason=class_check action=maybe_recompile pc=0x0000000003581634 method=com.sun.tools.javac.code.Types.elemtype(Lcom/sun/tools/javac/code/Type;)Lcom/sun/tools/javac/code/Type; @ 4
Event: 62.795 Thread 0x000000000268d800 Uncommon trap: reason=bimorphic action=maybe_recompile pc=0x0000000002b441dc method=com.sun.tools.javac.code.Symbol.isStatic()Z @ 17
Event: 62.795 Thread 0x000000000268d800 Uncommon trap: reason=class_check action=maybe_recompile pc=0x0000000003581634 method=com.sun.tools.javac.code.Types.elemtype(Lcom/sun/tools/javac/code/Type;)Lcom/sun/tools/javac/code/Type; @ 4
Event: 62.799 Thread 0x000000000268d800 Uncommon trap: reason=bimorphic action=maybe_recompile pc=0x0000000002b441dc method=com.sun.tools.javac.code.Symbol.isStatic()Z @ 17
Event: 62.800 Thread 0x000000000268d800 Uncommon trap: reason=bimorphic action=maybe_recompile pc=0x0000000002b441dc method=com.sun.tools.javac.code.Symbol.isStatic()Z @ 17
Event: 62.902 Thread 0x000000000268d800 Uncommon trap: reason=bimorphic action=maybe_recompile pc=0x0000000002b441dc method=com.sun.tools.javac.code.Symbol.isStatic()Z @ 17

Internal exceptions (10 events):
Event: 26.244 Thread 0x000000000268d800 Implicit null exception at 0x0000000003b3bdb2 to 0x0000000003b3c279
Event: 26.249 Thread 0x000000000268d800 Implicit null exception at 0x0000000003b467f0 to 0x0000000003b4681d
Event: 43.960 Thread 0x000000000268d800 Implicit null exception at 0x0000000003834231 to 0x0000000003834735
Event: 45.097 Thread 0x000000000268d800 Implicit null exception at 0x00000000029e34bf to 0x00000000029e378d
Event: 51.768 Thread 0x000000000268d800 Implicit null exception at 0x0000000002d5c933 to 0x0000000002d5d4b5
Event: 51.768 Thread 0x000000000268d800 Implicit null exception at 0x0000000002c105bb to 0x0000000002c10bad
Event: 51.768 Thread 0x000000000268d800 Implicit null exception at 0x0000000003f1cfa0 to 0x0000000003f1e9f5
Event: 51.768 Thread 0x000000000268d800 Implicit null exception at 0x0000000003b34e8c to 0x0000000003b34ecd
Event: 51.769 Thread 0x000000000268d800 Implicit null exception at 0x0000000003c16808 to 0x0000000003c188dd
Event: 55.417 Thread 0x000000000268d800 Exception <a 'java/io/FileNotFoundException'> (0x000000078010fd60) thrown at [C:\re\workspace\8-2-build-windows-amd64-cygwin\jdk8u131\8869\hotspot\src\share\vm\prims\jni.cpp, line 709]

Events (10 events):
Event: 62.798 loading class com/sun/tools/javac/comp/Lower$1Patcher done
Event: 62.799 Thread 0x000000000268d800 Uncommon trap: trap_request=0xffffffc6 fr.pc=0x0000000002b441dc
Event: 62.799 Thread 0x000000000268d800 DEOPT PACKING pc=0x0000000002b441dc sp=0x000000000265be70
Event: 62.799 Thread 0x000000000268d800 DEOPT UNPACKING pc=0x00000000027d582a sp=0x000000000265be58 mode 2
Event: 62.800 Thread 0x000000000268d800 Uncommon trap: trap_request=0xffffffc6 fr.pc=0x0000000002b441dc
Event: 62.800 Thread 0x000000000268d800 DEOPT PACKING pc=0x0000000002b441dc sp=0x000000000265bfa0
Event: 62.800 Thread 0x000000000268d800 DEOPT UNPACKING pc=0x00000000027d582a sp=0x000000000265bf88 mode 2
Event: 62.902 Thread 0x000000000268d800 Uncommon trap: trap_request=0xffffffc6 fr.pc=0x0000000002b441dc
Event: 62.902 Thread 0x000000000268d800 DEOPT PACKING pc=0x0000000002b441dc sp=0x000000000265d160
Event: 62.902 Thread 0x000000000268d800 DEOPT UNPACKING pc=0x00000000027d582a sp=0x000000000265d148 mode 2


Dynamic libraries:
0x00007ff7663c0000 - 0x00007ff7663f7000 	C:\Program Files\Java\jdk1.8.0_131\bin\java.exe
0x00007ff927de0000 - 0x00007ff927fb2000 	C:\Windows\SYSTEM32\ntdll.dll
0x00007ff925600000 - 0x00007ff9256ac000 	C:\Windows\System32\KERNEL32.DLL
0x00007ff924440000 - 0x00007ff92465d000 	C:\Windows\System32\KERNELBASE.dll
0x00007ff925370000 - 0x00007ff925412000 	C:\Windows\System32\ADVAPI32.dll
0x00007ff926830000 - 0x00007ff9268ce000 	C:\Windows\System32\msvcrt.dll
0x00007ff925ca0000 - 0x00007ff925cf9000 	C:\Windows\System32\sechost.dll
0x00007ff9261c0000 - 0x00007ff9262e1000 	C:\Windows\System32\RPCRT4.dll
0x00007ff925fd0000 - 0x00007ff926135000 	C:\Windows\System32\USER32.dll
0x00007ff9247e0000 - 0x00007ff9247fe000 	C:\Windows\System32\win32u.dll
0x00007ff925420000 - 0x00007ff925454000 	C:\Windows\System32\GDI32.dll
0x00007ff924660000 - 0x00007ff9247e0000 	C:\Windows\System32\gdi32full.dll
0x00007ff9172e0000 - 0x00007ff91755a000 	C:\Windows\WinSxS\amd64_microsoft.windows.common-controls_6595b64144ccf1df_6.0.14393.953_none_42151e83c686086b\COMCTL32.dll
0x00007ff925d00000 - 0x00007ff925fc8000 	C:\Windows\System32\combase.dll
0x00007ff925270000 - 0x00007ff925365000 	C:\Windows\System32\ucrtbase.dll
0x00007ff9242e0000 - 0x00007ff92434a000 	C:\Windows\System32\bcryptPrimitives.dll
0x00007ff925c60000 - 0x00007ff925c8e000 	C:\Windows\System32\IMM32.DLL
0x0000000077da0000 - 0x0000000077e72000 	C:\Program Files\Java\jdk1.8.0_131\jre\bin\msvcr100.dll
0x0000000076380000 - 0x0000000076c1c000 	C:\Program Files\Java\jdk1.8.0_131\jre\bin\server\jvm.dll
0x00007ff925c90000 - 0x00007ff925c98000 	C:\Windows\System32\PSAPI.DLL
0x00007ff91f120000 - 0x00007ff91f129000 	C:\Windows\SYSTEM32\WSOCK32.dll
0x00007ff926390000 - 0x00007ff9263fa000 	C:\Windows\System32\WS2_32.dll
0x00007ff9221c0000 - 0x00007ff9221e3000 	C:\Windows\SYSTEM32\WINMM.dll
0x00007ff919bd0000 - 0x00007ff919bda000 	C:\Windows\SYSTEM32\VERSION.dll
0x00007ff922190000 - 0x00007ff9221bb000 	C:\Windows\SYSTEM32\WINMMBASE.dll
0x00007ff9243f0000 - 0x00007ff924432000 	C:\Windows\System32\cfgmgr32.dll
0x0000000077d90000 - 0x0000000077d9f000 	C:\Program Files\Java\jdk1.8.0_131\jre\bin\verify.dll
0x0000000077d60000 - 0x0000000077d89000 	C:\Program Files\Java\jdk1.8.0_131\jre\bin\java.dll
0x0000000077d40000 - 0x0000000077d56000 	C:\Program Files\Java\jdk1.8.0_131\jre\bin\zip.dll
0x00007ff9268d0000 - 0x00007ff927dd8000 	C:\Windows\System32\SHELL32.dll
0x00007ff924a80000 - 0x00007ff925158000 	C:\Windows\System32\windows.storage.dll
0x00007ff924280000 - 0x00007ff9242cc000 	C:\Windows\System32\powrprof.dll
0x00007ff925480000 - 0x00007ff9254d2000 	C:\Windows\System32\shlwapi.dll
0x00007ff924270000 - 0x00007ff92427f000 	C:\Windows\System32\kernel.appcore.dll
0x00007ff9251c0000 - 0x00007ff925269000 	C:\Windows\System32\shcore.dll
0x00007ff924250000 - 0x00007ff924264000 	C:\Windows\System32\profapi.dll
0x00007ff9222b0000 - 0x00007ff9222c0000 	C:\Program Files (x86)\JetBrains\IntelliJ IDEA 2016.3.4\bin\breakgen64.dll
0x0000000077d20000 - 0x0000000077d3a000 	C:\Program Files\Java\jdk1.8.0_131\jre\bin\net.dll
0x00007ff923b50000 - 0x00007ff923bac000 	C:\Windows\system32\mswsock.dll
0x0000000077d00000 - 0x0000000077d11000 	C:\Program Files\Java\jdk1.8.0_131\jre\bin\nio.dll

VM Arguments:
jvm_args: -Dmaven.multiModuleProjectDirectory=E:\work\gofobao\apllo -Dmaven.home=D:\JAVA_ENV\apache-maven-3.3.9 -Dclassworlds.conf=D:\JAVA_ENV\apache-maven-3.3.9\bin\m2.conf -Didea.launcher.port=7534 -Didea.launcher.bin.path=C:\Program Files (x86)\JetBrains\IntelliJ IDEA 2016.3.4\bin -Dfile.encoding=UTF-8 
java_command: com.intellij.rt.execution.application.AppMain org.codehaus.classworlds.Launcher -Didea.version=2016.3.4 -DskipTests=true package
java_class_path (initial): D:\JAVA_ENV\apache-maven-3.3.9\boot\plexus-classworlds-2.5.2.jar;C:\Program Files (x86)\JetBrains\IntelliJ IDEA 2016.3.4\lib\idea_rt.jar
Launcher Type: SUN_STANDARD

Environment Variables:
JAVA_HOME=C:\Program Files\Java\jdk1.8.0_111
PATH=C:\ProgramData\Oracle\Java\javapath;C:\Windows\system32;C:\Windows;C:\Windows\System32\Wbem;C:\Windows\System32\WindowsPowerShell\v1.0\;C:\Program Files\Java\jdk1.8.0_111\bin;C:\Program Files\Java\jdk1.8.0_111\jre\bin;D:\JAVA_ENV\apache-maven-3.3.9\bin;C:\Program Files\Redis\;C:\Program Files\Git\cmd;C:\Program Files (x86)\GtkSharp\2.12\bin;C:\Users\Max\AppData\Local\Microsoft\WindowsApps;;C:\Program Files (x86)\Microsoft VS Code\bin
USERNAME=Max
OS=Windows_NT
PROCESSOR_IDENTIFIER=Intel64 Family 6 Model 60 Stepping 3, GenuineIntel



---------------  S Y S T E M  ---------------

OS: Windows 10.0 , 64 bit Build 14393 (10.0.14393.1198)

CPU:total 4 (initial active 4) (4 cores per cpu, 1 threads per core) family 6 model 60 stepping 3, cmov, cx8, fxsr, mmx, sse, sse2, sse3, ssse3, sse4.1, sse4.2, popcnt, avx, avx2, aes, clmul, erms, lzcnt, tsc, tscinvbit, bmi1, bmi2

Memory: 4k page, physical 20869072k(1469492k free), swap 33976396k(5640k free)

vm_info: Java HotSpot(TM) 64-Bit Server VM (25.131-b11) for windows-amd64 JRE (1.8.0_131-b11), built on Mar 15 2017 01:23:53 by "java_re" with MS VC++ 10.0 (VS2010)

time: Sun Nov 26 18:20:27 2017
elapsed time: 62 seconds (0d 0h 1m 2s)

